using card '/dev/dri/card1'
mode for connector 89 is 1280x720
modeset_draw(fd:3)
modeset_draw_dev fd:3 dev:0xaaaae2849450
"首次wait vblank
  drmWaitVBlank success. wait event...
#>>> modeset_draw before select(fd) cur:1626146982466227...
"马上收到vblank
  after select time :1626146982466263 ret:1
modeset_vblank_event fd:3 sequence:28296 tv_sec:74898 tv_usec:934841 user_data:0xaaaae2849450
  front_buf:1 use_vblank_rather_than_page_flip:0
#>>> modeset_draw before select(fd) cur:1626146982466320...
"11ms后收到page flip
  after select time :1626146982477349 ret:1
modeset_page_flip_event
modeset_draw_dev fd:3 dev:0xaaaae2849450
  drmWaitVBlank success. wait event...
"6ms后完成绘制(并等待新的vblank)
#>>> modeset_draw before select(fd) cur:1626146982483050...
  after select time :1626146982483099 ret:1
"依然马上收到vblank
modeset_vblank_event fd:3 sequence:28297 tv_sec:74898 tv_usec:951510 user_data:0xaaaae2849450
  front_buf:0 use_vblank_rather_than_page_flip:0
#>>> modeset_draw before select(fd) cur:1626146982483168...
  after select time :1626146982494029 ret:1
modeset_page_flip_event
modeset_draw_dev fd:3 dev:0xaaaae2849450
  drmWaitVBlank success. wait event...
#>>> modeset_draw before select(fd) cur:1626146982500084...
  after select time :1626146982500130 ret:1
modeset_vblank_event fd:3 sequence:28298 tv_sec:74898 tv_usec:968178 user_data:0xaaaae2849450
  front_buf:1 use_vblank_rather_than_page_flip:0
#>>> modeset_draw before select(fd) cur:1626146982500225...
  after select time :1626146982510696 ret:1
modeset_page_flip_event
modeset_draw_dev fd:3 dev:0xaaaae2849450
  drmWaitVBlank success. wait event...
#>>> modeset_draw before select(fd) cur:1626146982516844...
  after select time :1626146982516890 ret:1
modeset_vblank_event fd:3 sequence:28299 tv_sec:74898 tv_usec:984845 user_data:0xaaaae2849450
  front_buf:0 use_vblank_rather_than_page_flip:0
#>>> modeset_draw before select(fd) cur:1626146982516956...
  after select time :1626146982527359 ret:1
modeset_page_flip_event
modeset_draw_dev fd:3 dev:0xaaaae2849450
  drmWaitVBlank success. wait event...
#>>> modeset_draw before select(fd) cur:1626146982533371...
  after select time :1626146982533415 ret:1
modeset_vblank_event fd:3 sequence:28300 tv_sec:74899 tv_usec:1510 user_data:0xaaaae2849450
  front_buf:1 use_vblank_rather_than_page_flip:0
#>>> modeset_draw before select(fd) cur:1626146982533481...
  after select time :1626146982544012 ret:1
modeset_page_flip_event
modeset_draw_dev fd:3 dev:0xaaaae2849450
  drmWaitVBlank success. wait event...
#>>> modeset_draw before select(fd) cur:1626146982549555...
  after select time :1626146982549588 ret:1
modeset_vblank_event fd:3 sequence:28301 tv_sec:74899 tv_usec:18175 user_data:0xaaaae2849450
  front_buf:0 use_vblank_rather_than_page_flip:0
#>>> modeset_draw before select(fd) cur:1626146982549636...
  after select time :1626146982560691 ret:1
modeset_page_flip_event
modeset_draw_dev fd:3 dev:0xaaaae2849450
  drmWaitVBlank success. wait event...
#>>> modeset_draw before select(fd) cur:1626146982567835...
  after select time :1626146982567899 ret:1
modeset_vblank_event fd:3 sequence:28302 tv_sec:74899 tv_usec:34842 user_data:0xaaaae2849450
  front_buf:1 use_vblank_rather_than_page_flip:0
#>>> modeset_draw before select(fd) cur:1626146982567987...
  after select time :1626146982577342 ret:1
modeset_page_flip_event
modeset_draw_dev fd:3 dev:0xaaaae2849450
  drmWaitVBlank success. wait event...
#>>> modeset_draw before select(fd) cur:1626146982582828...
  after select time :1626146982582859 ret:1
modeset_vblank_event fd:3 sequence:28303 tv_sec:74899 tv_usec:51506 user_data:0xaaaae2849450
  front_buf:0 use_vblank_rather_than_page_flip:0
#>>> modeset_draw before select(fd) cur:1626146982582903...
  after select time :1626146982594023 ret:1
modeset_page_flip_event
modeset_draw_dev fd:3 dev:0xaaaae2849450
  drmWaitVBlank success. wait event...
#>>> modeset_draw before select(fd) cur:1626146982601111...
  after select time :1626146982601171 ret:1
modeset_vblank_event fd:3 sequence:28304 tv_sec:74899 tv_usec:68175 user_data:0xaaaae2849450
  front_buf:1 use_vblank_rather_than_page_flip:0
#>>> modeset_draw before select(fd) cur:1626146982601259...
  after select time :1626146982610703 ret:1
modeset_page_flip_event
modeset_draw_dev fd:3 dev:0xaaaae2849450
  drmWaitVBlank success. wait event...
#>>> modeset_draw before select(fd) cur:1626146982617394...
  after select time :1626146982617441 ret:1
modeset_vblank_event fd:3 sequence:28305 tv_sec:74899 tv_usec:84844 user_data:0xaaaae2849450
  front_buf:0 use_vblank_rather_than_page_flip:0
#>>> modeset_draw before select(fd) cur:1626146982617507...
  after select time :1626146982627354 ret:1
modeset_page_flip_event
modeset_draw_dev fd:3 dev:0xaaaae2849450
  drmWaitVBlank success. wait event...
#>>> modeset_draw before select(fd) cur:1626146982633372...
  after select time :1626146982633417 ret:1
modeset_vblank_event fd:3 sequence:28306 tv_sec:74899 tv_usec:101507 user_data:0xaaaae2849450
  front_buf:1 use_vblank_rather_than_page_flip:0
#>>> modeset_draw before select(fd) cur:1626146982633485...
  after select time :1626146982644010 ret:1
modeset_page_flip_event
modeset_draw_dev fd:3 dev:0xaaaae2849450
  drmWaitVBlank success. wait event...
#>>> modeset_draw before select(fd) cur:1626146982649492...
  after select time :1626146982649525 ret:1
modeset_vblank_event fd:3 sequence:28307 tv_sec:74899 tv_usec:118173 user_data:0xaaaae2849450
  front_buf:0 use_vblank_rather_than_page_flip:0
#>>> modeset_draw before select(fd) cur:1626146982649572...
  after select time :1626146982660689 ret:1
modeset_page_flip_event
modeset_draw_dev fd:3 dev:0xaaaae2849450
  drmWaitVBlank success. wait event...
#>>> modeset_draw before select(fd) cur:1626146982667900...
  after select time :1626146982667960 ret:1
modeset_vblank_event fd:3 sequence:28308 tv_sec:74899 tv_usec:134840 user_data:0xaaaae2849450
  front_buf:1 use_vblank_rather_than_page_flip:0
#>>> modeset_draw before select(fd) cur:1626146982668048...
  after select time :1626146982677370 ret:1
modeset_page_flip_event
modeset_draw_dev fd:3 dev:0xaaaae2849450
  drmWaitVBlank success. wait event...
#>>> modeset_draw before select(fd) cur:1626146982684659...
  after select time :1626146982684705 ret:1
modeset_vblank_event fd:3 sequence:28309 tv_sec:74899 tv_usec:151511 user_data:0xaaaae2849450
  front_buf:0 use_vblank_rather_than_page_flip:0
#>>> modeset_draw before select(fd) cur:1626146982684770...
  after select time :1626146982694009 ret:1
modeset_page_flip_event
modeset_draw_dev fd:3 dev:0xaaaae2849450
  drmWaitVBlank success. wait event...
#>>> modeset_draw before select(fd) cur:1626146982699431...
  after select time :1626146982699462 ret:1
modeset_vblank_event fd:3 sequence:28310 tv_sec:74899 tv_usec:168172 user_data:0xaaaae2849450
  front_buf:1 use_vblank_rather_than_page_flip:0
#>>> modeset_draw before select(fd) cur:1626146982699505...
  after select time :1626146982710688 ret:1
modeset_page_flip_event
modeset_draw_dev fd:3 dev:0xaaaae2849450
  drmWaitVBlank success. wait event...
#>>> modeset_draw before select(fd) cur:1626146982716939...
  after select time :1626146982716984 ret:1
modeset_vblank_event fd:3 sequence:28311 tv_sec:74899 tv_usec:184841 user_data:0xaaaae2849450
  front_buf:0 use_vblank_rather_than_page_flip:0
#>>> modeset_draw before select(fd) cur:1626146982717050...
  after select time :1626146982727356 ret:1
modeset_page_flip_event
modeset_draw_dev fd:3 dev:0xaaaae2849450
  drmWaitVBlank success. wait event...
#>>> modeset_draw before select(fd) cur:1626146982733390...
  after select time :1626146982733434 ret:1
modeset_vblank_event fd:3 sequence:28312 tv_sec:74899 tv_usec:201508 user_data:0xaaaae2849450
  front_buf:1 use_vblank_rather_than_page_flip:0
#>>> modeset_draw before select(fd) cur:1626146982733500...
  after select time :1626146982744022 ret:1
modeset_page_flip_event
modeset_draw_dev fd:3 dev:0xaaaae2849450
  drmWaitVBlank success. wait event...
#>>> modeset_draw before select(fd) cur:1626146982750175...
  after select time :1626146982750220 ret:1
modeset_vblank_event fd:3 sequence:28313 tv_sec:74899 tv_usec:218174 user_data:0xaaaae2849450
  front_buf:0 use_vblank_rather_than_page_flip:0
#>>> modeset_draw before select(fd) cur:1626146982750285...
  after select time :1626146982760675 ret:1
modeset_page_flip_event
modeset_draw_dev fd:3 dev:0xaaaae2849450
  drmWaitVBlank success. wait event...
#>>> modeset_draw before select(fd) cur:1626146982766164...
  after select time :1626146982766193 ret:1
modeset_vblank_event fd:3 sequence:28314 tv_sec:74899 tv_usec:234838 user_data:0xaaaae2849450
  front_buf:1 use_vblank_rather_than_page_flip:0
#>>> modeset_draw before select(fd) cur:1626146982766237...
  after select time :1626146982777355 ret:1
modeset_page_flip_event
modeset_draw_dev fd:3 dev:0xaaaae2849450
  drmWaitVBlank success. wait event...
#>>> modeset_draw before select(fd) cur:1626146982784608...
  after select time :1626146982784668 ret:1
modeset_vblank_event fd:3 sequence:28315 tv_sec:74899 tv_usec:251506 user_data:0xaaaae2849450
  front_buf:0 use_vblank_rather_than_page_flip:0
#>>> modeset_draw before select(fd) cur:1626146982784755...
  after select time :1626146982794034 ret:1
modeset_page_flip_event
modeset_draw_dev fd:3 dev:0xaaaae2849450
  drmWaitVBlank success. wait event...
#>>> modeset_draw before select(fd) cur:1626146982800694...
  after select time :1626146982800738 ret:1
modeset_vblank_event fd:3 sequence:28316 tv_sec:74899 tv_usec:268175 user_data:0xaaaae2849450
  front_buf:1 use_vblank_rather_than_page_flip:0
#>>> modeset_draw before select(fd) cur:1626146982800804...
  after select time :1626146982810675 ret:1
modeset_page_flip_event
modeset_draw_dev fd:3 dev:0xaaaae2849450
  drmWaitVBlank success. wait event...
#>>> modeset_draw before select(fd) cur:1626146982816090...
  after select time :1626146982816119 ret:1
modeset_vblank_event fd:3 sequence:28317 tv_sec:74899 tv_usec:284838 user_data:0xaaaae2849450
  front_buf:0 use_vblank_rather_than_page_flip:0
#>>> modeset_draw before select(fd) cur:1626146982816162...
  after select time :1626146982827354 ret:1
modeset_page_flip_event
modeset_draw_dev fd:3 dev:0xaaaae2849450
  drmWaitVBlank success. wait event...
#>>> modeset_draw before select(fd) cur:1626146982833504...
  after select time :1626146982833547 ret:1
modeset_vblank_event fd:3 sequence:28318 tv_sec:74899 tv_usec:301507 user_data:0xaaaae2849450
  front_buf:1 use_vblank_rather_than_page_flip:0
#>>> modeset_draw before select(fd) cur:1626146982833615...
  after select time :1626146982844009 ret:1
modeset_page_flip_event
modeset_draw_dev fd:3 dev:0xaaaae2849450
  drmWaitVBlank success. wait event...
#>>> modeset_draw before select(fd) cur:1626146982850913...
  after select time :1626146982850971 ret:1
modeset_vblank_event fd:3 sequence:28319 tv_sec:74899 tv_usec:318171 user_data:0xaaaae2849450
  front_buf:0 use_vblank_rather_than_page_flip:0
#>>> modeset_draw before select(fd) cur:1626146982851058...
  after select time :1626146982860674 ret:1
modeset_page_flip_event
modeset_draw_dev fd:3 dev:0xaaaae2849450
  drmWaitVBlank success. wait event...
#>>> modeset_draw before select(fd) cur:1626146982866157...
  after select time :1626146982866186 ret:1
modeset_vblank_event fd:3 sequence:28320 tv_sec:74899 tv_usec:334837 user_data:0xaaaae2849450
  front_buf:1 use_vblank_rather_than_page_flip:0
#>>> modeset_draw before select(fd) cur:1626146982866229...
  after select time :1626146982877355 ret:1
modeset_page_flip_event
modeset_draw_dev fd:3 dev:0xaaaae2849450
  drmWaitVBlank success. wait event...
#>>> modeset_draw before select(fd) cur:1626146982885768...
  after select time :1626146982885866 ret:1
modeset_vblank_event fd:3 sequence:28321 tv_sec:74899 tv_usec:351506 user_data:0xaaaae2849450
  front_buf:0 use_vblank_rather_than_page_flip:0
#>>> modeset_draw before select(fd) cur:1626146982885980...
  after select time :1626146982894051 ret:1
modeset_page_flip_event
modeset_draw_dev fd:3 dev:0xaaaae2849450
  drmWaitVBlank success. wait event...
#>>> modeset_draw before select(fd) cur:1626146982899693...
  after select time :1626146982899723 ret:1
modeset_vblank_event fd:3 sequence:28322 tv_sec:74899 tv_usec:368180 user_data:0xaaaae2849450
  front_buf:1 use_vblank_rather_than_page_flip:0
#>>> modeset_draw before select(fd) cur:1626146982899766...
  after select time :1626146982910686 ret:1
modeset_page_flip_event
modeset_draw_dev fd:3 dev:0xaaaae2849450
  drmWaitVBlank success. wait event...
#>>> modeset_draw before select(fd) cur:1626146982916849...
  after select time :1626146982916894 ret:1
modeset_vblank_event fd:3 sequence:28323 tv_sec:74899 tv_usec:384838 user_data:0xaaaae2849450
  front_buf:0 use_vblank_rather_than_page_flip:0
#>>> modeset_draw before select(fd) cur:1626146982916958...
  after select time :1626146982927355 ret:1
modeset_page_flip_event
modeset_draw_dev fd:3 dev:0xaaaae2849450
  drmWaitVBlank success. wait event...
#>>> modeset_draw before select(fd) cur:1626146982933388...
  after select time :1626146982933431 ret:1
modeset_vblank_event fd:3 sequence:28324 tv_sec:74899 tv_usec:401506 user_data:0xaaaae2849450
  front_buf:1 use_vblank_rather_than_page_flip:0
#>>> modeset_draw before select(fd) cur:1626146982933495...
  after select time :1626146982944021 ret:1
modeset_page_flip_event
modeset_draw_dev fd:3 dev:0xaaaae2849450
  drmWaitVBlank success. wait event...
#>>> modeset_draw before select(fd) cur:1626146982950161...
  after select time :1626146982950205 ret:1
modeset_vblank_event fd:3 sequence:28325 tv_sec:74899 tv_usec:418172 user_data:0xaaaae2849450
  front_buf:0 use_vblank_rather_than_page_flip:0
#>>> modeset_draw before select(fd) cur:1626146982950269...
  after select time :1626146982960672 ret:1
modeset_page_flip_event
modeset_draw_dev fd:3 dev:0xaaaae2849450
  drmWaitVBlank success. wait event...
#>>> modeset_draw before select(fd) cur:1626146982966141...
  after select time :1626146982966171 ret:1
modeset_vblank_event fd:3 sequence:28326 tv_sec:74899 tv_usec:434835 user_data:0xaaaae2849450
  front_buf:1 use_vblank_rather_than_page_flip:0
#>>> modeset_draw before select(fd) cur:1626146982966215...
  after select time :1626146982977354 ret:1
modeset_page_flip_event
modeset_draw_dev fd:3 dev:0xaaaae2849450
  drmWaitVBlank success. wait event...
#>>> modeset_draw before select(fd) cur:1626146982985811...
  after select time :1626146982985910 ret:1
modeset_vblank_event fd:3 sequence:28327 tv_sec:74899 tv_usec:451504 user_data:0xaaaae2849450
  front_buf:0 use_vblank_rather_than_page_flip:0
#>>> modeset_draw before select(fd) cur:1626146982986018...
  after select time :1626146982994005 ret:1
modeset_page_flip_event
modeset_draw_dev fd:3 dev:0xaaaae2849450
  drmWaitVBlank success. wait event...
#>>> modeset_draw before select(fd) cur:1626146982999519...
  after select time :1626146982999552 ret:1
modeset_vblank_event fd:3 sequence:28328 tv_sec:74899 tv_usec:468168 user_data:0xaaaae2849450
  front_buf:1 use_vblank_rather_than_page_flip:0
#>>> modeset_draw before select(fd) cur:1626146982999598...
  after select time :1626146983010687 ret:1
modeset_page_flip_event
modeset_draw_dev fd:3 dev:0xaaaae2849450
  drmWaitVBlank success. wait event...
#>>> modeset_draw before select(fd) cur:1626146983017896...
  after select time :1626146983017956 ret:1
modeset_vblank_event fd:3 sequence:28329 tv_sec:74899 tv_usec:484837 user_data:0xaaaae2849450
  front_buf:0 use_vblank_rather_than_page_flip:0
#>>> modeset_draw before select(fd) cur:1626146983018043...
  after select time :1626146983027338 ret:1
modeset_page_flip_event
modeset_draw_dev fd:3 dev:0xaaaae2849450
  drmWaitVBlank success. wait event...
#>>> modeset_draw before select(fd) cur:1626146983032814...
  after select time :1626146983032847 ret:1
modeset_vblank_event fd:3 sequence:28330 tv_sec:74899 tv_usec:501502 user_data:0xaaaae2849450
  front_buf:1 use_vblank_rather_than_page_flip:0
#>>> modeset_draw before select(fd) cur:1626146983032891...
  after select time :1626146983044021 ret:1
modeset_page_flip_event
modeset_draw_dev fd:3 dev:0xaaaae2849450
  drmWaitVBlank success. wait event...
#>>> modeset_draw before select(fd) cur:1626146983051230...
  after select time :1626146983051289 ret:1
modeset_vblank_event fd:3 sequence:28331 tv_sec:74899 tv_usec:518170 user_data:0xaaaae2849450
  front_buf:0 use_vblank_rather_than_page_flip:0
#>>> modeset_draw before select(fd) cur:1626146983051376...
  after select time :1626146983060671 ret:1
modeset_page_flip_event
modeset_draw_dev fd:3 dev:0xaaaae2849450
  drmWaitVBlank success. wait event...
#>>> modeset_draw before select(fd) cur:1626146983066113...
  after select time :1626146983066143 ret:1
modeset_vblank_event fd:3 sequence:28332 tv_sec:74899 tv_usec:534834 user_data:0xaaaae2849450
  front_buf:1 use_vblank_rather_than_page_flip:0
#>>> modeset_draw before select(fd) cur:1626146983066189...
  after select time :1626146983077338 ret:1
modeset_page_flip_event
modeset_draw_dev fd:3 dev:0xaaaae2849450
  drmWaitVBlank success. wait event...
#>>> modeset_draw before select(fd) cur:1626146983085500...
  after select time :1626146983085573 ret:1
modeset_vblank_event fd:3 sequence:28333 tv_sec:74899 tv_usec:551501 user_data:0xaaaae2849450
  front_buf:0 use_vblank_rather_than_page_flip:0
#>>> modeset_draw before select(fd) cur:1626146983085680...
  after select time :1626146983094048 ret:1
modeset_page_flip_event
modeset_draw_dev fd:3 dev:0xaaaae2849450
  drmWaitVBlank success. wait event...
#>>> modeset_draw before select(fd) cur:1626146983101451...
  after select time :1626146983101496 ret:1
modeset_vblank_event fd:3 sequence:28334 tv_sec:74899 tv_usec:568177 user_data:0xaaaae2849450
  front_buf:1 use_vblank_rather_than_page_flip:0
#>>> modeset_draw before select(fd) cur:1626146983101561...
  after select time :1626146983110671 ret:1
modeset_page_flip_event
modeset_draw_dev fd:3 dev:0xaaaae2849450
  drmWaitVBlank success. wait event...
#>>> modeset_draw before select(fd) cur:1626146983116132...
  after select time :1626146983116160 ret:1
modeset_vblank_event fd:3 sequence:28335 tv_sec:74899 tv_usec:584834 user_data:0xaaaae2849450
  front_buf:0 use_vblank_rather_than_page_flip:0
#>>> modeset_draw before select(fd) cur:1626146983116206...
  after select time :1626146983127353 ret:1
modeset_page_flip_event
modeset_draw_dev fd:3 dev:0xaaaae2849450
  drmWaitVBlank success. wait event...
#>>> modeset_draw before select(fd) cur:1626146983134424...
  after select time :1626146983134484 ret:1
modeset_vblank_event fd:3 sequence:28336 tv_sec:74899 tv_usec:601503 user_data:0xaaaae2849450
  front_buf:1 use_vblank_rather_than_page_flip:0
#>>> modeset_draw before select(fd) cur:1626146983134570...
  after select time :1626146983144033 ret:1
modeset_page_flip_event
modeset_draw_dev fd:3 dev:0xaaaae2849450
  drmWaitVBlank success. wait event...
#>>> modeset_draw before select(fd) cur:1626146983150732...
  after select time :1626146983150777 ret:1
modeset_vblank_event fd:3 sequence:28337 tv_sec:74899 tv_usec:618173 user_data:0xaaaae2849450
  front_buf:0 use_vblank_rather_than_page_flip:0
#>>> modeset_draw before select(fd) cur:1626146983150841...
  after select time :1626146983160684 ret:1
modeset_page_flip_event
modeset_draw_dev fd:3 dev:0xaaaae2849450
  drmWaitVBlank success. wait event...
#>>> modeset_draw before select(fd) cur:1626146983166756...
  after select time :1626146983166800 ret:1
modeset_vblank_event fd:3 sequence:28338 tv_sec:74899 tv_usec:634836 user_data:0xaaaae2849450
  front_buf:1 use_vblank_rather_than_page_flip:0
#>>> modeset_draw before select(fd) cur:1626146983166864...
  after select time :1626146983177350 ret:1
modeset_page_flip_event
modeset_draw_dev fd:3 dev:0xaaaae2849450
  drmWaitVBlank success. wait event...
#>>> modeset_draw before select(fd) cur:1626146983183548...
  after select time :1626146983183591 ret:1
modeset_vblank_event fd:3 sequence:28339 tv_sec:74899 tv_usec:651502 user_data:0xaaaae2849450
  front_buf:0 use_vblank_rather_than_page_flip:0
#>>> modeset_draw before select(fd) cur:1626146983183659...
  after select time :1626146983194005 ret:1
modeset_page_flip_event
modeset_draw_dev fd:3 dev:0xaaaae2849450
  drmWaitVBlank success. wait event...
#>>> modeset_draw before select(fd) cur:1626146983200822...
  after select time :1626146983200881 ret:1
modeset_vblank_event fd:3 sequence:28340 tv_sec:74899 tv_usec:668167 user_data:0xaaaae2849450
  front_buf:1 use_vblank_rather_than_page_flip:0
#>>> modeset_draw before select(fd) cur:1626146983200966...
  after select time :1626146983210669 ret:1
modeset_page_flip_event
modeset_draw_dev fd:3 dev:0xaaaae2849450
  drmWaitVBlank success. wait event...
#>>> modeset_draw before select(fd) cur:1626146983216147...
  after select time :1626146983216176 ret:1
modeset_vblank_event fd:3 sequence:28341 tv_sec:74899 tv_usec:684832 user_data:0xaaaae2849450
  front_buf:0 use_vblank_rather_than_page_flip:0
#>>> modeset_draw before select(fd) cur:1626146983216229...
  after select time :1626146983227350 ret:1
modeset_page_flip_event
modeset_draw_dev fd:3 dev:0xaaaae2849450
  drmWaitVBlank success. wait event...
#>>> modeset_draw before select(fd) cur:1626146983235630...
  after select time :1626146983235704 ret:1
modeset_vblank_event fd:3 sequence:28342 tv_sec:74899 tv_usec:701501 user_data:0xaaaae2849450
  front_buf:1 use_vblank_rather_than_page_flip:0
#>>> modeset_draw before select(fd) cur:1626146983235813...
  after select time :1626146983244040 ret:1
modeset_page_flip_event
modeset_draw_dev fd:3 dev:0xaaaae2849450
  drmWaitVBlank success. wait event...
#>>> modeset_draw before select(fd) cur:1626146983249512...
  after select time :1626146983249543 ret:1
modeset_vblank_event fd:3 sequence:28343 tv_sec:74899 tv_usec:718203 user_data:0xaaaae2849450
  front_buf:0 use_vblank_rather_than_page_flip:0
#>>> modeset_draw before select(fd) cur:1626146983249591...
  after select time :1626146983260670 ret:1
modeset_page_flip_event
modeset_draw_dev fd:3 dev:0xaaaae2849450
  drmWaitVBlank success. wait event...
#>>> modeset_draw before select(fd) cur:1626146983268689...
  after select time :1626146983268763 ret:1
modeset_vblank_event fd:3 sequence:28344 tv_sec:74899 tv_usec:734832 user_data:0xaaaae2849450
  front_buf:1 use_vblank_rather_than_page_flip:0
#>>> modeset_draw before select(fd) cur:1626146983268870...
  after select time :1626146983277334 ret:1
modeset_page_flip_event
modeset_draw_dev fd:3 dev:0xaaaae2849450
  drmWaitVBlank success. wait event...
#>>> modeset_draw before select(fd) cur:1626146983282805...
  after select time :1626146983282834 ret:1
modeset_vblank_event fd:3 sequence:28345 tv_sec:74899 tv_usec:751497 user_data:0xaaaae2849450
  front_buf:0 use_vblank_rather_than_page_flip:0
#>>> modeset_draw before select(fd) cur:1626146983282877...
  after select time :1626146983294018 ret:1
modeset_page_flip_event
modeset_draw_dev fd:3 dev:0xaaaae2849450
  drmWaitVBlank success. wait event...
#>>> modeset_draw before select(fd) cur:1626146983300666...
  after select time :1626146983300725 ret:1
modeset_vblank_event fd:3 sequence:28346 tv_sec:74899 tv_usec:768168 user_data:0xaaaae2849450
  front_buf:1 use_vblank_rather_than_page_flip:0
#>>> modeset_draw before select(fd) cur:1626146983300810...
  after select time :1626146983310698 ret:1
modeset_page_flip_event
modeset_draw_dev fd:3 dev:0xaaaae2849450
  drmWaitVBlank success. wait event...
#>>> modeset_draw before select(fd) cur:1626146983317415...
  after select time :1626146983317460 ret:1
modeset_vblank_event fd:3 sequence:28347 tv_sec:74899 tv_usec:784837 user_data:0xaaaae2849450
  front_buf:0 use_vblank_rather_than_page_flip:0
#>>> modeset_draw before select(fd) cur:1626146983317527...
  after select time :1626146983327349 ret:1
modeset_page_flip_event
modeset_draw_dev fd:3 dev:0xaaaae2849450
  drmWaitVBlank success. wait event...
#>>> modeset_draw before select(fd) cur:1626146983333365...
  after select time :1626146983333409 ret:1
modeset_vblank_event fd:3 sequence:28348 tv_sec:74899 tv_usec:801500 user_data:0xaaaae2849450
  front_buf:1 use_vblank_rather_than_page_flip:0
#>>> modeset_draw before select(fd) cur:1626146983333474...
  after select time :1626146983344015 ret:1
modeset_page_flip_event
modeset_draw_dev fd:3 dev:0xaaaae2849450
  drmWaitVBlank success. wait event...
#>>> modeset_draw before select(fd) cur:1626146983350147...
  after select time :1626146983350191 ret:1
modeset_vblank_event fd:3 sequence:28349 tv_sec:74899 tv_usec:818167 user_data:0xaaaae2849450
  front_buf:0 use_vblank_rather_than_page_flip:0
#>>> modeset_draw before select(fd) cur:1626146983350262...
  after select time :1626146983360682 ret:1
modeset_page_flip_event
modeset_draw_dev fd:3 dev:0xaaaae2849450
  drmWaitVBlank success. wait event...
#>>> modeset_draw before select(fd) cur:1626146983366773...
  after select time :1626146983366817 ret:1
modeset_vblank_event fd:3 sequence:28350 tv_sec:74899 tv_usec:834833 user_data:0xaaaae2849450
  front_buf:1 use_vblank_rather_than_page_flip:0
#>>> modeset_draw before select(fd) cur:1626146983366881...
  after select time :1626146983377349 ret:1
modeset_page_flip_event
modeset_draw_dev fd:3 dev:0xaaaae2849450
  drmWaitVBlank success. wait event...
#>>> modeset_draw before select(fd) cur:1626146983383485...
  after select time :1626146983383529 ret:1
modeset_vblank_event fd:3 sequence:28351 tv_sec:74899 tv_usec:851500 user_data:0xaaaae2849450
  front_buf:0 use_vblank_rather_than_page_flip:0
#>>> modeset_draw before select(fd) cur:1626146983383593...
  after select time :1626146983394001 ret:1
modeset_page_flip_event
modeset_draw_dev fd:3 dev:0xaaaae2849450
  drmWaitVBlank success. wait event...
#>>> modeset_draw before select(fd) cur:1626146983399490...
  after select time :1626146983399519 ret:1
modeset_vblank_event fd:3 sequence:28352 tv_sec:74899 tv_usec:868164 user_data:0xaaaae2849450
  front_buf:1 use_vblank_rather_than_page_flip:0
#>>> modeset_draw before select(fd) cur:1626146983399562...
  after select time :1626146983410682 ret:1
modeset_page_flip_event
modeset_draw_dev fd:3 dev:0xaaaae2849450
  drmWaitVBlank success. wait event...
#>>> modeset_draw before select(fd) cur:1626146983417853...
  after select time :1626146983417913 ret:1
modeset_vblank_event fd:3 sequence:28353 tv_sec:74899 tv_usec:884833 user_data:0xaaaae2849450
  front_buf:0 use_vblank_rather_than_page_flip:0
#>>> modeset_draw before select(fd) cur:1626146983418003...
  after select time :1626146983427333 ret:1
modeset_page_flip_event
modeset_draw_dev fd:3 dev:0xaaaae2849450
  drmWaitVBlank success. wait event...
#>>> modeset_draw before select(fd) cur:1626146983432793...
  after select time :1626146983432826 ret:1
modeset_vblank_event fd:3 sequence:28354 tv_sec:74899 tv_usec:901496 user_data:0xaaaae2849450
  front_buf:1 use_vblank_rather_than_page_flip:0
#>>> modeset_draw before select(fd) cur:1626146983432871...
  after select time :1626146983444014 ret:1
modeset_page_flip_event
modeset_draw_dev fd:3 dev:0xaaaae2849450
  drmWaitVBlank success. wait event...
#>>> modeset_draw before select(fd) cur:1626146983451273...
  after select time :1626146983451331 ret:1
modeset_vblank_event fd:3 sequence:28355 tv_sec:74899 tv_usec:918165 user_data:0xaaaae2849450
  front_buf:0 use_vblank_rather_than_page_flip:0
#>>> modeset_draw before select(fd) cur:1626146983451418...
  after select time :1626146983460666 ret:1
modeset_page_flip_event
modeset_draw_dev fd:3 dev:0xaaaae2849450
  drmWaitVBlank success. wait event...
#>>> modeset_draw before select(fd) cur:1626146983466145...
  after select time :1626146983466174 ret:1
modeset_vblank_event fd:3 sequence:28356 tv_sec:74899 tv_usec:934829 user_data:0xaaaae2849450
  front_buf:1 use_vblank_rather_than_page_flip:0
#>>> modeset_draw before select(fd) cur:1626146983466217...
  after select time :1626146983477348 ret:1
modeset_page_flip_event
modeset_draw_dev fd:3 dev:0xaaaae2849450
  drmWaitVBlank success. wait event...
#>>> modeset_draw before select(fd) cur:1626146983484608...
  after select time :1626146983484668 ret:1
modeset_vblank_event fd:3 sequence:28357 tv_sec:74899 tv_usec:951499 user_data:0xaaaae2849450
  front_buf:0 use_vblank_rather_than_page_flip:0
#>>> modeset_draw before select(fd) cur:1626146983484754...
  after select time :1626146983494000 ret:1
modeset_page_flip_event
modeset_draw_dev fd:3 dev:0xaaaae2849450
  drmWaitVBlank success. wait event...
#>>> modeset_draw before select(fd) cur:1626146983499425...
  after select time :1626146983499474 ret:1
modeset_vblank_event fd:3 sequence:28358 tv_sec:74899 tv_usec:968163 user_data:0xaaaae2849450
  front_buf:1 use_vblank_rather_than_page_flip:0
#>>> modeset_draw before select(fd) cur:1626146983499520...
  after select time :1626146983510666 ret:1
modeset_page_flip_event
modeset_draw_dev fd:3 dev:0xaaaae2849450
  drmWaitVBlank success. wait event...
#>>> modeset_draw before select(fd) cur:1626146983517564...
  after select time :1626146983517623 ret:1
modeset_vblank_event fd:3 sequence:28359 tv_sec:74899 tv_usec:984829 user_data:0xaaaae2849450
  front_buf:0 use_vblank_rather_than_page_flip:0
#>>> modeset_draw before select(fd) cur:1626146983517709...
  after select time :1626146983527333 ret:1
modeset_page_flip_event
modeset_draw_dev fd:3 dev:0xaaaae2849450

