modeset_draw(fd:3)
modeset_draw_dev fd:3 dev:0x559c805f1520
  before drmWaitVBlank:1626162136720618...
  after drmWaitVBlank:1626162136720630...
#>>> modeset_draw before select(fd) cur:1626162136720717...
  after select time :1626162136729344 ret:1
modeset_page_flip_event
modeset_draw_dev fd:3 dev:0x559c805f1520
  before drmWaitVBlank:1626162136748501...
  after drmWaitVBlank:1626162136748504...
#>>> modeset_draw before select(fd) cur:1626162136748589...
  after select time :1626162136762562 ret:1
modeset_page_flip_event
modeset_draw_dev fd:3 dev:0x559c805f1520
  before drmWaitVBlank:1626162136781568...
  after drmWaitVBlank:1626162136781572...
#>>> modeset_draw before select(fd) cur:1626162136781657...
  after select time :1626162136795967 ret:1
modeset_page_flip_event
modeset_draw_dev fd:3 dev:0x559c805f1520
  before drmWaitVBlank:1626162136815586...
  after drmWaitVBlank:1626162136815591...
#>>> modeset_draw before select(fd) cur:1626162136815668...
  after select time :1626162136829286 ret:1
modeset_page_flip_event
modeset_draw_dev fd:3 dev:0x559c805f1520
  before drmWaitVBlank:1626162136848215...
  after drmWaitVBlank:1626162136848219...
#>>> modeset_draw before select(fd) cur:1626162136848305...
  after select time :1626162136862417 ret:1
modeset_page_flip_event
modeset_draw_dev fd:3 dev:0x559c805f1520
  before drmWaitVBlank:1626162136881583...
  after drmWaitVBlank:1626162136881587...
#>>> modeset_draw before select(fd) cur:1626162136881687...
  after select time :1626162136896027 ret:1
modeset_page_flip_event
modeset_draw_dev fd:3 dev:0x559c805f1520
  before drmWaitVBlank:1626162136915566...
  after drmWaitVBlank:1626162136915570...
#>>> modeset_draw before select(fd) cur:1626162136915652...
  after select time :1626162136929310 ret:1
modeset_page_flip_event
modeset_draw_dev fd:3 dev:0x559c805f1520
  before drmWaitVBlank:1626162136948158...
  after drmWaitVBlank:1626162136948161...
#>>> modeset_draw before select(fd) cur:1626162136948247...
  after select time :1626162136962635 ret:1
modeset_page_flip_event
modeset_draw_dev fd:3 dev:0x559c805f1520
  before drmWaitVBlank:1626162136981520...
  after drmWaitVBlank:1626162136981524...
#>>> modeset_draw before select(fd) cur:1626162136981609...
  after select time :1626162136996044 ret:1
modeset_page_flip_event
modeset_draw_dev fd:3 dev:0x559c805f1520
  before drmWaitVBlank:1626162137015436...
  after drmWaitVBlank:1626162137015440...
#>>> modeset_draw before select(fd) cur:1626162137015524...
  after select time :1626162137029360 ret:1
modeset_page_flip_event
modeset_draw_dev fd:3 dev:0x559c805f1520
  before drmWaitVBlank:1626162137048253...
  after drmWaitVBlank:1626162137048257...
#>>> modeset_draw before select(fd) cur:1626162137048343...
  after select time :1626162137062545 ret:1
modeset_page_flip_event
modeset_draw_dev fd:3 dev:0x559c805f1520
  before drmWaitVBlank:1626162137081363...
  after drmWaitVBlank:1626162137081367...
#>>> modeset_draw before select(fd) cur:1626162137081454...
  after select time :1626162137096018 ret:1
modeset_page_flip_event
modeset_draw_dev fd:3 dev:0x559c805f1520
  before drmWaitVBlank:1626162137115520...
  after drmWaitVBlank:1626162137115524...
#>>> modeset_draw before select(fd) cur:1626162137115612...
  after select time :1626162137129341 ret:1
modeset_page_flip_event
modeset_draw_dev fd:3 dev:0x559c805f1520
  before drmWaitVBlank:1626162137148242...
  after drmWaitVBlank:1626162137148246...
#>>> modeset_draw before select(fd) cur:1626162137148333...
  after select time :1626162137162729 ret:1
modeset_page_flip_event
modeset_draw_dev fd:3 dev:0x559c805f1520
  before drmWaitVBlank:1626162137181609...
  after drmWaitVBlank:1626162137181613...
#>>> modeset_draw before select(fd) cur:1626162137181699...
  after select time :1626162137196031 ret:1
modeset_page_flip_event
modeset_draw_dev fd:3 dev:0x559c805f1520
  before drmWaitVBlank:1626162137215390...
  after drmWaitVBlank:1626162137215394...
#>>> modeset_draw before select(fd) cur:1626162137215476...
  after select time :1626162137229189 ret:1
modeset_page_flip_event
modeset_draw_dev fd:3 dev:0x559c805f1520
  before drmWaitVBlank:1626162137248484...
  after drmWaitVBlank:1626162137248491...
#>>> modeset_draw before select(fd) cur:1626162137248585...
  after select time :1626162137262616 ret:1
modeset_page_flip_event
modeset_draw_dev fd:3 dev:0x559c805f1520
  before drmWaitVBlank:1626162137281803...
  after drmWaitVBlank:1626162137281806...
#>>> modeset_draw before select(fd) cur:1626162137281893...
  after select time :1626162137296027 ret:1
modeset_page_flip_event
modeset_draw_dev fd:3 dev:0x559c805f1520
  before drmWaitVBlank:1626162137315449...
  after drmWaitVBlank:1626162137315453...
#>>> modeset_draw before select(fd) cur:1626162137315537...
  after select time :1626162137329361 ret:1
modeset_page_flip_event
modeset_draw_dev fd:3 dev:0x559c805f1520
  before drmWaitVBlank:1626162137348342...
  after drmWaitVBlank:1626162137348346...
#>>> modeset_draw before select(fd) cur:1626162137348435...
  after select time :1626162137362711 ret:1
modeset_page_flip_event
modeset_draw_dev fd:3 dev:0x559c805f1520
  before drmWaitVBlank:1626162137381591...
  after drmWaitVBlank:1626162137381595...
#>>> modeset_draw before select(fd) cur:1626162137381696...
  after select time :1626162137396023 ret:1
modeset_page_flip_event
modeset_draw_dev fd:3 dev:0x559c805f1520
  before drmWaitVBlank:1626162137415582...
  after drmWaitVBlank:1626162137415588...
#>>> modeset_draw before select(fd) cur:1626162137415672...
  after select time :1626162137429371 ret:1
modeset_page_flip_event
modeset_draw_dev fd:3 dev:0x559c805f1520
  before drmWaitVBlank:1626162137448334...
  after drmWaitVBlank:1626162137448338...
#>>> modeset_draw before select(fd) cur:1626162137448425...
  after select time :1626162137462709 ret:1
modeset_page_flip_event
modeset_draw_dev fd:3 dev:0x559c805f1520
  before drmWaitVBlank:1626162137481617...
  after drmWaitVBlank:1626162137481621...
#>>> modeset_draw before select(fd) cur:1626162137481692...
  after select time :1626162137496019 ret:1
modeset_page_flip_event
modeset_draw_dev fd:3 dev:0x559c805f1520
  before drmWaitVBlank:1626162137515016...
  after drmWaitVBlank:1626162137515020...
#>>> modeset_draw before select(fd) cur:1626162137515101...
  after select time :1626162137529374 ret:1
modeset_page_flip_event
modeset_draw_dev fd:3 dev:0x559c805f1520
  before drmWaitVBlank:1626162137548260...
  after drmWaitVBlank:1626162137548263...
#>>> modeset_draw before select(fd) cur:1626162137548349...
  after select time :1626162137562609 ret:1
modeset_page_flip_event
modeset_draw_dev fd:3 dev:0x559c805f1520
  before drmWaitVBlank:1626162137581618...
  after drmWaitVBlank:1626162137581622...
#>>> modeset_draw before select(fd) cur:1626162137581695...
  after select time :1626162137595966 ret:1
modeset_page_flip_event
modeset_draw_dev fd:3 dev:0x559c805f1520
  before drmWaitVBlank:1626162137615082...
  after drmWaitVBlank:1626162137615086...
#>>> modeset_draw before select(fd) cur:1626162137615170...
  after select time :1626162137629355 ret:1
modeset_page_flip_event
modeset_draw_dev fd:3 dev:0x559c805f1520
  before drmWaitVBlank:1626162137648356...
  after drmWaitVBlank:1626162137648360...
#>>> modeset_draw before select(fd) cur:1626162137648442...
  after select time :1626162137662613 ret:1
modeset_page_flip_event
modeset_draw_dev fd:3 dev:0x559c805f1520
  before drmWaitVBlank:1626162137681740...
  after drmWaitVBlank:1626162137681744...
#>>> modeset_draw before select(fd) cur:1626162137681831...
  after select time :1626162137696026 ret:1
modeset_page_flip_event
modeset_draw_dev fd:3 dev:0x559c805f1520
  before drmWaitVBlank:1626162137714963...
  after drmWaitVBlank:1626162137714967...
#>>> modeset_draw before select(fd) cur:1626162137715050...
  after select time :1626162137729344 ret:1
modeset_page_flip_event
modeset_draw_dev fd:3 dev:0x559c805f1520
  before drmWaitVBlank:1626162137748328...
  after drmWaitVBlank:1626162137748332...
#>>> modeset_draw before select(fd) cur:1626162137748415...
  after select time :1626162137762710 ret:1
modeset_page_flip_event
modeset_draw_dev fd:3 dev:0x559c805f1520
  before drmWaitVBlank:1626162137781740...
  after drmWaitVBlank:1626162137781759...
#>>> modeset_draw before select(fd) cur:1626162137781843...
  after select time :1626162137796008 ret:1
modeset_page_flip_event
modeset_draw_dev fd:3 dev:0x559c805f1520
  before drmWaitVBlank:1626162137815116...
  after drmWaitVBlank:1626162137815121...
#>>> modeset_draw before select(fd) cur:1626162137815206...
  after select time :1626162137829074 ret:1
modeset_page_flip_event
modeset_draw_dev fd:3 dev:0x559c805f1520
  before drmWaitVBlank:1626162137848539...
  after drmWaitVBlank:1626162137848546...
#>>> modeset_draw before select(fd) cur:1626162137848636...
  after select time :1626162137862629 ret:1
modeset_page_flip_event
modeset_draw_dev fd:3 dev:0x559c805f1520
  before drmWaitVBlank:1626162137881703...
  after drmWaitVBlank:1626162137881707...
#>>> modeset_draw before select(fd) cur:1626162137881795...
  after select time :1626162137896051 ret:1
modeset_page_flip_event
modeset_draw_dev fd:3 dev:0x559c805f1520
  before drmWaitVBlank:1626162137926660...
  after drmWaitVBlank:1626162137926664...
#>>> modeset_draw before select(fd) cur:1626162137926762...
  after select time :1626162137929289 ret:1
modeset_page_flip_event
modeset_draw_dev fd:3 dev:0x559c805f1520
  before drmWaitVBlank:1626162137948232...
  after drmWaitVBlank:1626162137948238...
#>>> modeset_draw before select(fd) cur:1626162137948324...
  after select time :1626162137962630 ret:1
modeset_page_flip_event
modeset_draw_dev fd:3 dev:0x559c805f1520
  before drmWaitVBlank:1626162137981521...
  after drmWaitVBlank:1626162137981525...
#>>> modeset_draw before select(fd) cur:1626162137981609...
  after select time :1626162137995980 ret:1
modeset_page_flip_event
modeset_draw_dev fd:3 dev:0x559c805f1520
  before drmWaitVBlank:1626162138014935...
  after drmWaitVBlank:1626162138014940...
#>>> modeset_draw before select(fd) cur:1626162138015025...
  after select time :1626162138029212 ret:1
modeset_page_flip_event
modeset_draw_dev fd:3 dev:0x559c805f1520
  before drmWaitVBlank:1626162138048274...
  after drmWaitVBlank:1626162138048278...
#>>> modeset_draw before select(fd) cur:1626162138048362...
  after select time :1626162138062606 ret:1
modeset_page_flip_event
modeset_draw_dev fd:3 dev:0x559c805f1520
  before drmWaitVBlank:1626162138081542...
  after drmWaitVBlank:1626162138081547...
#>>> modeset_draw before select(fd) cur:1626162138081631...
  after select time :1626162138095870 ret:1
modeset_page_flip_event
modeset_draw_dev fd:3 dev:0x559c805f1520
  before drmWaitVBlank:1626162138114962...
  after drmWaitVBlank:1626162138114966...
#>>> modeset_draw before select(fd) cur:1626162138115052...
  after select time :1626162138129306 ret:1
modeset_page_flip_event
modeset_draw_dev fd:3 dev:0x559c805f1520
  before drmWaitVBlank:1626162138148163...
  after drmWaitVBlank:1626162138148167...
#>>> modeset_draw before select(fd) cur:1626162138148251...
  after select time :1626162138162619 ret:1
modeset_page_flip_event
modeset_draw_dev fd:3 dev:0x559c805f1520
  before drmWaitVBlank:1626162138181499...
  after drmWaitVBlank:1626162138181502...
#>>> modeset_draw before select(fd) cur:1626162138181586...
  after select time :1626162138195905 ret:1
modeset_page_flip_event
modeset_draw_dev fd:3 dev:0x559c805f1520
  before drmWaitVBlank:1626162138214805...
  after drmWaitVBlank:1626162138214809...
#>>> modeset_draw before select(fd) cur:1626162138214893...
  after select time :1626162138229353 ret:1
modeset_page_flip_event
modeset_draw_dev fd:3 dev:0x559c805f1520
  before drmWaitVBlank:1626162138248298...
  after drmWaitVBlank:1626162138248302...
#>>> modeset_draw before select(fd) cur:1626162138248387...
  after select time :1626162138262632 ret:1
modeset_page_flip_event
modeset_draw_dev fd:3 dev:0x559c805f1520
  before drmWaitVBlank:1626162138281698...
  after drmWaitVBlank:1626162138281702...
#>>> modeset_draw before select(fd) cur:1626162138281789...
  after select time :1626162138296011 ret:1
modeset_page_flip_event
modeset_draw_dev fd:3 dev:0x559c805f1520
  before drmWaitVBlank:1626162138315144...
  after drmWaitVBlank:1626162138315163...
#>>> modeset_draw before select(fd) cur:1626162138315246...
  after select time :1626162138329384 ret:1
modeset_page_flip_event
modeset_draw_dev fd:3 dev:0x559c805f1520
  before drmWaitVBlank:1626162138348296...
  after drmWaitVBlank:1626162138348300...
#>>> modeset_draw before select(fd) cur:1626162138348384...
  after select time :1626162138362616 ret:1
modeset_page_flip_event
modeset_draw_dev fd:3 dev:0x559c805f1520
  before drmWaitVBlank:1626162138381555...
  after drmWaitVBlank:1626162138381559...
#>>> modeset_draw before select(fd) cur:1626162138381642...
  after select time :1626162138396031 ret:1
modeset_page_flip_event
modeset_draw_dev fd:3 dev:0x559c805f1520
  before drmWaitVBlank:1626162138414955...
  after drmWaitVBlank:1626162138414959...
#>>> modeset_draw before select(fd) cur:1626162138415045...
  after select time :1626162138429380 ret:1
modeset_page_flip_event
modeset_draw_dev fd:3 dev:0x559c805f1520
  before drmWaitVBlank:1626162138448750...
  after drmWaitVBlank:1626162138448756...
#>>> modeset_draw before select(fd) cur:1626162138448860...
  after select time :1626162138462650 ret:1
modeset_page_flip_event
modeset_draw_dev fd:3 dev:0x559c805f1520
  before drmWaitVBlank:1626162138481592...
  after drmWaitVBlank:1626162138481596...
#>>> modeset_draw before select(fd) cur:1626162138481680...
  after select time :1626162138496055 ret:1
modeset_page_flip_event
modeset_draw_dev fd:3 dev:0x559c805f1520
  before drmWaitVBlank:1626162138514962...
  after drmWaitVBlank:1626162138514966...
#>>> modeset_draw before select(fd) cur:1626162138515049...
  after select time :1626162138529259 ret:1
modeset_page_flip_event
modeset_draw_dev fd:3 dev:0x559c805f1520
  before drmWaitVBlank:1626162138574851...
  after drmWaitVBlank:1626162138574856...
#>>> modeset_draw before select(fd) cur:1626162138574932...
  after select time :1626162138579270 ret:1
modeset_page_flip_event
modeset_draw_dev fd:3 dev:0x559c805f1520
  before drmWaitVBlank:1626162138598477...
  after drmWaitVBlank:1626162138598480...
#>>> modeset_draw before select(fd) cur:1626162138598565...
  after select time :1626162138612407 ret:1
modeset_page_flip_event
modeset_draw_dev fd:3 dev:0x559c805f1520
  before drmWaitVBlank:1626162138631503...
  after drmWaitVBlank:1626162138631507...
#>>> modeset_draw before select(fd) cur:1626162138631589...
  after select time :1626162138646034 ret:1
modeset_page_flip_event
modeset_draw_dev fd:3 dev:0x559c805f1520
  before drmWaitVBlank:1626162138665114...
  after drmWaitVBlank:1626162138665118...
#>>> modeset_draw before select(fd) cur:1626162138665205...
  after select time :1626162138679384 ret:1
modeset_page_flip_event
modeset_draw_dev fd:3 dev:0x559c805f1520
  before drmWaitVBlank:1626162138698280...
  after drmWaitVBlank:1626162138698284...
#>>> modeset_draw before select(fd) cur:1626162138698368...
  after select time :1626162138712429 ret:1
modeset_page_flip_event
modeset_draw_dev fd:3 dev:0x559c805f1520
  before drmWaitVBlank:1626162138731467...
  after drmWaitVBlank:1626162138731472...
#>>> modeset_draw before select(fd) cur:1626162138731556...
  after select time :1626162138746003 ret:1
modeset_page_flip_event
modeset_draw_dev fd:3 dev:0x559c805f1520
  before drmWaitVBlank:1626162138764885...
  after drmWaitVBlank:1626162138764890...
#>>> modeset_draw before select(fd) cur:1626162138764980...
  after select time :1626162138779335 ret:1
modeset_page_flip_event
modeset_draw_dev fd:3 dev:0x559c805f1520
  before drmWaitVBlank:1626162138798483...
  after drmWaitVBlank:1626162138798487...
#>>> modeset_draw before select(fd) cur:1626162138798567...
  after select time :1626162138812672 ret:1
modeset_page_flip_event
modeset_draw_dev fd:3 dev:0x559c805f1520
  before drmWaitVBlank:1626162138831888...
  after drmWaitVBlank:1626162138831893...
#>>> modeset_draw before select(fd) cur:1626162138831979...
  after select time :1626162138846059 ret:1
modeset_page_flip_event
modeset_draw_dev fd:3 dev:0x559c805f1520
  before drmWaitVBlank:1626162138864938...
  after drmWaitVBlank:1626162138864942...
#>>> modeset_draw before select(fd) cur:1626162138865046...
  after select time :1626162138879306 ret:1
modeset_page_flip_event
modeset_draw_dev fd:3 dev:0x559c805f1520
  before drmWaitVBlank:1626162138898203...
  after drmWaitVBlank:1626162138898207...
#>>> modeset_draw before select(fd) cur:1626162138898290...
  after select time :1626162138912398 ret:1
modeset_page_flip_event
modeset_draw_dev fd:3 dev:0x559c805f1520
  before drmWaitVBlank:1626162138931619...
  after drmWaitVBlank:1626162138931623...
#>>> modeset_draw before select(fd) cur:1626162138931708...
  after select time :1626162138946031 ret:1
modeset_page_flip_event
modeset_draw_dev fd:3 dev:0x559c805f1520
  before drmWaitVBlank:1626162138964940...
  after drmWaitVBlank:1626162138964944...
#>>> modeset_draw before select(fd) cur:1626162138965029...
  after select time :1626162138979311 ret:1
modeset_page_flip_event
modeset_draw_dev fd:3 dev:0x559c805f1520
  before drmWaitVBlank:1626162138998259...
  after drmWaitVBlank:1626162138998264...
#>>> modeset_draw before select(fd) cur:1626162138998360...
  after select time :1626162139012666 ret:1
modeset_page_flip_event
modeset_draw_dev fd:3 dev:0x559c805f1520
  before drmWaitVBlank:1626162139031748...
  after drmWaitVBlank:1626162139031753...
#>>> modeset_draw before select(fd) cur:1626162139031839...
  after select time :1626162139045908 ret:1
modeset_page_flip_event
modeset_draw_dev fd:3 dev:0x559c805f1520
  before drmWaitVBlank:1626162139064998...
  after drmWaitVBlank:1626162139065002...
#>>> modeset_draw before select(fd) cur:1626162139065086...
  after select time :1626162139079273 ret:1
modeset_page_flip_event
modeset_draw_dev fd:3 dev:0x559c805f1520
  before drmWaitVBlank:1626162139098067...
  after drmWaitVBlank:1626162139098071...
#>>> modeset_draw before select(fd) cur:1626162139098154...
  after select time :1626162139112705 ret:1
modeset_page_flip_event
modeset_draw_dev fd:3 dev:0x559c805f1520
  before drmWaitVBlank:1626162139131763...
  after drmWaitVBlank:1626162139131767...
#>>> modeset_draw before select(fd) cur:1626162139131850...
  after select time :1626162139145920 ret:1
modeset_page_flip_event
modeset_draw_dev fd:3 dev:0x559c805f1520
  before drmWaitVBlank:1626162139190223...
  after drmWaitVBlank:1626162139190227...
#>>> modeset_draw before select(fd) cur:1626162139190304...
  after select time :1626162139195973 ret:1
modeset_page_flip_event
modeset_draw_dev fd:3 dev:0x559c805f1520
  before drmWaitVBlank:1626162139214869...
  after drmWaitVBlank:1626162139214873...
#>>> modeset_draw before select(fd) cur:1626162139214975...
  after select time :1626162139229360 ret:1
modeset_page_flip_event
modeset_draw_dev fd:3 dev:0x559c805f1520
  before drmWaitVBlank:1626162139248358...
  after drmWaitVBlank:1626162139248362...
#>>> modeset_draw before select(fd) cur:1626162139248445...
  after select time :1626162139262595 ret:1
modeset_page_flip_event
modeset_draw_dev fd:3 dev:0x559c805f1520
  before drmWaitVBlank:1626162139281523...
  after drmWaitVBlank:1626162139281527...
#>>> modeset_draw before select(fd) cur:1626162139281613...
  after select time :1626162139295958 ret:1
modeset_page_flip_event
modeset_draw_dev fd:3 dev:0x559c805f1520
  before drmWaitVBlank:1626162139314756...
  after drmWaitVBlank:1626162139314760...
#>>> modeset_draw before select(fd) cur:1626162139314844...
  after select time :1626162139329357 ret:1
modeset_page_flip_event
modeset_draw_dev fd:3 dev:0x559c805f1520
  before drmWaitVBlank:1626162139348217...
  after drmWaitVBlank:1626162139348220...
#>>> modeset_draw before select(fd) cur:1626162139348308...
  after select time :1626162139362502 ret:1
modeset_page_flip_event
modeset_draw_dev fd:3 dev:0x559c805f1520
  before drmWaitVBlank:1626162139381363...
  after drmWaitVBlank:1626162139381367...
#>>> modeset_draw before select(fd) cur:1626162139381452...
  after select time :1626162139396037 ret:1
modeset_page_flip_event
modeset_draw_dev fd:3 dev:0x559c805f1520
  before drmWaitVBlank:1626162139414839...
  after drmWaitVBlank:1626162139414842...
#>>> modeset_draw before select(fd) cur:1626162139414927...
  after select time :1626162139429320 ret:1
modeset_page_flip_event
modeset_draw_dev fd:3 dev:0x559c805f1520
  before drmWaitVBlank:1626162139448545...
  after drmWaitVBlank:1626162139448548...
#>>> modeset_draw before select(fd) cur:1626162139448631...
  after select time :1626162139462450 ret:1
modeset_page_flip_event
modeset_draw_dev fd:3 dev:0x559c805f1520
  before drmWaitVBlank:1626162139481984...
  after drmWaitVBlank:1626162139481989...
#>>> modeset_draw before select(fd) cur:1626162139482069...
  after select time :1626162139496010 ret:1
modeset_page_flip_event
modeset_draw_dev fd:3 dev:0x559c805f1520
  before drmWaitVBlank:1626162139515050...
  after drmWaitVBlank:1626162139515054...
#>>> modeset_draw before select(fd) cur:1626162139515150...
  after select time :1626162139529361 ret:1
modeset_page_flip_event
modeset_draw_dev fd:3 dev:0x559c805f1520
  before drmWaitVBlank:1626162139548261...
  after drmWaitVBlank:1626162139548264...
#>>> modeset_draw before select(fd) cur:1626162139548350...
  after select time :1626162139562492 ret:1
modeset_page_flip_event
modeset_draw_dev fd:3 dev:0x559c805f1520
  before drmWaitVBlank:1626162139581363...
  after drmWaitVBlank:1626162139581367...
#>>> modeset_draw before select(fd) cur:1626162139581453...
  after select time :1626162139596078 ret:1
modeset_page_flip_event
modeset_draw_dev fd:3 dev:0x559c805f1520
  before drmWaitVBlank:1626162139614875...
  after drmWaitVBlank:1626162139614878...
#>>> modeset_draw before select(fd) cur:1626162139614963...
  after select time :1626162139629311 ret:1
modeset_page_flip_event
modeset_draw_dev fd:3 dev:0x559c805f1520
  before drmWaitVBlank:1626162139648538...
  after drmWaitVBlank:1626162139648544...
#>>> modeset_draw before select(fd) cur:1626162139648633...
  after select time :1626162139662638 ret:1
modeset_page_flip_event
modeset_draw_dev fd:3 dev:0x559c805f1520
  before drmWaitVBlank:1626162139681546...
  after drmWaitVBlank:1626162139681550...
#>>> modeset_draw before select(fd) cur:1626162139681634...
  after select time :1626162139696058 ret:1
modeset_page_flip_event
modeset_draw_dev fd:3 dev:0x559c805f1520
  before drmWaitVBlank:1626162139715020...
  after drmWaitVBlank:1626162139715023...
#>>> modeset_draw before select(fd) cur:1626162139715106...
  after select time :1626162139729401 ret:1
modeset_page_flip_event
modeset_draw_dev fd:3 dev:0x559c805f1520
  before drmWaitVBlank:1626162139748373...
  after drmWaitVBlank:1626162139748377...
#>>> modeset_draw before select(fd) cur:1626162139748459...
  after select time :1626162139762730 ret:1
modeset_page_flip_event
modeset_draw_dev fd:3 dev:0x559c805f1520
  before drmWaitVBlank:1626162139781616...
  after drmWaitVBlank:1626162139781620...
#>>> modeset_draw before select(fd) cur:1626162139781706...
  after select time :1626162139796067 ret:1
modeset_page_flip_event
modeset_draw_dev fd:3 dev:0x559c805f1520
  before drmWaitVBlank:1626162139814949...
  after drmWaitVBlank:1626162139814953...
#>>> modeset_draw before select(fd) cur:1626162139815037...
  after select time :1626162139829381 ret:1
modeset_page_flip_event
modeset_draw_dev fd:3 dev:0x559c805f1520
  before drmWaitVBlank:1626162139848561...
  after drmWaitVBlank:1626162139848566...
#>>> modeset_draw before select(fd) cur:1626162139848651...
  after select time :1626162139862726 ret:1
modeset_page_flip_event
modeset_draw_dev fd:3 dev:0x559c805f1520
  before drmWaitVBlank:1626162139881683...
  after drmWaitVBlank:1626162139881687...
#>>> modeset_draw before select(fd) cur:1626162139881774...
  after select time :1626162139896068 ret:1
modeset_page_flip_event
modeset_draw_dev fd:3 dev:0x559c805f1520
  before drmWaitVBlank:1626162139914963...
  after drmWaitVBlank:1626162139914967...
#>>> modeset_draw before select(fd) cur:1626162139915052...
  after select time :1626162139929375 ret:1
modeset_page_flip_event
modeset_draw_dev fd:3 dev:0x559c805f1520
  before drmWaitVBlank:1626162139948660...
  after drmWaitVBlank:1626162139948664...
#>>> modeset_draw before select(fd) cur:1626162139948749...
  after select time :1626162139962740 ret:1
modeset_page_flip_event
modeset_draw_dev fd:3 dev:0x559c805f1520
  before drmWaitVBlank:1626162139981820...
  after drmWaitVBlank:1626162139981824...
#>>> modeset_draw before select(fd) cur:1626162139981907...
  after select time :1626162139996046 ret:1
modeset_page_flip_event
modeset_draw_dev fd:3 dev:0x559c805f1520
  before drmWaitVBlank:1626162140014878...
  after drmWaitVBlank:1626162140014881...
#>>> modeset_draw before select(fd) cur:1626162140014966...
  after select time :1626162140029404 ret:1
modeset_page_flip_event
modeset_draw_dev fd:3 dev:0x559c805f1520
  before drmWaitVBlank:1626162140048323...
  after drmWaitVBlank:1626162140048327...
#>>> modeset_draw before select(fd) cur:1626162140048425...
  after select time :1626162140062652 ret:1
modeset_page_flip_event
modeset_draw_dev fd:3 dev:0x559c805f1520
  before drmWaitVBlank:1626162140081523...
  after drmWaitVBlank:1626162140081527...
#>>> modeset_draw before select(fd) cur:1626162140081611...
  after select time :1626162140096041 ret:1
modeset_page_flip_event
modeset_draw_dev fd:3 dev:0x559c805f1520
  before drmWaitVBlank:1626162140114976...
  after drmWaitVBlank:1626162140114980...
#>>> modeset_draw before select(fd) cur:1626162140115063...
  after select time :1626162140129371 ret:1
modeset_page_flip_event
modeset_draw_dev fd:3 dev:0x559c805f1520
  before drmWaitVBlank:1626162140148246...
  after drmWaitVBlank:1626162140148250...
#>>> modeset_draw before select(fd) cur:1626162140148334...
  after select time :1626162140162734 ret:1
modeset_page_flip_event
modeset_draw_dev fd:3 dev:0x559c805f1520
  before drmWaitVBlank:1626162140181654...
  after drmWaitVBlank:1626162140181658...
#>>> modeset_draw before select(fd) cur:1626162140181745...
  after select time :1626162140196068 ret:1
modeset_page_flip_event
modeset_draw_dev fd:3 dev:0x559c805f1520
  before drmWaitVBlank:1626162140215076...
  after drmWaitVBlank:1626162140215081...
#>>> modeset_draw before select(fd) cur:1626162140215166...
  after select time :1626162140229323 ret:1
modeset_page_flip_event
modeset_draw_dev fd:3 dev:0x559c805f1520
  before drmWaitVBlank:1626162140249488...
  after drmWaitVBlank:1626162140249495...
#>>> modeset_draw before select(fd) cur:1626162140249586...
  after select time :1626162140262650 ret:1
modeset_page_flip_event
modeset_draw_dev fd:3 dev:0x559c805f1520
  before drmWaitVBlank:1626162140281582...
  after drmWaitVBlank:1626162140281586...
#>>> modeset_draw before select(fd) cur:1626162140281669...
  after select time :1626162140296047 ret:1
modeset_page_flip_event
modeset_draw_dev fd:3 dev:0x559c805f1520
  before drmWaitVBlank:1626162140315005...
  after drmWaitVBlank:1626162140315009...
#>>> modeset_draw before select(fd) cur:1626162140315093...
  after select time :1626162140329338 ret:1
modeset_page_flip_event
modeset_draw_dev fd:3 dev:0x559c805f1520
  before drmWaitVBlank:1626162140348460...
  after drmWaitVBlank:1626162140348464...
#>>> modeset_draw before select(fd) cur:1626162140348545...
  after select time :1626162140362658 ret:1
modeset_page_flip_event
modeset_draw_dev fd:3 dev:0x559c805f1520
  before drmWaitVBlank:1626162140381522...
  after drmWaitVBlank:1626162140381526...
#>>> modeset_draw before select(fd) cur:1626162140381611...
  after select time :1626162140396076 ret:1
modeset_page_flip_event
modeset_draw_dev fd:3 dev:0x559c805f1520
  before drmWaitVBlank:1626162140415042...
  after drmWaitVBlank:1626162140415046...
#>>> modeset_draw before select(fd) cur:1626162140415130...
  after select time :1626162140429380 ret:1
modeset_page_flip_event
modeset_draw_dev fd:3 dev:0x559c805f1520
  before drmWaitVBlank:1626162140448751...
  after drmWaitVBlank:1626162140448756...
#>>> modeset_draw before select(fd) cur:1626162140448838...
  after select time :1626162140462643 ret:1
modeset_page_flip_event
modeset_draw_dev fd:3 dev:0x559c805f1520
  before drmWaitVBlank:1626162140481608...
  after drmWaitVBlank:1626162140481612...
#>>> modeset_draw before select(fd) cur:1626162140481696...
  after select time :1626162140496050 ret:1
modeset_page_flip_event
modeset_draw_dev fd:3 dev:0x559c805f1520
  before drmWaitVBlank:1626162140514969...
  after drmWaitVBlank:1626162140514973...
#>>> modeset_draw before select(fd) cur:1626162140515055...
  after select time :1626162140529338 ret:1
modeset_page_flip_event
modeset_draw_dev fd:3 dev:0x559c805f1520
  before drmWaitVBlank:1626162140548547...
  after drmWaitVBlank:1626162140548552...
#>>> modeset_draw before select(fd) cur:1626162140548636...
  after select time :1626162140562655 ret:1
modeset_page_flip_event
modeset_draw_dev fd:3 dev:0x559c805f1520
  before drmWaitVBlank:1626162140581558...
  after drmWaitVBlank:1626162140581562...
#>>> modeset_draw before select(fd) cur:1626162140581659...
  after select time :1626162140596077 ret:1
modeset_page_flip_event
modeset_draw_dev fd:3 dev:0x559c805f1520
  before drmWaitVBlank:1626162140614901...
  after drmWaitVBlank:1626162140614905...
#>>> modeset_draw before select(fd) cur:1626162140614988...
  after select time :1626162140629115 ret:1
modeset_page_flip_event
modeset_draw_dev fd:3 dev:0x559c805f1520
  before drmWaitVBlank:1626162140648276...
  after drmWaitVBlank:1626162140648279...
#>>> modeset_draw before select(fd) cur:1626162140648360...
  after select time :1626162140662740 ret:1
modeset_page_flip_event
modeset_draw_dev fd:3 dev:0x559c805f1520
  before drmWaitVBlank:1626162140681535...
  after drmWaitVBlank:1626162140681539...
#>>> modeset_draw before select(fd) cur:1626162140681623...
  after select time :1626162140695858 ret:1
modeset_page_flip_event
modeset_draw_dev fd:3 dev:0x559c805f1520
  before drmWaitVBlank:1626162140715153...
  after drmWaitVBlank:1626162140715160...
#>>> modeset_draw before select(fd) cur:1626162140715268...
  after select time :1626162140729118 ret:1
modeset_page_flip_event
modeset_draw_dev fd:3 dev:0x559c805f1520
  before drmWaitVBlank:1626162140748658...
  after drmWaitVBlank:1626162140748666...
#>>> modeset_draw before select(fd) cur:1626162140748743...
  after select time :1626162140762440 ret:1
modeset_page_flip_event
modeset_draw_dev fd:3 dev:0x559c805f1520
  before drmWaitVBlank:1626162140781889...
  after drmWaitVBlank:1626162140781896...
#>>> modeset_draw before select(fd) cur:1626162140782001...
  after select time :1626162140795974 ret:1
modeset_page_flip_event
modeset_draw_dev fd:3 dev:0x559c805f1520
  before drmWaitVBlank:1626162140814972...
  after drmWaitVBlank:1626162140814976...
#>>> modeset_draw before select(fd) cur:1626162140815060...
  after select time :1626162140829216 ret:1
modeset_page_flip_event
modeset_draw_dev fd:3 dev:0x559c805f1520
  before drmWaitVBlank:1626162140850327...
  after drmWaitVBlank:1626162140850333...
#>>> modeset_draw before select(fd) cur:1626162140850423...
  after select time :1626162140862652 ret:1
modeset_page_flip_event
modeset_draw_dev fd:3 dev:0x559c805f1520
  before drmWaitVBlank:1626162140881693...
  after drmWaitVBlank:1626162140881697...
#>>> modeset_draw before select(fd) cur:1626162140881783...
  after select time :1626162140896036 ret:1
modeset_page_flip_event
modeset_draw_dev fd:3 dev:0x559c805f1520
  before drmWaitVBlank:1626162140915038...
  after drmWaitVBlank:1626162140915042...
#>>> modeset_draw before select(fd) cur:1626162140915125...
  after select time :1626162140929385 ret:1
modeset_page_flip_event
modeset_draw_dev fd:3 dev:0x559c805f1520
  before drmWaitVBlank:1626162140948740...
  after drmWaitVBlank:1626162140948745...
#>>> modeset_draw before select(fd) cur:1626162140948829...
  after select time :1626162140962411 ret:1
modeset_page_flip_event
modeset_draw_dev fd:3 dev:0x559c805f1520
  before drmWaitVBlank:1626162140981509...
  after drmWaitVBlank:1626162140981513...
#>>> modeset_draw before select(fd) cur:1626162140981596...
  after select time :1626162140995985 ret:1
modeset_page_flip_event
modeset_draw_dev fd:3 dev:0x559c805f1520
  before drmWaitVBlank:1626162141014959...
  after drmWaitVBlank:1626162141014963...
#>>> modeset_draw before select(fd) cur:1626162141015046...
  after select time :1626162141029409 ret:1
modeset_page_flip_event
modeset_draw_dev fd:3 dev:0x559c805f1520
  before drmWaitVBlank:1626162141048753...
  after drmWaitVBlank:1626162141048758...
#>>> modeset_draw before select(fd) cur:1626162141048841...
  after select time :1626162141062721 ret:1
modeset_page_flip_event
modeset_draw_dev fd:3 dev:0x559c805f1520
  before drmWaitVBlank:1626162141081634...
  after drmWaitVBlank:1626162141081638...
#>>> modeset_draw before select(fd) cur:1626162141081742...
  after select time :1626162141096022 ret:1
modeset_page_flip_event
modeset_draw_dev fd:3 dev:0x559c805f1520
  before drmWaitVBlank:1626162141115035...
  after drmWaitVBlank:1626162141115039...
#>>> modeset_draw before select(fd) cur:1626162141115137...
  after select time :1626162141129409 ret:1
modeset_page_flip_event
modeset_draw_dev fd:3 dev:0x559c805f1520
  before drmWaitVBlank:1626162141148718...
  after drmWaitVBlank:1626162141148723...
#>>> modeset_draw before select(fd) cur:1626162141148805...
  after select time :1626162141162657 ret:1
modeset_page_flip_event
modeset_draw_dev fd:3 dev:0x559c805f1520
  before drmWaitVBlank:1626162141181534...
  after drmWaitVBlank:1626162141181538...
#>>> modeset_draw before select(fd) cur:1626162141181621...
  after select time :1626162141196036 ret:1
modeset_page_flip_event
modeset_draw_dev fd:3 dev:0x559c805f1520
  before drmWaitVBlank:1626162141215021...
  after drmWaitVBlank:1626162141215024...
#>>> modeset_draw before select(fd) cur:1626162141215107...
  after select time :1626162141229406 ret:1
modeset_page_flip_event
modeset_draw_dev fd:3 dev:0x559c805f1520
  before drmWaitVBlank:1626162141248701...
  after drmWaitVBlank:1626162141248706...
#>>> modeset_draw before select(fd) cur:1626162141248789...
  after select time :1626162141262661 ret:1
modeset_page_flip_event
modeset_draw_dev fd:3 dev:0x559c805f1520
  before drmWaitVBlank:1626162141281524...
  after drmWaitVBlank:1626162141281528...
#>>> modeset_draw before select(fd) cur:1626162141281598...
  after select time :1626162141296077 ret:1
modeset_page_flip_event
modeset_draw_dev fd:3 dev:0x559c805f1520
  before drmWaitVBlank:1626162141315080...
  after drmWaitVBlank:1626162141315084...
#>>> modeset_draw before select(fd) cur:1626162141315166...
  after select time :1626162141329316 ret:1
modeset_page_flip_event
modeset_draw_dev fd:3 dev:0x559c805f1520
  before drmWaitVBlank:1626162141348582...
  after drmWaitVBlank:1626162141348586...
#>>> modeset_draw before select(fd) cur:1626162141348667...
  after select time :1626162141362460 ret:1
modeset_page_flip_event
modeset_draw_dev fd:3 dev:0x559c805f1520
  before drmWaitVBlank:1626162141381856...
  after drmWaitVBlank:1626162141381860...
#>>> modeset_draw before select(fd) cur:1626162141381946...
  after select time :1626162141396101 ret:1
modeset_page_flip_event
modeset_draw_dev fd:3 dev:0x559c805f1520
  before drmWaitVBlank:1626162141414943...
  after drmWaitVBlank:1626162141414947...
#>>> modeset_draw before select(fd) cur:1626162141415028...
  after select time :1626162141429330 ret:1
modeset_page_flip_event
modeset_draw_dev fd:3 dev:0x559c805f1520
  before drmWaitVBlank:1626162141449020...
  after drmWaitVBlank:1626162141449025...
#>>> modeset_draw before select(fd) cur:1626162141449114...
  after select time :1626162141462672 ret:1
modeset_page_flip_event
modeset_draw_dev fd:3 dev:0x559c805f1520
  before drmWaitVBlank:1626162141481627...
  after drmWaitVBlank:1626162141481631...
#>>> modeset_draw before select(fd) cur:1626162141481718...
  after select time :1626162141496100 ret:1
modeset_page_flip_event
modeset_draw_dev fd:3 dev:0x559c805f1520
  before drmWaitVBlank:1626162141515058...
  after drmWaitVBlank:1626162141515061...
#>>> modeset_draw before select(fd) cur:1626162141515141...
  after select time :1626162141529344 ret:1
modeset_page_flip_event
modeset_draw_dev fd:3 dev:0x559c805f1520
  before drmWaitVBlank:1626162141548380...
  after drmWaitVBlank:1626162141548384...
#>>> modeset_draw before select(fd) cur:1626162141548465...
  after select time :1626162141562682 ret:1
modeset_page_flip_event
modeset_draw_dev fd:3 dev:0x559c805f1520
  before drmWaitVBlank:1626162141581688...
  after drmWaitVBlank:1626162141581692...
#>>> modeset_draw before select(fd) cur:1626162141581776...
  after select time :1626162141596083 ret:1
modeset_page_flip_event
modeset_draw_dev fd:3 dev:0x559c805f1520
  before drmWaitVBlank:1626162141615192...
  after drmWaitVBlank:1626162141615197...
#>>> modeset_draw before select(fd) cur:1626162141615281...
  after select time :1626162141629414 ret:1
modeset_page_flip_event
modeset_draw_dev fd:3 dev:0x559c805f1520
  before drmWaitVBlank:1626162141648576...
  after drmWaitVBlank:1626162141648581...
#>>> modeset_draw before select(fd) cur:1626162141648676...
  after select time :1626162141662666 ret:1
modeset_page_flip_event
modeset_draw_dev fd:3 dev:0x559c805f1520
  before drmWaitVBlank:1626162141681623...
  after drmWaitVBlank:1626162141681626...
#>>> modeset_draw before select(fd) cur:1626162141681708...
  after select time :1626162141696080 ret:1
modeset_page_flip_event
modeset_draw_dev fd:3 dev:0x559c805f1520
  before drmWaitVBlank:1626162141715158...
  after drmWaitVBlank:1626162141715162...
#>>> modeset_draw before select(fd) cur:1626162141715243...
  after select time :1626162141729389 ret:1
modeset_page_flip_event
modeset_draw_dev fd:3 dev:0x559c805f1520
  before drmWaitVBlank:1626162141748539...
  after drmWaitVBlank:1626162141748544...
#>>> modeset_draw before select(fd) cur:1626162141748625...
  after select time :1626162141762671 ret:1
modeset_page_flip_event
modeset_draw_dev fd:3 dev:0x559c805f1520
  before drmWaitVBlank:1626162141781669...
  after drmWaitVBlank:1626162141781673...
#>>> modeset_draw before select(fd) cur:1626162141781760...
  after select time :1626162141795910 ret:1
modeset_page_flip_event
modeset_draw_dev fd:3 dev:0x559c805f1520
  before drmWaitVBlank:1626162141814746...
  after drmWaitVBlank:1626162141814750...
#>>> modeset_draw before select(fd) cur:1626162141814832...
  after select time :1626162141829421 ret:1
modeset_page_flip_event
modeset_draw_dev fd:3 dev:0x559c805f1520
  before drmWaitVBlank:1626162141848552...
  after drmWaitVBlank:1626162141848557...
#>>> modeset_draw before select(fd) cur:1626162141848641...
  after select time :1626162141862452 ret:1
modeset_page_flip_event
modeset_draw_dev fd:3 dev:0x559c805f1520
  before drmWaitVBlank:1626162141881401...
  after drmWaitVBlank:1626162141881405...
#>>> modeset_draw before select(fd) cur:1626162141881487...
  after select time :1626162141896084 ret:1
modeset_page_flip_event
modeset_draw_dev fd:3 dev:0x559c805f1520
  before drmWaitVBlank:1626162141914924...
  after drmWaitVBlank:1626162141914928...
#>>> modeset_draw before select(fd) cur:1626162141915011...
  after select time :1626162141929314 ret:1
modeset_page_flip_event
modeset_draw_dev fd:3 dev:0x559c805f1520
  before drmWaitVBlank:1626162141948423...
  after drmWaitVBlank:1626162141948429...
#>>> modeset_draw before select(fd) cur:1626162141948497...
  after select time :1626162141962681 ret:1
modeset_page_flip_event
modeset_draw_dev fd:3 dev:0x559c805f1520
  before drmWaitVBlank:1626162141981559...
  after drmWaitVBlank:1626162141981564...
#>>> modeset_draw before select(fd) cur:1626162141981647...
  after select time :1626162141996083 ret:1
modeset_page_flip_event
modeset_draw_dev fd:3 dev:0x559c805f1520
  before drmWaitVBlank:1626162142015097...
  after drmWaitVBlank:1626162142015100...
#>>> modeset_draw before select(fd) cur:1626162142015181...
  after select time :1626162142029421 ret:1
modeset_page_flip_event
modeset_draw_dev fd:3 dev:0x559c805f1520
  before drmWaitVBlank:1626162142049301...
  after drmWaitVBlank:1626162142049307...
#>>> modeset_draw before select(fd) cur:1626162142049383...
  after select time :1626162142062609 ret:1
modeset_page_flip_event
modeset_draw_dev fd:3 dev:0x559c805f1520
  before drmWaitVBlank:1626162142081504...
  after drmWaitVBlank:1626162142081508...
#>>> modeset_draw before select(fd) cur:1626162142081592...
  after select time :1626162142096059 ret:1
modeset_page_flip_event
modeset_draw_dev fd:3 dev:0x559c805f1520
  befo