using card '/dev/dri/card1'
mode for connector 89 is 1280x720
modeset_draw(fd:3)
modeset_draw_dev fd:3 dev:0xaaaacf3d9450
"首次wait vblank
  drmWaitVBlank success. wait event...
#>>> modeset_draw before select(fd) cur:1626086971009115...
"马上就收到vblank
  after select time :1626086971009157 ret:1
modeset_vblank_event fd:3 sequence:26985 tv_sec:14887 tv_usec:478726 user_data:0xaaaacf3d9450
  front_buf:1 use_vblank_rather_than_page_flip:0
#>>> modeset_draw before select(fd) cur:1626086971009212...
"12ms后收到page flip
"  按当前推算后续page flip时间点：21.228,37.8946666666666,54.5613333333332,71.22799999999981,87.89466666666641,104.56133333333301,121.22799999999961,137.8946666666662,154.5613333333328,171.2279999999994,187.894666666666,204.5613333333326,221.2279999999992,237.8946666666658,254.5613333333324,271.22799999999904,287.89466666666567,304.5613333333323,321.22799999999893,337.89466666666556,354.5613333333322,371.2279999999988,387.89466666666544,404.5613333333321,421.2279999999987,437.89466666666533,454.56133333333196,471.2279999999986,487.8946666666652,504.56133333333185,521.2279999999985,537.8946666666651,554.5613333333317,571.2279999999984,587.894666666665,604.5613333333316,621.2279999999982,637.8946666666649,654.5613333333315,671.2279999999981,687.8946666666648,704.5613333333314,721.227999999998,737.8946666666646,754.5613333333313,771.2279999999979,787.8946666666645,804.5613333333312,821.2279999999978,837.8946666666644,854.561333333331,871.2279999999977,887.8946666666643,904.5613333333309,921.2279999999976,937.8946666666642,954.5613333333308,971.2279999999975,987.8946666666641,1004.5613333333307,1021.2279999999973,1037.8946666666639,1054.5613333333304,1071.2279999999969,1087.8946666666634,1104.56133333333,1121.2279999999964,1137.894666666663,1154.5613333333295,1171.227999999996,1187.8946666666625,1204.561333333329,1221.2279999999955,1237.894666666662,1254.5613333333285,1271.227999999995,1287.8946666666616,1304.561333333328,1321.2279999999946,1337.8946666666611,1354.5613333333276,1371.2279999999942,1387.8946666666607,1404.5613333333272,1421.2279999999937,1437.8946666666602,1454.5613333333267,1471.2279999999932,1487.8946666666598,1504.5613333333263,1521.2279999999928,1537.8946666666593,1554.5613333333258,1571.2279999999923,1587.8946666666588,1604.5613333333254,1621.2279999999919,1637.8946666666584,1654.561333333325,1671.2279999999914,1687.894666666658,1704.5613333333245,1721.227999999991,1737.8946666666575,1754.561333333324,1771.2279999999905,1787.894666666657,1804.5613333333235,1821.22799999999,1837.8946666666566,1854.561333333323,1871.2279999999896,1887.8946666666561,1904.5613333333226,1921.2279999999892,1937.8946666666557,1954.5613333333222,1971.2279999999887,1987.8946666666552（`var a = []; for (let i = 21.228; i < 2e3; i += 16.6666666666666) a.push(i); `）
  after select time :1626086971021228 ret:1
modeset_page_flip_event
modeset_draw_dev fd:3 dev:0xaaaacf3d9450
  drmWaitVBlank success. wait event...
"draw的时间过长，错过了一次vsync
#>>> modeset_draw before select(fd) cur:1626086971042697...
"vblank总是马上就收到
  after select time :1626086971042730 ret:1
modeset_vblank_event fd:3 sequence:26987 tv_sec:14887 tv_usec:512057 user_data:0xaaaacf3d9450
  front_buf:0 use_vblank_rather_than_page_flip:0
#>>> modeset_draw before select(fd) cur:1626086971042778...
  after select time :1626086971054560 ret:1
modeset_page_flip_event
modeset_draw_dev fd:3 dev:0xaaaacf3d9450
  drmWaitVBlank success. wait event...
#>>> modeset_draw before select(fd) cur:1626086971080893...
  after select time :1626086971080924 ret:1
modeset_vblank_event fd:3 sequence:26989 tv_sec:14887 tv_usec:545395 user_data:0xaaaacf3d9450
  front_buf:1 use_vblank_rather_than_page_flip:0
#>>> modeset_draw before select(fd) cur:1626086971080970...
  after select time :1626086971087894 ret:1
modeset_page_flip_event
modeset_draw_dev fd:3 dev:0xaaaacf3d9450
  drmWaitVBlank success. wait event...
#>>> modeset_draw before select(fd) cur:1626086971109591...
  after select time :1626086971109621 ret:1
modeset_vblank_event fd:3 sequence:26991 tv_sec:14887 tv_usec:578724 user_data:0xaaaacf3d9450
  front_buf:0 use_vblank_rather_than_page_flip:0
#>>> modeset_draw before select(fd) cur:1626086971109668...
  after select time :1626086971121225 ret:1
modeset_page_flip_event
modeset_draw_dev fd:3 dev:0xaaaacf3d9450
  drmWaitVBlank success. wait event...
#>>> modeset_draw before select(fd) cur:1626086971142136...
  after select time :1626086971142167 ret:1
modeset_vblank_event fd:3 sequence:26993 tv_sec:14887 tv_usec:612058 user_data:0xaaaacf3d9450
  front_buf:1 use_vblank_rather_than_page_flip:0
#>>> modeset_draw before select(fd) cur:1626086971142212...
  after select time :1626086971154558 ret:1
modeset_page_flip_event
modeset_draw_dev fd:3 dev:0xaaaacf3d9450
  drmWaitVBlank success. wait event...
#>>> modeset_draw before select(fd) cur:1626086971176321...
  after select time :1626086971176351 ret:1
modeset_vblank_event fd:3 sequence:26995 tv_sec:14887 tv_usec:645389 user_data:0xaaaacf3d9450
  front_buf:0 use_vblank_rather_than_page_flip:0
#>>> modeset_draw before select(fd) cur:1626086971176396...
  after select time :1626086971187890 ret:1
modeset_page_flip_event
modeset_draw_dev fd:3 dev:0xaaaacf3d9450
  drmWaitVBlank success. wait event...
#>>> modeset_draw before select(fd) cur:1626086971209554...
  after select time :1626086971209584 ret:1
modeset_vblank_event fd:3 sequence:26997 tv_sec:14887 tv_usec:678721 user_data:0xaaaacf3d9450
  front_buf:1 use_vblank_rather_than_page_flip:0
#>>> modeset_draw before select(fd) cur:1626086971209628...
  after select time :1626086971221222 ret:1
modeset_page_flip_event
modeset_draw_dev fd:3 dev:0xaaaacf3d9450
  drmWaitVBlank success. wait event...
#>>> modeset_draw before select(fd) cur:1626086971242110...
  after select time :1626086971242140 ret:1
modeset_vblank_event fd:3 sequence:26999 tv_sec:14887 tv_usec:712054 user_data:0xaaaacf3d9450
  front_buf:0 use_vblank_rather_than_page_flip:0
#>>> modeset_draw before select(fd) cur:1626086971242184...
  after select time :1626086971254555 ret:1
modeset_page_flip_event
modeset_draw_dev fd:3 dev:0xaaaacf3d9450
  drmWaitVBlank success. wait event...
#>>> modeset_draw before select(fd) cur:1626086971279640...
  after select time :1626086971279671 ret:1
modeset_vblank_event fd:3 sequence:27001 tv_sec:14887 tv_usec:745388 user_data:0xaaaacf3d9450
  front_buf:1 use_vblank_rather_than_page_flip:0
#>>> modeset_draw before select(fd) cur:1626086971279714...
  after select time :1626086971287888 ret:1
modeset_page_flip_event
modeset_draw_dev fd:3 dev:0xaaaacf3d9450
  drmWaitVBlank success. wait event...
#>>> modeset_draw before select(fd) cur:1626086971308574...
  after select time :1626086971308606 ret:1
modeset_vblank_event fd:3 sequence:27003 tv_sec:14887 tv_usec:778721 user_data:0xaaaacf3d9450
  front_buf:0 use_vblank_rather_than_page_flip:0
#>>> modeset_draw before select(fd) cur:1626086971308653...
  after select time :1626086971321220 ret:1
modeset_page_flip_event
modeset_draw_dev fd:3 dev:0xaaaacf3d9450
  drmWaitVBlank success. wait event...
#>>> modeset_draw before select(fd) cur:1626086971347210...
  after select time :1626086971347242 ret:1
modeset_vblank_event fd:3 sequence:27005 tv_sec:14887 tv_usec:812053 user_data:0xaaaacf3d9450
  front_buf:1 use_vblank_rather_than_page_flip:0
#>>> modeset_draw before select(fd) cur:1626086971347286...
  after select time :1626086971354553 ret:1
modeset_page_flip_event
modeset_draw_dev fd:3 dev:0xaaaacf3d9450
  drmWaitVBlank success. wait event...
#>>> modeset_draw before select(fd) cur:1626086971375922...
  after select time :1626086971375952 ret:1
modeset_vblank_event fd:3 sequence:27007 tv_sec:14887 tv_usec:845385 user_data:0xaaaacf3d9450
  front_buf:0 use_vblank_rather_than_page_flip:0
#>>> modeset_draw before select(fd) cur:1626086971375996...
  after select time :1626086971387886 ret:1
modeset_page_flip_event
modeset_draw_dev fd:3 dev:0xaaaacf3d9450
  drmWaitVBlank success. wait event...
#>>> modeset_draw before select(fd) cur:1626086971409548...
  after select time :1626086971409578 ret:1
modeset_vblank_event fd:3 sequence:27009 tv_sec:14887 tv_usec:878717 user_data:0xaaaacf3d9450
  front_buf:1 use_vblank_rather_than_page_flip:0
#>>> modeset_draw before select(fd) cur:1626086971409622...
  after select time :1626086971421219 ret:1
modeset_page_flip_event
modeset_draw_dev fd:3 dev:0xaaaacf3d9450
  drmWaitVBlank success. wait event...
#>>> modeset_draw before select(fd) cur:1626086971444202...
  after select time :1626086971444232 ret:1
modeset_vblank_event fd:3 sequence:27011 tv_sec:14887 tv_usec:912050 user_data:0xaaaacf3d9450
  front_buf:0 use_vblank_rather_than_page_flip:0
#>>> modeset_draw before select(fd) cur:1626086971444275...
  after select time :1626086971454551 ret:1
modeset_page_flip_event
modeset_draw_dev fd:3 dev:0xaaaacf3d9450
  drmWaitVBlank success. wait event...
#>>> modeset_draw before select(fd) cur:1626086971479730...
  after select time :1626086971479761 ret:1
modeset_vblank_event fd:3 sequence:27013 tv_sec:14887 tv_usec:945382 user_data:0xaaaacf3d9450
  front_buf:1 use_vblank_rather_than_page_flip:0
#>>> modeset_draw before select(fd) cur:1626086971479804...
  after select time :1626086971487885 ret:1
modeset_page_flip_event
modeset_draw_dev fd:3 dev:0xaaaacf3d9450
  drmWaitVBlank success. wait event...
#>>> modeset_draw before select(fd) cur:1626086971509753...
  after select time :1626086971509783 ret:1
modeset_vblank_event fd:3 sequence:27015 tv_sec:14887 tv_usec:978713 user_data:0xaaaacf3d9450
  front_buf:0 use_vblank_rather_than_page_flip:0
#>>> modeset_draw before select(fd) cur:1626086971509841...
  after select time :1626086971521217 ret:1
modeset_page_flip_event
modeset_draw_dev fd:3 dev:0xaaaacf3d9450
  drmWaitVBlank success. wait event...
#>>> modeset_draw before select(fd) cur:1626086971542512...
  after select time :1626086971542542 ret:1
modeset_vblank_event fd:3 sequence:27017 tv_sec:14888 tv_usec:12049 user_data:0xaaaacf3d9450
  front_buf:1 use_vblank_rather_than_page_flip:0
#>>> modeset_draw before select(fd) cur:1626086971542587...
  after select time :1626086971554549 ret:1
modeset_page_flip_event
modeset_draw_dev fd:3 dev:0xaaaacf3d9450
  drmWaitVBlank success. wait event...
#>>> modeset_draw before select(fd) cur:1626086971576056...
  after select time :1626086971576085 ret:1
modeset_vblank_event fd:3 sequence:27019 tv_sec:14888 tv_usec:45383 user_data:0xaaaacf3d9450
  front_buf:0 use_vblank_rather_than_page_flip:0
#>>> modeset_draw before select(fd) cur:1626086971576129...
  after select time :1626086971587894 ret:1
modeset_page_flip_event
modeset_draw_dev fd:3 dev:0xaaaacf3d9450
  drmWaitVBlank success. wait event...
#>>> modeset_draw before select(fd) cur:1626086971608918...
  after select time :1626086971608950 ret:1
modeset_vblank_event fd:3 sequence:27021 tv_sec:14888 tv_usec:78714 user_data:0xaaaacf3d9450
  front_buf:1 use_vblank_rather_than_page_flip:0
#>>> modeset_draw before select(fd) cur:1626086971608995...
  after select time :1626086971621216 ret:1
modeset_page_flip_event
modeset_draw_dev fd:3 dev:0xaaaacf3d9450
  drmWaitVBlank success. wait event...
#>>> modeset_draw before select(fd) cur:1626086971645048...
  after select time :1626086971645079 ret:1
modeset_vblank_event fd:3 sequence:27023 tv_sec:14888 tv_usec:112047 user_data:0xaaaacf3d9450
  front_buf:0 use_vblank_rather_than_page_flip:0
#>>> modeset_draw before select(fd) cur:1626086971645125...
  after select time :1626086971654547 ret:1
modeset_page_flip_event
modeset_draw_dev fd:3 dev:0xaaaacf3d9450
  drmWaitVBlank success. wait event...
#>>> modeset_draw before select(fd) cur:1626086971676170...
  after select time :1626086971676200 ret:1
modeset_vblank_event fd:3 sequence:27025 tv_sec:14888 tv_usec:145381 user_data:0xaaaacf3d9450
  front_buf:1 use_vblank_rather_than_page_flip:0
#>>> modeset_draw before select(fd) cur:1626086971676246...
  after select time :1626086971687880 ret:1
modeset_page_flip_event
modeset_draw_dev fd:3 dev:0xaaaacf3d9450
  drmWaitVBlank success. wait event...
#>>> modeset_draw before select(fd) cur:1626086971709630...
  after select time :1626086971709660 ret:1
modeset_vblank_event fd:3 sequence:27027 tv_sec:14888 tv_usec:178715 user_data:0xaaaacf3d9450
  front_buf:0 use_vblank_rather_than_page_flip:0
#>>> modeset_draw before select(fd) cur:1626086971709704...
  after select time :1626086971721214 ret:1
modeset_page_flip_event
modeset_draw_dev fd:3 dev:0xaaaacf3d9450
  drmWaitVBlank success. wait event...
#>>> modeset_draw before select(fd) cur:1626086971741981...
  after select time :1626086971742011 ret:1
modeset_vblank_event fd:3 sequence:27029 tv_sec:14888 tv_usec:212045 user_data:0xaaaacf3d9450
  front_buf:1 use_vblank_rather_than_page_flip:0
#>>> modeset_draw before select(fd) cur:1626086971742055...

