modeset_draw(fd:3)
modeset_draw_dev fd:3 dev:0xaaaacbe5c450
  drmWaitVBlank success. wait event...
###########没有了set crtc之后，则只要画完了，就会wait vblank，然后基本马上就会收到。
#>>> modeset_draw before select(fd) cur:1626159441804962...
  after select time :1626159441804985 ret:1
modeset_vblank_event fd:3 sequence:29197 tv_sec:87358 tv_usec:273651 user_data:0xaaaacbe5c450
  front_buf:1 use_vblank_rather_than_page_flip:1
modeset_draw_dev fd:3 dev:0xaaaacbe5c450
  drmWaitVBlank success. wait event...
#>>> modeset_draw before select(fd) cur:1626159441810415...
  after select time :1626159441810431 ret:1
modeset_vblank_event fd:3 sequence:29197 tv_sec:87358 tv_usec:273651 user_data:0xaaaacbe5c450
  front_buf:0 use_vblank_rather_than_page_flip:1
modeset_draw_dev fd:3 dev:0xaaaacbe5c450
  drmWaitVBlank success. wait event...
#>>> modeset_draw before select(fd) cur:1626159441815792...
  after select time :1626159441815807 ret:1
modeset_vblank_event fd:3 sequence:29197 tv_sec:87358 tv_usec:273651 user_data:0xaaaacbe5c450
  front_buf:1 use_vblank_rather_than_page_flip:1
modeset_draw_dev fd:3 dev:0xaaaacbe5c450
  drmWaitVBlank success. wait event...
#>>> modeset_draw before select(fd) cur:1626159441821259...
  after select time :1626159441821275 ret:1
modeset_vblank_event fd:3 sequence:29198 tv_sec:87358 tv_usec:290314 user_data:0xaaaacbe5c450
  front_buf:0 use_vblank_rather_than_page_flip:1
modeset_draw_dev fd:3 dev:0xaaaacbe5c450
  drmWaitVBlank success. wait event...
#>>> modeset_draw before select(fd) cur:1626159441826636...
  after select time :1626159441826651 ret:1
modeset_vblank_event fd:3 sequence:29198 tv_sec:87358 tv_usec:290314 user_data:0xaaaacbe5c450
  front_buf:1 use_vblank_rather_than_page_flip:1
modeset_draw_dev fd:3 dev:0xaaaacbe5c450
  drmWaitVBlank success. wait event...
#>>> modeset_draw before select(fd) cur:1626159441832146...
  after select time :1626159441832162 ret:1
modeset_vblank_event fd:3 sequence:29198 tv_sec:87358 tv_usec:290314 user_data:0xaaaacbe5c450
  front_buf:0 use_vblank_rather_than_page_flip:1
modeset_draw_dev fd:3 dev:0xaaaacbe5c450
  drmWaitVBlank success. wait event...
#>>> modeset_draw before select(fd) cur:1626159441837685...
  after select time :1626159441837703 ret:1
modeset_vblank_event fd:3 sequence:29199 tv_sec:87358 tv_usec:306984 user_data:0xaaaacbe5c450
  front_buf:1 use_vblank_rather_than_page_flip:1
modeset_draw_dev fd:3 dev:0xaaaacbe5c450
  drmWaitVBlank success. wait event...
#>>> modeset_draw before select(fd) cur:1626159441843074...
  after select time :1626159441843091 ret:1
modeset_vblank_event fd:3 sequence:29199 tv_sec:87358 tv_usec:306984 user_data:0xaaaacbe5c450
  front_buf:0 use_vblank_rather_than_page_flip:1
modeset_draw_dev fd:3 dev:0xaaaacbe5c450
  drmWaitVBlank success. wait event...
#>>> modeset_draw before select(fd) cur:1626159441848416...
  after select time :1626159441848431 ret:1
modeset_vblank_event fd:3 sequence:29199 tv_sec:87358 tv_usec:306984 user_data:0xaaaacbe5c450
  front_buf:1 use_vblank_rather_than_page_flip:1
modeset_draw_dev fd:3 dev:0xaaaacbe5c450
  drmWaitVBlank success. wait event...
#>>> modeset_draw before select(fd) cur:1626159441853731...
  after select time :1626159441853745 ret:1
modeset_vblank_event fd:3 sequence:29200 tv_sec:87358 tv_usec:323646 user_data:0xaaaacbe5c450
  front_buf:0 use_vblank_rather_than_page_flip:1
modeset_draw_dev fd:3 dev:0xaaaacbe5c450
  drmWaitVBlank success. wait event...
#>>> modeset_draw before select(fd) cur:1626159441859085...
  after select time :1626159441859101 ret:1
modeset_vblank_event fd:3 sequence:29200 tv_sec:87358 tv_usec:323646 user_data:0xaaaacbe5c450
  front_buf:1 use_vblank_rather_than_page_flip:1
modeset_draw_dev fd:3 dev:0xaaaacbe5c450
  drmWaitVBlank success. wait event...
#>>> modeset_draw before select(fd) cur:1626159441864421...
  after select time :1626159441864436 ret:1
modeset_vblank_event fd:3 sequence:29200 tv_sec:87358 tv_usec:323646 user_data:0xaaaacbe5c450
  front_buf:0 use_vblank_rather_than_page_flip:1
modeset_draw_dev fd:3 dev:0xaaaacbe5c450
  drmWaitVBlank success. wait event...
#>>> modeset_draw before select(fd) cur:1626159441869835...
  after select time :1626159441869851 ret:1
modeset_vblank_event fd:3 sequence:29201 tv_sec:87358 tv_usec:340316 user_data:0xaaaacbe5c450
  front_buf:1 use_vblank_rather_than_page_flip:1
modeset_draw_dev fd:3 dev:0xaaaacbe5c450
  drmWaitVBlank success. wait event...
#>>> modeset_draw before select(fd) cur:1626159441875373...
  after select time :1626159441875390 ret:1
modeset_vblank_event fd:3 sequence:29201 tv_sec:87358 tv_usec:340316 user_data:0xaaaacbe5c450
  front_buf:0 use_vblank_rather_than_page_flip:1
modeset_draw_dev fd:3 dev:0xaaaacbe5c450
  drmWaitVBlank success. wait event...
#>>> modeset_draw before select(fd) cur:1626159441880930...
  after select time :1626159441880947 ret:1
modeset_vblank_event fd:3 sequence:29201 tv_sec:87358 tv_usec:340316 user_data:0xaaaacbe5c450
  front_buf:1 use_vblank_rather_than_page_flip:1
modeset_draw_dev fd:3 dev:0xaaaacbe5c450
  drmWaitVBlank success. wait event...
#>>> modeset_draw before select(fd) cur:1626159441886260...
  after select time :1626159441886275 ret:1
modeset_vblank_event fd:3 sequence:29202 tv_sec:87358 tv_usec:356978 user_data:0xaaaacbe5c450
  front_buf:0 use_vblank_rather_than_page_flip:1
modeset_draw_dev fd:3 dev:0xaaaacbe5c450
  drmWaitVBlank success. wait event...
#>>> modeset_draw before select(fd) cur:1626159441891620...
  after select time :1626159441891638 ret:1
modeset_vblank_event fd:3 sequence:29202 tv_sec:87358 tv_usec:356978 user_data:0xaaaacbe5c450
  front_buf:1 use_vblank_rather_than_page_flip:1
modeset_draw_dev fd:3 dev:0xaaaacbe5c450
  drmWaitVBlank success. wait event...
#>>> modeset_draw before select(fd) cur:1626159441897000...
  after select time :1626159441897015 ret:1
modeset_vblank_event fd:3 sequence:29202 tv_sec:87358 tv_usec:356978 user_data:0xaaaacbe5c450
  front_buf:0 use_vblank_rather_than_page_flip:1
modeset_draw_dev fd:3 dev:0xaaaacbe5c450
  drmWaitVBlank success. wait event...
#>>> modeset_draw before select(fd) cur:1626159441902339...
  after select time :1626159441902355 ret:1
modeset_vblank_event fd:3 sequence:29203 tv_sec:87358 tv_usec:373644 user_data:0xaaaacbe5c450
  front_buf:1 use_vblank_rather_than_page_flip:1
modeset_draw_dev fd:3 dev:0xaaaacbe5c450
  drmWaitVBlank success. wait event...
#>>> modeset_draw before select(fd) cur:1626159441907722...
  after select time :1626159441907737 ret:1
modeset_vblank_event fd:3 sequence:29203 tv_sec:87358 tv_usec:373644 user_data:0xaaaacbe5c450
  front_buf:0 use_vblank_rather_than_page_flip:1
modeset_draw_dev fd:3 dev:0xaaaacbe5c450
  drmWaitVBlank success. wait event...
#>>> modeset_draw before select(fd) cur:1626159441913146...
  after select time :1626159441913161 ret:1
modeset_vblank_event fd:3 sequence:29203 tv_sec:87358 tv_usec:373644 user_data:0xaaaacbe5c450
  front_buf:1 use_vblank_rather_than_page_flip:1
modeset_draw_dev fd:3 dev:0xaaaacbe5c450
  drmWaitVBlank success. wait event...
#>>> modeset_draw before select(fd) cur:1626159441918669...
  after select time :1626159441918688 ret:1
modeset_vblank_event fd:3 sequence:29204 tv_sec:87358 tv_usec:390316 user_data:0xaaaacbe5c450
  front_buf:0 use_vblank_rather_than_page_flip:1
modeset_draw_dev fd:3 dev:0xaaaacbe5c450
  drmWaitVBlank success. wait event...
#>>> modeset_draw before select(fd) cur:1626159441924019...
  after select time :1626159441924035 ret:1
modeset_vblank_event fd:3 sequence:29204 tv_sec:87358 tv_usec:390316 user_data:0xaaaacbe5c450
  front_buf:1 use_vblank_rather_than_page_flip:1
modeset_draw_dev fd:3 dev:0xaaaacbe5c450
  drmWaitVBlank success. wait event...
#>>> modeset_draw before select(fd) cur:1626159441929384...
  after select time :1626159441929401 ret:1
modeset_vblank_event fd:3 sequence:29204 tv_sec:87358 tv_usec:390316 user_data:0xaaaacbe5c450
  front_buf:0 use_vblank_rather_than_page_flip:1
modeset_draw_dev fd:3 dev:0xaaaacbe5c450
  drmWaitVBlank success. wait event...
#>>> modeset_draw before select(fd) cur:1626159441934760...
  after select time :1626159441934775 ret:1
modeset_vblank_event fd:3 sequence:29205 tv_sec:87358 tv_usec:406981 user_data:0xaaaacbe5c450
  front_buf:1 use_vblank_rather_than_page_flip:1
modeset_draw_dev fd:3 dev:0xaaaacbe5c450
  drmWaitVBlank success. wait event...
#>>> modeset_draw before select(fd) cur:1626159441940197...
  after select time :1626159441940213 ret:1
modeset_vblank_event fd:3 sequence:29205 tv_sec:87358 tv_usec:406981 user_data:0xaaaacbe5c450
  front_buf:0 use_vblank_rather_than_page_flip:1
modeset_draw_dev fd:3 dev:0xaaaacbe5c450
  drmWaitVBlank success. wait event...
#>>> modeset_draw before select(fd) cur:1626159441945531...
  after select time :1626159441945546 ret:1
modeset_vblank_event fd:3 sequence:29205 tv_sec:87358 tv_usec:406981 user_data:0xaaaacbe5c450
  front_buf:1 use_vblank_rather_than_page_flip:1
modeset_draw_dev fd:3 dev:0xaaaacbe5c450
  drmWaitVBlank success. wait event...
#>>> modeset_draw before select(fd) cur:1626159441950974...
  after select time :1626159441950990 ret:1
modeset_vblank_event fd:3 sequence:29206 tv_sec:87358 tv_usec:423649 user_data:0xaaaacbe5c450
  front_buf:0 use_vblank_rather_than_page_flip:1
modeset_draw_dev fd:3 dev:0xaaaacbe5c450
  drmWaitVBlank success. wait event...
#>>> modeset_draw before select(fd) cur:1626159441956439...
  after select time :1626159441956455 ret:1
modeset_vblank_event fd:3 sequence:29206 tv_sec:87358 tv_usec:423649 user_data:0xaaaacbe5c450
  front_buf:1 use_vblank_rather_than_page_flip:1
modeset_draw_dev fd:3 dev:0xaaaacbe5c450
  drmWaitVBlank success. wait event...
#>>> modeset_draw before select(fd) cur:1626159441961949...
  after select time :1626159441961968 ret:1
modeset_vblank_event fd:3 sequence:29206 tv_sec:87358 tv_usec:423649 user_data:0xaaaacbe5c450
  front_buf:0 use_vblank_rather_than_page_flip:1
modeset_draw_dev fd:3 dev:0xaaaacbe5c450
  drmWaitVBlank success. wait event...
#>>> modeset_draw before select(fd) cur:1626159441967280...
  after select time :1626159441967295 ret:1
modeset_vblank_event fd:3 sequence:29207 tv_sec:87358 tv_usec:440312 user_data:0xaaaacbe5c450
  front_buf:1 use_vblank_rather_than_page_flip:1
modeset_draw_dev fd:3 dev:0xaaaacbe5c450
  drmWaitVBlank success. wait event...
#>>> modeset_draw before select(fd) cur:1626159441972613...
  after select time :1626159441972628 ret:1
modeset_vblank_event fd:3 sequence:29207 tv_sec:87358 tv_usec:440312 user_data:0xaaaacbe5c450
  front_buf:0 use_vblank_rather_than_page_flip:1
modeset_draw_dev fd:3 dev:0xaaaacbe5c450
  drmWaitVBlank success. wait event...
#>>> modeset_draw before select(fd) cur:1626159441977965...
  after select time :1626159441977980 ret:1
modeset_vblank_event fd:3 sequence:29207 tv_sec:87358 tv_usec:440312 user_data:0xaaaacbe5c450
  front_buf:1 use_vblank_rather_than_page_flip:1
modeset_draw_dev fd:3 dev:0xaaaacbe5c450
  drmWaitVBlank success. wait event...
#>>> modeset_draw before select(fd) cur:1626159441983298...
  after select time :1626159441983313 ret:1
modeset_vblank_event fd:3 sequence:29208 tv_sec:87358 tv_usec:456981 user_data:0xaaaacbe5c450
  front_buf:0 use_vblank_rather_than_page_flip:1
modeset_draw_dev fd:3 dev:0xaaaacbe5c450
  drmWaitVBlank success. wait event...
#>>> modeset_draw before select(fd) cur:1626159441988734...
  after select time :1626159441988750 ret:1
modeset_vblank_event fd:3 sequence:29208 tv_sec:87358 tv_usec:456981 user_data:0xaaaacbe5c450
  front_buf:1 use_vblank_rather_than_page_flip:1
modeset_draw_dev fd:3 dev:0xaaaacbe5c450
  drmWaitVBlank success. wait event...
#>>> modeset_draw before select(fd) cur:1626159441994163...
  after select time :1626159441994178 ret:1
modeset_vblank_event fd:3 sequence:29208 tv_sec:87358 tv_usec:456981 user_data:0xaaaacbe5c450
  front_buf:0 use_vblank_rather_than_page_flip:1
modeset_draw_dev fd:3 dev:0xaaaacbe5c450
  drmWaitVBlank success. wait event...
#>>> modeset_draw before select(fd) cur:1626159441999676...
  after select time :1626159441999694 ret:1
modeset_vblank_event fd:3 sequence:29209 tv_sec:87358 tv_usec:473653 user_data:0xaaaacbe5c450
  front_buf:1 use_vblank_rather_than_page_flip:1
modeset_draw_dev fd:3 dev:0xaaaacbe5c450
  drmWaitVBlank success. wait event...
#>>> modeset_draw before select(fd) cur:1626159442005009...
  after select time :1626159442005024 ret:1
modeset_vblank_event fd:3 sequence:29209 tv_sec:87358 tv_usec:473653 user_data:0xaaaacbe5c450
  front_buf:0 use_vblank_rather_than_page_flip:1
modeset_draw_dev fd:3 dev:0xaaaacbe5c450
  drmWaitVBlank success. wait event...
#>>> modeset_draw before select(fd) cur:1626159442010472...
  after select time :1626159442010488 ret:1
modeset_vblank_event fd:3 sequence:29209 tv_sec:87358 tv_usec:473653 user_data:0xaaaacbe5c450
  front_buf:1 use_vblank_rather_than_page_flip:1
modeset_draw_dev fd:3 dev:0xaaaacbe5c450
  drmWaitVBlank success. wait event...
#>>> modeset_draw before select(fd) cur:1626159442015807...
  after select time :1626159442015822 ret:1
modeset_vblank_event fd:3 sequence:29209 tv_sec:87358 tv_usec:473653 user_data:0xaaaacbe5c450
  front_buf:0 use_vblank_rather_than_page_flip:1
modeset_draw_dev fd:3 dev:0xaaaacbe5c450
  drmWaitVBlank success. wait event...
#>>> modeset_draw before select(fd) cur:1626159442021121...
  after select time :1626159442021136 ret:1
modeset_vblank_event fd:3 sequence:29210 tv_sec:87358 tv_usec:490313 user_data:0xaaaacbe5c450
  front_buf:1 use_vblank_rather_than_page_flip:1
modeset_draw_dev fd:3 dev:0xaaaacbe5c450
  drmWaitVBlank success. wait event...
#>>> modeset_draw before select(fd) cur:1626159442026507...
  after select time :1626159442026522 ret:1
modeset_vblank_event fd:3 sequence:29210 tv_sec:87358 tv_usec:490313 user_data:0xaaaacbe5c450
  front_buf:0 use_vblank_rather_than_page_flip:1
modeset_draw_dev fd:3 dev:0xaaaacbe5c450
  drmWaitVBlank success. wait event...
#>>> modeset_draw before select(fd) cur:1626159442031933...
  after select time :1626159442031949 ret:1
modeset_vblank_event fd:3 sequence:29210 tv_sec:87358 tv_usec:490313 user_data:0xaaaacbe5c450
  front_buf:1 use_vblank_rather_than_page_flip:1
modeset_draw_dev fd:3 dev:0xaaaacbe5c450
  drmWaitVBlank success. wait event...
#>>> modeset_draw before select(fd) cur:1626159442037507...
  after select time :1626159442037526 ret:1
modeset_vblank_event fd:3 sequence:29211 tv_sec:87358 tv_usec:506981 user_data:0xaaaacbe5c450
  front_buf:0 use_vblank_rather_than_page_flip:1
modeset_draw_dev fd:3 dev:0xaaaacbe5c450
  drmWaitVBlank success. wait event...
#>>> modeset_draw before select(fd) cur:1626159442042867...
  after select time :1626159442042882 ret:1
modeset_vblank_event fd:3 sequence:29211 tv_sec:87358 tv_usec:506981 user_data:0xaaaacbe5c450
  front_buf:1 use_vblank_rather_than_page_flip:1
modeset_draw_dev fd:3 dev:0xaaaacbe5c450
  drmWaitVBlank success. wait event...
#>>> modeset_draw before select(fd) cur:1626159442048240...
  after select time :1626159442048258 ret:1
modeset_vblank_event fd:3 sequence:29211 tv_sec:87358 tv_usec:506981 user_data:0xaaaacbe5c450
  front_buf:0 use_vblank_rather_than_page_flip:1
modeset_draw_dev fd:3 dev:0xaaaacbe5c450
  drmWaitVBlank success. wait event...
#>>> modeset_draw before select(fd) cur:1626159442053564...
  after select time :1626159442053579 ret:1
modeset_vblank_event fd:3 sequence:29212 tv_sec:87358 tv_usec:523644 user_data:0xaaaacbe5c450
  front_buf:1 use_vblank_rather_than_page_flip:1
modeset_draw_dev fd:3 dev:0xaaaacbe5c450
  drmWaitVBlank success. wait event...
#>>> modeset_draw before select(fd) cur:1626159442058919...
  after select time :1626159442058935 ret:1
modeset_vblank_event fd:3 sequence:29212 tv_sec:87358 tv_usec:523644 user_data:0xaaaacbe5c450
  front_buf:0 use_vblank_rather_than_page_flip:1
modeset_draw_dev fd:3 dev:0xaaaacbe5c450
  drmWaitVBlank success. wait event...
#>>> modeset_draw before select(fd) cur:1626159442064254...
  after select time :1626159442064268 ret:1
modeset_vblank_event fd:3 sequence:29212 tv_sec:87358 tv_usec:523644 user_data:0xaaaacbe5c450
  front_buf:1 use_vblank_rather_than_page_flip:1
modeset_draw_dev fd:3 dev:0xaaaacbe5c450
  drmWaitVBlank success. wait event...
#>>> modeset_draw before select(fd) cur:1626159442069640...
  after select time :1626159442069655 ret:1
modeset_vblank_event fd:3 sequence:29213 tv_sec:87358 tv_usec:540318 user_data:0xaaaacbe5c450
  front_buf:0 use_vblank_rather_than_page_flip:1
modeset_draw_dev fd:3 dev:0xaaaacbe5c450
  drmWaitVBlank success. wait event...
#>>> modeset_draw before select(fd) cur:1626159442075161...
  after select time :1626159442075179 ret:1
modeset_vblank_event fd:3 sequence:29213 tv_sec:87358 tv_usec:540318 user_data:0xaaaacbe5c450
  front_buf:1 use_vblank_rather_than_page_flip:1
modeset_draw_dev fd:3 dev:0xaaaacbe5c450
  drmWaitVBlank success. wait event...
#>>> modeset_draw before select(fd) cur:1626159442080661...
  after select time :1626159442080680 ret:1
modeset_vblank_event fd:3 sequence:29213 tv_sec:87358 tv_usec:540318 user_data:0xaaaacbe5c450
  front_buf:0 use_vblank_rather_than_page_flip:1
modeset_draw_dev fd:3 dev:0xaaaacbe5c450
  drmWaitVBlank success. wait event...
#>>> modeset_draw before select(fd) cur:1626159442086030...
  after select time :1626159442086046 ret:1
modeset_vblank_event fd:3 sequence:29214 tv_sec:87358 tv_usec:556979 user_data:0xaaaacbe5c450
  front_buf:1 use_vblank_rather_than_page_flip:1
modeset_draw_dev fd:3 dev:0xaaaacbe5c450
  drmWaitVBlank success. wait event...
#>>> modeset_draw before select(fd) cur:1626159442091412...
  after select time :1626159442091427 ret:1
modeset_vblank_event fd:3 sequence:29214 tv_sec:87358 tv_usec:556979 user_data:0xaaaacbe5c450
  front_buf:0 use_vblank_rather_than_page_flip:1
modeset_draw_dev fd:3 dev:0xaaaacbe5c450
  drmWaitVBlank success. wait event...
#>>> modeset_draw before select(fd) cur:1626159442096764...
  after select time :1626159442096779 ret:1
modeset_vblank_event fd:3 sequence:29214 tv_sec:87358 tv_usec:556979 user_data:0xaaaacbe5c450
  front_buf:1 use_vblank_rather_than_page_flip:1
modeset_draw_dev fd:3 dev:0xaaaacbe5c450
  drmWaitVBlank success. wait event...
#>>> modeset_draw before select(fd) cur:1626159442102092...
  after select time :1626159442102107 ret:1
modeset_vblank_event fd:3 sequence:29215 tv_sec:87358 tv_usec:573645 user_data:0xaaaacbe5c450
  front_buf:0 use_vblank_rather_than_page_flip:1
modeset_draw_dev fd:3 dev:0xaaaacbe5c450
  drmWaitVBlank success. wait event...
#>>> modeset_draw before select(fd) cur:1626159442107479...
  after select time :1626159442107494 ret:1
modeset_vblank_event fd:3 sequence:29215 tv_sec:87358 tv_usec:573645 user_data:0xaaaacbe5c450
  front_buf:1 use_vblank_rather_than_page_flip:1
modeset_draw_dev fd:3 dev:0xaaaacbe5c450
  drmWaitVBlank success. wait event...
#>>> modeset_draw before select(fd) cur:1626159442112900...
  after select time :1626159442112915 ret:1
modeset_vblank_event fd:3 sequence:29215 tv_sec:87358 tv_usec:573645 user_data:0xaaaacbe5c450
  front_buf:0 use_vblank_rather_than_page_flip:1
modeset_draw_dev fd:3 dev:0xaaaacbe5c450
  drmWaitVBlank success. wait event...
#>>> modeset_draw before select(fd) cur:1626159442118414...
  after select time :1626159442118433 ret:1
modeset_vblank_event fd:3 sequence:29216 tv_sec:87358 tv_usec:590316 user_data:0xaaaacbe5c450
  front_buf:1 use_vblank_rather_than_page_flip:1
modeset_draw_dev fd:3 dev:0xaaaacbe5c450
  drmWaitVBlank success. wait event...
#>>> modeset_draw before select(fd) cur:1626159442123764...
  after select time :1626159442123779 ret:1
modeset_vblank_event fd:3 sequence:29216 tv_sec:87358 tv_usec:590316 user_data:0xaaaacbe5c450
  front_buf:0 use_vblank_rather_than_page_flip:1
modeset_draw_dev fd:3 dev:0xaaaacbe5c450
  drmWaitVBlank success. wait event...
#>>> modeset_draw before select(fd) cur:1626159442129101...
  after select time :1626159442129116 ret:1
modeset_vblank_event fd:3 sequence:29216 tv_sec:87358 tv_usec:590316 user_data:0xaaaacbe5c450
  front_buf:1 use_vblank_rather_than_page_flip:1
modeset_draw_dev fd:3 dev:0xaaaacbe5c450
  drmWaitVBlank success. wait event...
#>>> modeset_draw before select(fd) cur:1626159442134445...
  after select time :1626159442134462 ret:1
modeset_vblank_event fd:3 sequence:29217 tv_sec:87358 tv_usec:606978 user_data:0xaaaacbe5c450
  front_buf:0 use_vblank_rather_than_page_flip:1
modeset_draw_dev fd:3 dev:0xaaaacbe5c450
  drmWaitVBlank success. wait event...
#>>> modeset_draw before select(fd) cur:1626159442139778...
  after select time :1626159442139792 ret:1
modeset_vblank_event fd:3 sequence:29217 tv_sec:87358 tv_usec:606978 user_data:0xaaaacbe5c450
  front_buf:1 use_vblank_rather_than_page_flip:1
modeset_draw_dev fd:3 dev:0xaaaacbe5c450
  drmWaitVBlank success. wait event...
#>>> modeset_draw before select(fd) cur:1626159442145257...
  after select time :1626159442145273 ret:1
modeset_vblank_event fd:3 sequence:29217 tv_sec:87358 tv_usec:606978 user_data:0xaaaacbe5c450
  front_buf:0 use_vblank_rather_than_page_flip:1
modeset_draw_dev fd:3 dev:0xaaaacbe5c450
  drmWaitVBlank success. wait event...
#>>> modeset_draw before select(fd) cur:1626159442150674...
  after select time :1626159442150689 ret:1
modeset_vblank_event fd:3 sequence:29218 tv_sec:87358 tv_usec:623649 user_data:0xaaaacbe5c450
  front_buf:1 use_vblank_rather_than_page_flip:1
modeset_draw_dev fd:3 dev:0xaaaacbe5c450
  drmWaitVBlank success. wait event...
#>>> modeset_draw before select(fd) cur:1626159442156106...
  after select time :1626159442156122 ret:1
modeset_vblank_event fd:3 sequence:29218 tv_sec:87358 tv_usec:623649 user_data:0xaaaacbe5c450
  front_buf:0 use_vblank_rather_than_page_flip:1
modeset_draw_dev fd:3 dev:0xaaaacbe5c450
  drmWaitVBlank success. wait event...
#>>> modeset_draw before select(fd) cur:1626159442161577...
  after select time :1626159442161594 ret:1
modeset_vblank_event fd:3 sequence:29218 tv_sec:87358 tv_usec:623649 user_data:0xaaaacbe5c450
  front_buf:1 use_vblank_rather_than_page_flip:1
modeset_draw_dev fd:3 dev:0xaaaacbe5c450
  drmWaitVBlank success. wait event...
#>>> modeset_draw before select(fd) cur:1626159442166940...
  after select time :1626159442166957 ret:1
modeset_vblank_event fd:3 sequence:29219 tv_sec:87358 tv_usec:640311 user_data:0xaaaacbe5c450
  front_buf:0 use_vblank_rather_than_page_flip:1
modeset_draw_dev fd:3 dev:0xaaaacbe5c450
  drmWaitVBlank success. wait event...
#>>> modeset_draw before select(fd) cur:1626159442172278...
  after select time :1626159442172293 ret:1
modeset_vblank_event fd:3 sequence:29219 tv_sec:87358 tv_usec:640311 user_data:0xaaaacbe5c450
  front_buf:1 use_vblank_rather_than_page_flip:1
modeset_draw_dev fd:3 dev:0xaaaacbe5c450
  drmWaitVBlank success. wait event...
#>>> modeset_draw before select(fd) cur:1626159442177608...
  after select time :1626159442177622 ret:1
modeset_vblank_event fd:3 sequence:29219 tv_sec:87358 tv_usec:640311 user_data:0xaaaacbe5c450
  front_buf:0 use_vblank_rather_than_page_flip:1
modeset_draw_dev fd:3 dev:0xaaaacbe5c450
  drmWaitVBlank success. wait event...
#>>> modeset_draw before select(fd) cur:1626159442182954...
  after select time :1626159442182969 ret:1
modeset_vblank_event fd:3 sequence:29220 tv_sec:87358 tv_usec:656978 user_data:0xaaaacbe5c450
  front_buf:1 use_vblank_rather_than_page_flip:1
modeset_draw_dev fd:3 dev:0xaaaacbe5c450
  drmWaitVBlank success. wait event...
#>>> modeset_draw before select(fd) cur:1626159442188328...
  after select time :1626159442188343 ret:1
modeset_vblank_event fd:3 sequence:29220 tv_sec:87358 tv_usec:656978 user_data:0xaaaacbe5c450
  front_buf:0 use_vblank_rather_than_page_flip:1
modeset_draw_dev fd:3 dev:0xaaaacbe5c450
  drmWaitVBlank success. wait event...
#>>> modeset_draw before select(fd) cur:1626159442193760...
  after select time :1626159442193775 ret:1
modeset_vblank_event fd:3 sequence:29220 tv_sec:87358 tv_usec:656978 user_data:0xaaaacbe5c450
  front_buf:1 use_vblank_rather_than_page_flip:1
modeset_draw_dev fd:3 dev:0xaaaacbe5c450
  drmWaitVBlank success. wait event...
#>>> modeset_draw before select(fd) cur:1626159442199317...
  after select time :1626159442199336 ret:1
modeset_vblank_event fd:3 sequence:29220 tv_sec:87358 tv_usec:656978 user_data:0xaaaacbe5c450
  front_buf:0 use_vblank_rather_than_page_flip:1
modeset_draw_dev fd:3 dev:0xaaaacbe5c450
  drmWaitVBlank success. wait event...
#>>> modeset_draw before select(fd) cur:1626159442204686...
  after select time :1626159442204703 ret:1
modeset_vblank_event fd:3 sequence:29221 tv_sec:87358 tv_usec:673655 user_data:0xaaaacbe5c450
  front_buf:1 use_vblank_rather_than_page_flip:1
modeset_draw_dev fd:3 dev:0xaaaacbe5c450
  drmWaitVBlank success. wait event...
#>>> modeset_draw before select(fd) cur:1626159442210113...
  after select time :1626159442210129 ret:1
modeset_vblank_event fd:3 sequence:29221 tv_sec:87358 tv_usec:673655 user_data:0xaaaacbe5c450
  front_buf:0 use_vblank_rather_than_page_flip:1
modeset_draw_dev fd:3 dev:0xaaaacbe5c450
  drmWaitVBlank success. wait event...
#>>> modeset_draw before select(fd) cur:1626159442215466...
  after select time :1626159442215481 ret:1
modeset_vblank_event fd:3 sequence:29221 tv_sec:87358 tv_usec:673655 user_data:0xaaaacbe5c450
  front_buf:1 use_vblank_rather_than_page_flip:1
modeset_draw_dev fd:3 dev:0xaaaacbe5c450
  drmWaitVBlank success. wait event...
#>>> modeset_draw before select(fd) cur:1626159442220780...
  after select time :1626159442220795 ret:1
modeset_vblank_event fd:3 sequence:29222 tv_sec:87358 tv_usec:690311 user_data:0xaaaacbe5c450
  front_buf:0 use_vblank_rather_than_page_flip:1
modeset_draw_dev fd:3 dev:0xaaaacbe5c450
  drmWaitVBlank success. wait event...
#>>> modeset_draw before select(fd) cur:1626159442226153...
  after select time :1626159442226169 ret:1
modeset_vblank_event fd:3 sequence:29222 tv_sec:87358 tv_usec:690311 user_data:0xaaaacbe5c450
  front_buf:1 use_vblank_rather_than_page_flip:1
modeset_draw_dev fd:3 dev:0xaaaacbe5c450
  drmWaitVBlank success. wait event...
#>>> modeset_draw before select(fd) cur:1626159442231577...
  after select time :1626159442231592 ret:1
modeset_vblank_event fd:3 sequence:29222 tv_sec:87358 tv_usec:690311 user_data:0xaaaacbe5c450
  front_buf:0 use_vblank_rather_than_page_flip:1
modeset_draw_dev fd:3 dev:0xaaaacbe5c450
  drmWaitVBlank success. wait event...
#>>> modeset_draw before select(fd) cur:1626159442237018...
  after select time :1626159442237039 ret:1
modeset_vblank_event fd:3 sequence:29223 tv_sec:87358 tv_usec:706981 user_data:0xaaaacbe5c450
  front_buf:1 use_vblank_rather_than_page_flip:1
modeset_draw_dev fd:3 dev:0xaaaacbe5c450
  drmWaitVBlank success. wait event...
#>>> modeset_draw before select(fd) cur:1626159442242442...
  after select time :1626159442242458 ret:1
modeset_vblank_event fd:3 sequence:29223 tv_sec:87358 tv_usec:706981 user_data:0xaaaacbe5c450
  front_buf:0 use_vblank_rather_than_page_flip:1
modeset_draw_dev fd:3 dev:0xaaaacbe5c450
  drmWaitVBlank success. wait event...
#>>> modeset_draw before select(fd) cur:1626159442247825...
  after select time :1626159442247840 ret:1
modeset_vblank_event fd:3 sequence:29223 tv_sec:87358 tv_usec:706981 user_data:0xaaaacbe5c450
  front_buf:1 use_vblank_rather_than_page_flip:1
modeset_draw_dev fd:3 dev:0xaaaacbe5c450
  drmWaitVBlank success. wait event...
#>>> modeset_draw before select(fd) cur:1626159442253163...
  after select time :1626159442253181 ret:1
modeset_vblank_event fd:3 sequence:29224 tv_sec:87358 tv_usec:723646 user_data:0xaaaacbe5c450
  front_buf:0 use_vblank_rather_than_page_flip:1
modeset_draw_dev fd:3 dev:0xaaaacbe5c450
  drmWaitVBlank success. wait event...
#>>> modeset_draw before select(fd) cur:1626159442258505...
  after select time :1626159442258519 ret:1
modeset_vblank_event fd:3 sequence:29224 tv_sec:87358 tv_usec:723646 user_data:0xaaaacbe5c450
  front_buf:1 use_vblank_rather_than_page_flip:1
modeset_draw_dev fd:3 dev:0xaaaacbe5c450
  drmWaitVBlank success. wait event...
#>>> modeset_draw before select(fd) cur:1626159442263851...
  after select time :1626159442263866 ret:1
modeset_vblank_event fd:3 sequence:29224 tv_sec:87358 tv_usec:723646 user_data:0xaaaacbe5c450
  front_buf:0 use_vblank_rather_than_page_flip:1
modeset_draw_dev fd:3 dev:0xaaaacbe5c450
  drmWaitVBlank success. wait event...
#>>> modeset_draw before select(fd) cur:1626159442269228...
  after select time :1626159442269243 ret:1
modeset_vblank_event fd:3 sequence:29225 tv_sec:87358 tv_usec:740310 user_data:0xaaaacbe5c450
  front_buf:1 use_vblank_rather_than_page_flip:1
modeset_draw_dev fd:3 dev:0xaaaacbe5c450
  drmWaitVBlank success. wait event...
#>>> modeset_draw before select(fd) cur:1626159442274659...
  after select time :1626159442274674 ret:1
modeset_vblank_event fd:3 sequence:29225 tv_sec:87358 tv_usec:740310 user_data:0xaaaacbe5c450
  front_buf:0 use_vblank_rather_than_page_flip:1
modeset_draw_dev fd:3 dev:0xaaaacbe5c450
  drmWaitVBlank success. wait event...
#>>> modeset_draw before select(fd) cur:1626159442280253...
  after select time :1626159442280272 ret:1
modeset_vblank_event fd:3 sequence:29225 tv_sec:87358 tv_usec:740310 user_data:0xaaaacbe5c450
  front_buf:1 use_vblank_rather_than_page_flip:1
modeset_draw_dev fd:3 dev:0xaaaacbe5c450
  drmWaitVBlank success. wait event...
#>>> modeset_draw before select(fd) cur:1626159442285580...
  after select time :1626159442285596 ret:1
modeset_vblank_event fd:3 sequence:29226 tv_sec:87358 tv_usec:756979 user_data:0xaaaacbe5c450
  front_buf:0 use_vblank_rather_than_page_flip:1
modeset_draw_dev fd:3 dev:0xaaaacbe5c450
  drmWaitVBlank success. wait event...
#>>> modeset_draw before select(fd) cur:1626159442290953...
  after select time :1626159442290969 ret:1
modeset_vblank_event fd:3 sequence:29226 tv_sec:87358 tv_usec:756979 user_data:0xaaaacbe5c450
  front_buf:1 use_vblank_rather_than_page_flip:1
modeset_draw_dev fd:3 dev:0xaaaacbe5c450
  drmWaitVBlank success. wait event...
#>>> modeset_draw before select(fd) cur:1626159442296286...
  after select time :1626159442296301 ret:1
modeset_vblank_event fd:3 sequence:29226 tv_sec:87358 tv_usec:756979 user_data:0xaaaacbe5c450
  front_buf:0 use_vblank_rather_than_page_flip:1
modeset_draw_dev fd:3 dev:0xaaaacbe5c450
  drmWaitVBlank success. wait event...
#>>> modeset_draw before select(fd) cur:1626159442301668...
  after select time :1626159442301684 ret:1
modeset_vblank_event fd:3 sequence:29227 tv_sec:87358 tv_usec:773644 user_data:0xaaaacbe5c450
  front_buf:1 use_vblank_rather_than_page_flip:1
modeset_draw_dev fd:3 dev:0xaaaacbe5c450
  drmWaitVBlank success. wait event...
#>>> modeset_draw before select(fd) cur:1626159442307045...
  after select time :1626159442307060 ret:1
modeset_vblank_event fd:3 sequence:29227 tv_sec:87358 tv_usec:773644 user_data:0xaaaacbe5c450
  front_buf:0 use_vblank_rather_than_page_flip:1
modeset_draw_dev fd:3 dev:0xaaaacbe5c450
  drmWaitVBlank success. wait event...
#>>> modeset_draw before select(fd) cur:1626159442312471...
  after select time :1626159442312487 ret:1
modeset_vblank_event fd:3 sequence:29227 tv_sec:87358 tv_usec:773644 user_data:0xaaaacbe5c450
  front_buf:1 use_vblank_rather_than_page_flip:1
modeset_draw_dev fd:3 dev:0xaaaacbe5c450
  drmWaitVBlank success. wait event...
#>>> modeset_draw before select(fd) cur:1626159442317985...
  after select time :1626159442318004 ret:1
modeset_vblank_event fd:3 sequence:29228 tv_sec:87358 tv_usec:790315 user_data:0xaaaacbe5c450
  front_buf:0 use_vblank_rather_than_page_flip:1
modeset_draw_dev fd:3 dev:0xaaaacbe5c450
  drmWaitVBlank success. wait event...
#>>> modeset_draw before select(fd) cur:1626159442323363...
  after select time :1626159442323380 ret:1
modeset_vblank_event fd:3 sequence:29228 tv_sec:87358 tv_usec:790315 user_data:0xaaaacbe5c450
  front_buf:1 use_vblank_rather_than_page_flip:1
modeset_draw_dev fd:3 dev:0xaaaacbe5c450
  drmWaitVBlank success. wait event...
#>>> modeset_draw before select(fd) cur:1626159442328703...
  after select time :1626159442328717 ret:1
modeset_vblank_event fd:3 sequence:29228 tv_sec:87358 tv_usec:790315 user_data:0xaaaacbe5c450
  front_buf:0 use_vblank_rather_than_page_flip:1
modeset_draw_dev fd:3 dev:0xaaaacbe5c450
  drmWaitVBlank success. wait event...
#>>> modeset_draw before select(fd) cur:1626159442334038...
  after select time :1626159442334053 ret:1
modeset_vblank_event fd:3 sequence:29229 tv_sec:87358 tv_usec:806976 user_data:0xaaaacbe5c450
  front_buf:1 use_vblank_rather_than_page_flip:1
modeset_draw_dev fd:3 dev:0xaaaacbe5c450
  drmWaitVBlank success. wait event...
#>>> modeset_draw before select(fd) cur:1626159442339368...
  after select time :1626159442339383 ret:1
modeset_vblank_event fd:3 sequence:29229 tv_sec:87358 tv_usec:806976 user_data:0xaaaacbe5c450
  front_buf:0 use_vblank_rather_than_page_flip:1
modeset_draw_dev fd:3 dev:0xaaaacbe5c450
  drmWaitVBlank success. wait event...
#>>> modeset_draw before select(fd) cur:1626159442344772...
  after select time :1626159442344790 ret:1
modeset_vblank_event fd:3 sequence:29229 tv_sec:87358 tv_usec:806976 user_data:0xaaaacbe5c450
  front_buf:1 use_vblank_rather_than_page_flip:1
modeset_draw_dev fd:3 dev:0xaaaacbe5c450
  drmWaitVBlank success. wait event...
#>>> modeset_draw before select(fd) cur:1626159442350209...
  after select time :1626159442350226 ret:1
modeset_vblank_event fd:3 sequence:29230 tv_sec:87358 tv_usec:823648 user_data:0xaaaacbe5c450
  front_buf:0 use_vblank_rather_than_page_flip:1
modeset_draw_dev fd:3 dev:0xaaaacbe5c450
  drmWaitVBlank success. wait event...
#>>> modeset_draw before select(fd) cur:1626159442355687...
  after select time :1626159442355703 ret:1
modeset_vblank_event fd:3 sequence:29230 tv_sec:87358 tv_usec:823648 user_data:0xaaaacbe5c450
  front_buf:1 use_vblank_rather_than_page_flip:1
modeset_draw_dev fd:3 dev:0xaaaacbe5c450
  drmWaitVBlank success. wait event...
#>>> modeset_draw before select(fd) cur:1626159442361171...
  after select time :1626159442361189 ret:1
modeset_vblank_event fd:3 sequence:29230 tv_sec:87358 tv_usec:823648 user_data:0xaaaacbe5c450
  front_buf:0 use_vblank_rather_than_page_flip:1
modeset_draw_dev fd:3 dev:0xaaaacbe5c450
  drmWaitVBlank success. wait event...
#>>> modeset_draw before select(fd) cur:1626159442366516...
  after select time :1626159442366531 ret:1
modeset_vblank_event fd:3 sequence:29231 tv_sec:87358 tv_usec:840312 user_data:0xaaaacbe5c450
  front_buf:1 use_vblank_rather_than_page_flip:1
modeset_draw_dev fd:3 dev:0xaaaacbe5c450
  drmWaitVBlank success. wait event...
#>>> modeset_draw before select(fd) cur:1626159442371860...
  after select time :1626159442371876 ret:1
modeset_vblank_event fd:3 sequence:29231 tv_sec:87358 tv_usec:840312 user_data:0xaaaacbe5c450
  front_buf:0 use_vblank_rather_than_page_flip:1
modeset_draw_dev fd:3 dev:0xaaaacbe5c450
  drmWaitVBlank success. wait event...
#>>> modeset_draw before select(fd) cur:1626159442377196...
  after select time :1626159442377211 ret:1
modeset_vblank_event fd:3 sequence:29231 tv_sec:87358 tv_usec:840312 user_data:0xaaaacbe5c450
  front_buf:1 use_vblank_rather_than_page_flip:1
modeset_draw_dev fd:3 dev:0xaaaacbe5c450
  drmWaitVBlank success. wait event...
#>>> modeset_draw before select(fd) cur:1626159442382548...
  after select time :1626159442382564 ret:1
modeset_vblank_event fd:3 sequence:29231 tv_sec:87358 tv_usec:840312 user_data:0xaaaacbe5c450
  front_buf:0 use_vblank_rather_than_page_flip:1
modeset_draw_dev fd:3 dev:0xaaaacbe5c450
  drmWaitVBlank success. wait event...
#>>> modeset_draw before select(fd) cur:1626159442387930...
  after select time :1626159442387946 ret:1
modeset_vblank_event fd:3 sequence:29232 tv_sec:87358 tv_usec:856975 user_data:0xaaaacbe5c450
  front_buf:1 use_vblank_rather_than_page_flip:1
modeset_draw_dev fd:3 dev:0xaaaacbe5c450
  drmWaitVBlank success. wait event...
#>>> modeset_draw before select(fd) cur:1626159442393346...
  after select time :1626159442393361 ret:1
modeset_vblank_event fd:3 sequence:29232 tv_sec:87358 tv_usec:856975 user_data:0xaaaacbe5c450
  front_buf:0 use_vblank_rather_than_page_flip:1
modeset_draw_dev fd:3 dev:0xaaaacbe5c450
  drmWaitVBlank success. wait event...
#>>> modeset_draw before select(fd) cur:1626159442398865...
  after select time :1626159442398884 ret:1
modeset_vblank_event fd:3 sequence:29232 tv_sec:87358 tv_usec:856975 user_data:0xaaaacbe5c450
  front_buf:1 use_vblank_rather_than_page_flip:1
modeset_draw_dev fd:3 dev:0xaaaacbe5c450
  drmWaitVBlank success. wait event...
#>>> modeset_draw before select(fd) cur:1626159442404212...
  after select time :1626159442404231 ret:1
modeset_vblank_event fd:3 sequence:29233 tv_sec:87358 tv_usec:873650 user_data:0xaaaacbe5c450
  front_buf:0 use_vblank_rather_than_page_flip:1
modeset_draw_dev fd:3 dev:0xaaaacbe5c450
  drmWaitVBlank success. wait event...
#>>> modeset_draw before select(fd) cur:1626159442409601...
  after select time :1626159442409617 ret:1
modeset_vblank_event fd:3 sequence:29233 tv_sec:87358 tv_usec:873650 user_data:0xaaaacbe5c450
  front_buf:1 use_vblank_rather_than_page_flip:1
modeset_draw_dev fd:3 dev:0xaaaacbe5c450
  drmWaitVBlank success. wait event...
#>>> modeset_draw before select(fd) cur:1626159442415023...
  after select time :1626159442415039 ret:1
modeset_vblank_event fd:3 sequence:29233 tv_sec:87358 tv_usec:873650 user_data:0xaaaacbe5c450
  front_buf:0 use_vblank_rather_than_page_flip:1
modeset_draw_dev fd:3 dev:0xaaaacbe5c450
  drmWaitVBlank success. wait event...
#>>> modeset_draw before select(fd) cur:1626159442420356...
  after select time :1626159442420371 ret:1
modeset_vblank_event fd:3 sequence:29234 tv_sec:87358 tv_usec:890309 user_data:0xaaaacbe5c450
  front_buf:1 use_vblank_rather_than_page_flip:1
modeset_draw_dev fd:3 dev:0xaaaacbe5c450
  drmWaitVBlank success. wait event...
#>>> modeset_draw before select(fd) cur:1626159442425690...
  after select time :1626159442425705 ret:1
modeset_vblank_event fd:3 sequence:29234 tv_sec:87358 tv_usec:890309 user_data:0xaaaacbe5c450
  front_buf:0 use_vblank_rather_than_page_flip:1
modeset_draw_dev fd:3 dev:0xaaaacbe5c450
  drmWaitVBlank success. wait event...
#>>> modeset_draw before select(fd) cur:1626159442431152...
  after select time :1626159442431169 ret:1
modeset_vblank_event fd:3 sequence:29234 tv_sec:87358 tv_usec:890309 user_data:0xaaaacbe5c450
  front_buf:1 use_vblank_rather_than_page_flip:1
modeset_draw_dev fd:3 dev:0xaaaacbe5c450
  drmWaitVBlank success. wait event...
#>>> modeset_draw before select(fd) cur:1626159442436576...
  after select time :1626159442436592 ret:1
modeset_vblank_event fd:3 sequence:29235 tv_sec:87358 tv_usec:906980 user_data:0xaaaacbe5c450
  front_buf:0 use_vblank_rather_than_page_flip:1
modeset_draw_dev fd:3 dev:0xaaaacbe5c450
  drmWaitVBlank success. wait event...
#>>> modeset_draw before select(fd) cur:1626159442442076...
  after select time :1626159442442095 ret:1
modeset_vblank_event fd:3 sequence:29235 tv_sec:87358 tv_usec:906980 user_data:0xaaaacbe5c450
  front_buf:1 use_vblank_rather_than_page_flip:1
modeset_draw_dev fd:3 dev:0xaaaacbe5c450
  drmWaitVBlank success. wait event...
#>>> modeset_draw before select(fd) cur:1626159442447418...
  after select time :1626159442447433 ret:1
modeset_vblank_event fd:3 sequence:29235 tv_sec:87358 tv_usec:906980 user_data:0xaaaacbe5c450
  front_buf:0 use_vblank_rather_than_page_flip:1
modeset_draw_dev fd:3 dev:0xaaaacbe5c450
  drmWaitVBlank success. wait event...
#>>> modeset_draw before select(fd) cur:1626159442452733...
  after select time :1626159442452748 ret:1
modeset_vblank_event fd:3 sequence:29236 tv_sec:87358 tv_usec:923643 user_data:0xaaaacbe5c450
  front_buf:1 use_vblank_rather_than_page_flip:1
modeset_draw_dev fd:3 dev:0xaaaacbe5c450
  drmWaitVBlank success. wait event...
#>>> modeset_draw before select(fd) cur:1626159442458131...
  after select time :1626159442458146 ret:1
modeset_vblank_event fd:3 sequence:29236 tv_sec:87358 tv_usec:923643 user_data:0xaaaacbe5c450
  front_buf:0 use_vblank_rather_than_page_flip:1
modeset_draw_dev fd:3 dev:0xaaaacbe5c450
  drmWaitVBlank success. wait event...
#>>> modeset_draw before select(fd) cur:1626159442463465...
  after select time :1626159442463479 ret:1
modeset_vblank_event fd:3 sequence:29236 tv_sec:87358 tv_usec:923643 user_data:0xaaaacbe5c450
  front_buf:1 use_vblank_rather_than_page_flip:1
modeset_draw_dev fd:3 dev:0xaaaacbe5c450
  drmWaitVBlank success. wait event...
#>>> modeset_draw before select(fd) cur:1626159442468847...
  after select time :1626159442468863 ret:1
modeset_vblank_event fd:3 sequence:29237 tv_sec:87358 tv_usec:940313 user_data:0xaaaacbe5c450
  front_buf:0 use_vblank_rather_than_page_flip:1
modeset_draw_dev fd:3 dev:0xaaaacbe5c450
  drmWaitVBlank success. wait event...
#>>> modeset_draw before select(fd) cur:1626159442474314...
  after select time :1626159442474330 ret:1
modeset_vblank_event fd:3 sequence:29237 tv_sec:87358 tv_usec:940313 user_data:0xaaaacbe5c450
  front_buf:1 use_vblank_rather_than_page_flip:1
modeset_draw_dev fd:3 dev:0xaaaacbe5c450
  drmWaitVBlank success. wait event...
#>>> modeset_draw before select(fd) cur:1626159442479902...
  after select time :1626159442479925 ret:1
modeset_vblank_event fd:3 sequence:29237 tv_sec:87358 tv_usec:940313 user_data:0xaaaacbe5c450
  front_buf:0 use_vblank_rather_than_page_flip:1
modeset_draw_dev fd:3 dev:0xaaaacbe5c450
  drmWaitVBlank success. wait event...
#>>> modeset_draw before select(fd) cur:1626159442485243...
  after select time :1626159442485258 ret:1
modeset_vblank_event fd:3 sequence:29238 tv_sec:87358 tv_usec:956985 user_data:0xaaaacbe5c450
  front_buf:1 use_vblank_rather_than_page_flip:1
modeset_draw_dev fd:3 dev:0xaaaacbe5c450
  drmWaitVBlank success. wait event...
#>>> modeset_draw before select(fd) cur:1626159442490604...
  after select time :1626159442490619 ret:1
modeset_vblank_event fd:3 sequence:29238 tv_sec:87358 tv_usec:956985 user_data:0xaaaacbe5c450
  front_buf:0 use_vblank_rather_than_page_flip:1
modeset_draw_dev fd:3 dev:0xaaaacbe5c450
  drmWaitVBlank success. wait event...
#>>> modeset_draw before select(fd) cur:1626159442495935...
  after select time :1626159442495950 ret:1
modeset_vblank_event fd:3 sequence:29238 tv_sec:87358 tv_usec:956985 user_data:0xaaaacbe5c450
  front_buf:1 use_vblank_rather_than_page_flip:1
modeset_draw_dev fd:3 dev:0xaaaacbe5c450
  drmWaitVBlank success. wait event...
#>>> modeset_draw before select(fd) cur:1626159442501250...
  after select time :1626159442501265 ret:1
modeset_vblank_event fd:3 sequence:29239 tv_sec:87358 tv_usec:973641 user_data:0xaaaacbe5c450
  front_buf:0 use_vblank_rather_than_page_flip:1
modeset_draw_dev fd:3 dev:0xaaaacbe5c450
  drmWaitVBlank success. wait event...
#>>> modeset_draw before select(fd) cur:1626159442506660...
  after select time :1626159442506675 ret:1
modeset_vblank_event fd:3 sequence:29239 tv_sec:87358 tv_usec:973641 user_data:0xaaaacbe5c450
  front_buf:1 use_vblank_rather_than_page_flip:1
modeset_draw_dev fd:3 dev:0xaaaacbe5c450
  drmWaitVBlank success. wait event...
#>>> modeset_draw before select(fd) cur:1626159442512142...
  after select time :1626159442512158 ret:1
modeset_vblank_event fd:3 sequence:29239 tv_sec:87358 tv_usec:973641 user_data:0xaaaacbe5c450
  front_buf:0 use_vblank_rather_than_page_flip:1
modeset_draw_dev fd:3 dev:0xaaaacbe5c450
  drmWaitVBlank success. wait event...
#>>> modeset_draw before select(fd) cur:1626159442517693...
  after select time :1626159442517712 ret:1
modeset_vblank_event fd:3 sequence:29240 tv_sec:87358 tv_usec:990313 user_data:0xaaaacbe5c450
  front_buf:1 use_vblank_rather_than_page_flip:1
modeset_draw_dev fd:3 dev:0xaaaacbe5c450
  drmWaitVBlank success. wait event...
#>>> modeset_draw before select(fd) cur:1626159442523051...
  after select time :1626159442523066 ret:1
modeset_vblank_event fd:3 sequence:29240 tv_sec:87358 tv_usec:990313 user_data:0xaaaacbe5c450
  front_buf:0 use_vblank_rather_than_page_flip:1
modeset_draw_dev fd:3 dev:0xaaaacbe5c450
  drmWaitVBlank success. wait event...
#>>> modeset_draw before select(fd) cur:1626159442528416...
  after select time :1626159442528432 ret:1
modeset_vblank_event fd:3 sequence:29240 tv_sec:87358 tv_usec:990313 user_data:0xaaaacbe5c450
  front_buf:1 use_vblank_rather_than_page_flip:1
modeset_draw_dev fd:3 dev:0xaaaacbe5c450
  drmWaitVBlank success. wait event...
#>>> modeset_draw before select(fd) cur:1626159442533879...
  after select time :1626159442533895 ret:1
modeset_vblank_event fd:3 sequence:29241 tv_sec:87359 tv_usec:6974 user_data:0xaaaacbe5c450
  front_buf:0 use_vblank_rather_than_page_flip:1
modeset_draw_dev fd:3 dev:0xaaaacbe5c450
  drmWaitVBlank success. wait event...
#>>> modeset_draw before select(fd) cur:1626159442539743...
  after select time :1626159442539765 ret:1
modeset_vblank_event fd:3 sequence:29241 tv_sec:87359 tv_usec:6974 user_data:0xaaaacbe5c450
  front_buf:1 use_vblank_rather_than_page_flip:1
modeset_draw_dev fd:3 dev:0xaaaacbe5c450
  drmWaitVBlank success. wait event...
#>>> modeset_draw before select(fd) cur:1626159442545102...
  after select time :1626159442545117 ret:1
modeset_vblank_event fd:3 sequence:29241 tv_sec:87359 tv_usec:6974 user_data:0xaaaacbe5c450
  front_buf:0 use_vblank_rather_than_page_flip:1
modeset_draw_dev fd:3 dev:0xaaaacbe5c450
  drmWaitVBlank success. wait event...
#>>> modeset_draw before select(fd) cur:1626159442550671...
  after select time :1626159442550689 ret:1
modeset_vblank_event fd:3 sequence:29242 tv_sec:87359 tv_usec:23652 user_data:0xaaaacbe5c450
  front_buf:1 use_vblank_rather_than_page_flip:1
modeset_draw_dev fd:3 dev:0xaaaacbe5c450
  drmWaitVBlank success. wait event...
#>>> modeset_draw before select(fd) cur:1626159442556190...
  after select time :1626159442556206 ret:1
modeset_vblank_event fd:3 sequence:29242 tv_sec:87359 tv_usec:23652 user_data:0xaaaacbe5c450
  front_buf:0 use_vblank_rather_than_page_flip:1
modeset_draw_dev fd:3 dev:0xaaaacbe5c450
  drmWaitVBlank success. wait event...
#>>> modeset_draw before select(fd) cur:1626159442561698...
  after select time :1626159442561718 ret:1
modeset_vblank_event fd:3 sequence:29242 tv_sec:87359 tv_usec:23652 user_data:0xaaaacbe5c450
  front_buf:1 use_vblank_rather_than_page_flip:1
modeset_draw_dev fd:3 dev:0xaaaacbe5c450
  drmWaitVBlank success. wait event...
#>>> modeset_draw before select(fd) cur:1626159442567048...
  after select time :1626159442567064 ret:1
modeset_vblank_event fd:3 sequence:29243 tv_sec:87359 tv_usec:40309 user_data:0xaaaacbe5c450
  front_buf:0 use_vblank_rather_than_page_flip:1
modeset_draw_dev fd:3 dev:0xaaaacbe5c450
  drmWaitVBlank success. wait event...
#>>> modeset_draw before select(fd) cur:1626159442572407...
  after select time :1626159442572424 ret:1
modeset_vblank_event fd:3 sequence:29243 tv_sec:87359 tv_usec:40309 user_data:0xaaaacbe5c450
  front_buf:1 use_vblank_rather_than_page_flip:1
modeset_draw_dev fd:3 dev:0xaaaacbe5c450
  drmWaitVBlank success. wait event...
#>>> modeset_draw before select(fd) cur:1626159442577743...
  after select time :1626159442577757 ret:1
modeset_vblank_event fd:3 sequence:29243 tv_sec:87359 tv_usec:40309 user_data:0xaaaacbe5c450
  front_buf:0 use_vblank_rather_than_page_flip:1
modeset_draw_dev fd:3 dev:0xaaaacbe5c450
  drmWaitVBlank success. wait event...
#>>> modeset_draw before select(fd) cur:1626159442583095...
  after select time :1626159442583110 ret:1
modeset_vblank_event fd:3 sequence:29244 tv_sec:87359 tv_usec:56974 user_data:0xaaaacbe5c450
  front_buf:1 use_vblank_rather_than_page_flip:1
modeset_draw_dev fd:3 dev:0xaaaacbe5c450
  drmWaitVBlank success. wait event...
#>>> modeset_draw before select(fd) cur:1626159442588471...
  after select time :1626159442588486 ret:1
modeset_vblank_event fd:3 sequence:29244 tv_sec:87359 tv_usec:56974 user_data:0xaaaacbe5c450
  front_buf:0 use_vblank_rather_than_page_flip:1
modeset_draw_dev fd:3 dev:0xaaaacbe5c450
  drmWaitVBlank success. wait event...
#>>> modeset_draw before select(fd) cur:1626159442593945...
  after select time :1626159442593963 ret:1
modeset_vblank_event fd:3 sequence:29244 tv_sec:87359 tv_usec:56974 user_data:0xaaaacbe5c450
  front_buf:1 use_vblank_rather_than_page_flip:1
modeset_draw_dev fd:3 dev:0xaaaacbe5c450
  drmWaitVBlank success. wait event...
#>>> modeset_draw before select(fd) cur:1626159442599482...
  after select time :1626159442599500 ret:1
modeset_vblank_event fd:3 sequence:29245 tv_sec:87359 tv_usec:73650 user_data:0xaaaacbe5c450
  front_buf:0 use_vblank_rather_than_page_flip:1
modeset_draw_dev fd:3 dev:0xaaaacbe5c450
  drmWaitVBlank success. wait event...
#>>> modeset_draw before select(fd) cur:1626159442604811...
  after select time :1626159442604826 ret:1
modeset_vblank_event fd:3 sequence:29245 tv_sec:87359 tv_usec:73650 user_data:0xaaaacbe5c450
  front_buf:1 use_vblank_rather_than_page_flip:1
modeset_draw_dev fd:3 dev:0xaaaacbe5c450
  drmWaitVBlank success. wait event...
#>>> modeset_draw before select(fd) cur:1626159442610226...
  after select time :1626159442610243 ret:1
modeset_vblank_event fd:3 sequence:29245 tv_sec:87359 tv_usec:73650 user_data:0xaaaacbe5c450
  front_buf:0 use_vblank_rather_than_page_flip:1
modeset_draw_dev fd:3 dev:0xaaaacbe5c450
  drmWaitVBlank success. wait event...
#>>> modeset_draw before select(fd) cur:1626159442615557...
  after select time :1626159442615656 ret:1
modeset_vblank_event fd:3 sequence:29245 tv_sec:87359 tv_usec:73650 user_data:0xaaaacbe5c450
  front_buf:1 use_vblank_rather_than_page_flip:1
modeset_draw_dev fd:3 dev:0xaaaacbe5c450
  drmWaitVBlank success. wait event...
#>>> modeset_draw before select(fd) cur:1626159442620979...
  after select time :1626159442620995 ret:1
modeset_vblank_event fd:3 sequence:29246 tv_sec:87359 tv_usec:90308 user_data:0xaaaacbe5c450
  front_buf:0 use_vblank_rather_than_page_flip:1
modeset_draw_dev fd:3 dev:0xaaaacbe5c450
  drmWaitVBlank success. wait event...
#>>> modeset_draw before select(fd) cur:1626159442626358...
  after select time :1626159442626373 ret:1
modeset_vblank_event fd:3 sequence:29246 tv_sec:87359 tv_usec:90308 user_data:0xaaaacbe5c450
  front_buf:1 use_vblank_rather_than_page_flip:1
modeset_draw_dev fd:3 dev:0xaaaacbe5c450
  drmWaitVBlank success. wait event...
#>>> modeset_draw before select(fd) cur:1626159442631790...
  after select time :1626159442631805 ret:1
modeset_vblank_event fd:3 sequence:29246 tv_sec:87359 tv_usec:90308 user_data:0xaaaacbe5c450
  front_buf:0 use_vblank_rather_than_page_flip:1
modeset_draw_dev fd:3 dev:0xaaaacbe5c450
  drmWaitVBlank success. wait event...
#>>> modeset_draw before select(fd) cur:1626159442637297...
  after select time :1626159442637319 ret:1
modeset_vblank_event fd:3 sequence:29247 tv_sec:87359 tv_usec:106977 user_data:0xaaaacbe5c450
  front_buf:1 use_vblank_rather_than_page_flip:1
modeset_draw_dev fd:3 dev:0xaaaacbe5c450
  drmWaitVBlank success. wait event...
#>>> modeset_draw before select(fd) cur:1626159442642700...
  after select time :1626159442642717 ret:1
modeset_vblank_event fd:3 sequence:29247 tv_sec:87359 tv_usec:106977 user_data:0xaaaacbe5c450
  front_buf:0 use_vblank_rather_than_page_flip:1
modeset_draw_dev fd:3 dev:0xaaaacbe5c450
  drmWaitVBlank success. wait event...
#>>> modeset_draw before select(fd) cur:1626159442648040...
  after select time :1626159442648055 ret:1
modeset_vblank_event fd:3 sequence:29247 tv_sec:87359 tv_usec:106977 user_data:0xaaaacbe5c450
  front_buf:1 use_vblank_rather_than_page_flip:1
modeset_draw_dev fd:3 dev:0xaaaacbe5c450
  drmWaitVBlank success. wait event...
#>>> modeset_draw before select(fd) cur:1626159442653353...
  after select time :1626159442653368 ret:1
modeset_vblank_event fd:3 sequence:29248 tv_sec:87359 tv_usec:123641 user_data:0xaaaacbe5c450
  front_buf:0 use_vblank_rather_than_page_flip:1
modeset_draw_dev fd:3 dev:0xaaaacbe5c450
  drmWaitVBlank success. wait event...
#>>> modeset_draw before select(fd) cur:1626159442658757...
  after select time :1626159442658772 ret:1
modeset_vblank_event fd:3 sequence:29248 tv_sec:87359 tv_usec:123641 user_data:0xaaaacbe5c450
  front_buf:1 use_vblank_rather_than_page_flip:1
modeset_draw_dev fd:3 dev:0xaaaacbe5c450
  drmWaitVBlank success. wait event...
#>>> modeset_draw before select(fd) cur:1626159442664090...
  after select time :1626159442664104 ret:1
modeset_vblank_event fd:3 sequence:29248 tv_sec:87359 tv_usec:123641 user_data:0xaaaacbe5c450
  front_buf:0 use_vblank_rather_than_page_flip:1
modeset_draw_dev fd:3 dev:0xaaaacbe5c450
  drmWaitVBlank success. wait event...
#>>> modeset_draw before select(fd) cur:1626159442669492...
  after select time :1626159442669509 ret:1
modeset_vblank_event fd:3 sequence:29249 tv_sec:87359 tv_usec:140313 user_data:0xaaaacbe5c450
  front_buf:1 use_vblank_rather_than_page_flip:1
modeset_draw_dev fd:3 dev:0xaaaacbe5c450
  drmWaitVBlank success. wait event...
#>>> modeset_draw before select(fd) cur:1626159442674925...
  after select time :1626159442674941 ret:1
modeset_vblank_event fd:3 sequence:29249 tv_sec:87359 tv_usec:140313 user_data:0xaaaacbe5c450
  front_buf:0 use_vblank_rather_than_page_flip:1
modeset_draw_dev fd:3 dev:0xaaaacbe5c450
  drmWaitVBlank success. wait event...
#>>> modeset_draw before select(fd) cur:1626159442680419...
  after select time :1626159442680437 ret:1
modeset_vblank_event fd:3 sequence:29249 tv_sec:87359 tv_usec:140313 user_data:0xaaaacbe5c450
  front_buf:1 use_vblank_rather_than_page_flip:1
modeset_draw_dev fd:3 dev:0xaaaacbe5c450
  drmWaitVBlank success. wait event...
#>>> modeset_draw before select(fd) cur:1626159442685839...
  after select time :1626159442685855 ret:1
modeset_vblank_event fd:3 sequence:29250 tv_sec:87359 tv_usec:156977 user_data:0xaaaacbe5c450
  front_buf:0 use_vblank_rather_than_page_flip:1
modeset_draw_dev fd:3 dev:0xaaaacbe5c450
  drmWaitVBlank success. wait event...
#>>> modeset_draw before select(fd) cur:1626159442691214...
  after select time :1626159442691229 ret:1
modeset_vblank_event fd:3 sequence:29250 tv_sec:87359 tv_usec:156977 user_data:0xaaaacbe5c450
  front_buf:1 use_vblank_rather_than_page_flip:1
modeset_draw_dev fd:3 dev:0xaaaacbe5c450
  drmWaitVBlank success. wait event...
#>>> modeset_draw before select(fd) cur:1626159442696545...
  after select time :1626159442696560 ret:1
modeset_vblank_event fd:3 sequence:29250 tv_sec:87359 tv_usec:156977 user_data:0xaaaacbe5c450
  front_buf:0 use_vblank_rather_than_page_flip:1
modeset_draw_dev fd:3 dev:0xaaaacbe5c450
  drmWaitVBlank success. wait event...
#>>> modeset_draw before select(fd) cur:1626159442701877...
  after select time :1626159442701893 ret:1
modeset_vblank_event fd:3 sequence:29251 tv_sec:87359 tv_usec:173641 user_data:0xaaaacbe5c450
  front_buf:1 use_vblank_rather_than_page_flip:1
modeset_draw_dev fd:3 dev:0xaaaacbe5c450
  drmWaitVBlank success. wait event...
#>>> modeset_draw before select(fd) cur:1626159442707254...
  after select time :1626159442707269 ret:1
modeset_vblank_event fd:3 sequence:29251 tv_sec:87359 tv_usec:173641 user_data:0xaaaacbe5c450
  front_buf:0 use_vblank_rather_than_page_flip:1
modeset_draw_dev fd:3 dev:0xaaaacbe5c450
  drmWaitVBlank success. wait event...
#>>> modeset_draw before select(fd) cur:1626159442712729...
  after select time :1626159442712744 ret:1
modeset_vblank_event fd:3 sequence:29251 tv_sec:87359 tv_usec:173641 user_data:0xaaaacbe5c450
  front_buf:1 use_vblank_rather_than_page_flip:1
modeset_draw_dev fd:3 dev:0xaaaacbe5c450
  drmWaitVBlank success. wait event...
#>>> modeset_draw before select(fd) cur:1626159442718246...
  after select time :1626159442718266 ret:1
modeset_vblank_event fd:3 sequence:29252 tv_sec:87359 tv_usec:190314 user_data:0xaaaacbe5c450
  front_buf:0 use_vblank_rather_than_page_flip:1
modeset_draw_dev fd:3 dev:0xaaaacbe5c450
  drmWaitVBlank success. wait event...
#>>> modeset_draw before select(fd) cur:1626159442723599...
  after select time :1626159442723614 ret:1
modeset_vblank_event fd:3 sequence:29252 tv_sec:87359 tv_usec:190314 user_data:0xaaaacbe5c450
  front_buf:1 use_vblank_rather_than_page_flip:1
modeset_draw_dev fd:3 dev:0xaaaacbe5c450
  drmWaitVBlank success. wait event...
#>>> modeset_draw before select(fd) cur:1626159442728962...
  after select time :1626159442728978 ret:1
modeset_vblank_event fd:3 sequence:29252 tv_sec:87359 tv_usec:190314 user_data:0xaaaacbe5c450
  front_buf:0 use_vblank_rather_than_page_flip:1
modeset_draw_dev fd:3 dev:0xaaaacbe5c450
  drmWaitVBlank success. wait event...
#>>> modeset_draw before select(fd) cur:1626159442734289...
  after select time :1626159442734303 ret:1
modeset_vblank_event fd:3 sequence:29253 tv_sec:87359 tv_usec:206974 user_data:0xaaaacbe5c450
  front_buf:1 use_vblank_rather_than_page_flip:1
modeset_draw_dev fd:3 dev:0xaaaacbe5c450
  drmWaitVBlank success. wait event...
#>>> modeset_draw before select(fd) cur:1626159442739637...
  after select time :1626159442739652 ret:1
modeset_vblank_event fd:3 sequence:29253 tv_sec:87359 tv_usec:206974 user_data:0xaaaacbe5c450
  front_buf:0 use_vblank_rather_than_page_flip:1
modeset_draw_dev fd:3 dev:0xaaaacbe5c450
  drmWaitVBlank success. wait event...
#>>> modeset_draw before select(fd) cur:1626159442744971...
  after select time :1626159442744986 ret:1
modeset_vblank_event fd:3 sequence:29253 tv_sec:87359 tv_usec:206974 user_data:0xaaaacbe5c450
  front_buf:1 use_vblank_rather_than_page_flip:1
modeset_draw_dev fd:3 dev:0xaaaacbe5c450
  drmWaitVBlank success. wait event...
#>>> modeset_draw before select(fd) cur:1626159442750392...
  after select time :1626159442750499 ret:1
modeset_vblank_event fd:3 sequence:29254 tv_sec:87359 tv_usec:223649 user_data:0xaaaacbe5c450
  front_buf:0 use_vblank_rather_than_page_flip:1
modeset_draw_dev fd:3 dev:0xaaaacbe5c450
  drmWaitVBlank success. wait event...
#>>> modeset_draw before select(fd) cur:1626159442755930...
  after select time :1626159442755945 ret:1
modeset_vblank_event fd:3 sequence:29254 tv_sec:87359 tv_usec:223649 user_data:0xaaaacbe5c450
  front_buf:1 use_vblank_rather_than_page_flip:1
modeset_draw_dev fd:3 dev:0xaaaacbe5c450
  drmWaitVBlank success. wait event...
#>>> modeset_draw before select(fd) cur:1626159442761413...
  after select time :1626159442761434 ret:1
modeset_vblank_event fd:3 sequence:29254 tv_sec:87359 tv_usec:223649 user_data:0xaaaacbe5c450
  front_buf:0 use_vblank_rather_than_page_flip:1
modeset_draw_dev fd:3 dev:0xaaaacbe5c450
  drmWaitVBlank success. wait event...
#>>> modeset_draw before select(fd) cur:1626159442766828...
  after select time :1626159442766845 ret:1
modeset_vblank_event fd:3 sequence:29255 tv_sec:87359 tv_usec:240309 user_data:0xaaaacbe5c450
  front_buf:1 use_vblank_rather_than_page_flip:1
modeset_draw_dev fd:3 dev:0xaaaacbe5c450
  drmWaitVBlank success. wait event...
#>>> modeset_draw before select(fd) cur:1626159442772156...
  after select time :1626159442772171 ret:1
modeset_vblank_event fd:3 sequence:29255 tv_sec:87359 tv_usec:240309 user_data:0xaaaacbe5c450
  front_buf:0 use_vblank_rather_than_page_flip:1
modeset_draw_dev fd:3 dev:0xaaaacbe5c450
  drmWaitVBlank success. wait event...
#>>> modeset_draw before select(fd) cur:1626159442777501...
  after select time :1626159442777517 ret:1
modeset_vblank_event fd:3 sequence:29255 tv_sec:87359 tv_usec:240309 user_data:0xaaaacbe5c450
  front_buf:1 use_vblank_rather_than_page_flip:1
modeset_draw_dev fd:3 dev:0xaaaacbe5c450
  drmWaitVBlank success. wait event...
#>>> modeset_draw before select(fd) cur:1626159442782842...
  after select time :1626159442782857 ret:1
modeset_vblank_event fd:3 sequence:29256 tv_sec:87359 tv_usec:256976 user_data:0xaaaacbe5c450
  front_buf:0 use_vblank_rather_than_page_flip:1
modeset_draw_dev fd:3 dev:0xaaaacbe5c450
  drmWaitVBlank success. wait event...
#>>> modeset_draw before select(fd) cur:1626159442788219...
  after select time :1626159442788234 ret:1
modeset_vblank_event fd:3 sequence:29256 tv_sec:87359 tv_usec:256976 user_data:0xaaaacbe5c450
  front_buf:1 use_vblank_rather_than_page_flip:1
modeset_draw_dev fd:3 dev:0xaaaacbe5c450
  drmWaitVBlank success. wait event...
#>>> modeset_draw before select(fd) cur:1626159442793637...
  after select time :1626159442793652 ret:1
modeset_vblank_event fd:3 sequence:29256 tv_sec:87359 tv_usec:256976 user_data:0xaaaacbe5c450
  front_buf:0 use_vblank_rather_than_page_flip:1
modeset_draw_dev fd:3 dev:0xaaaacbe5c450
  drmWaitVBlank success. wait event...
#>>> modeset_draw before select(fd) cur:1626159442799158...
  after select time :1626159442799177 ret:1
modeset_vblank_event fd:3 sequence:29256 tv_sec:87359 tv_usec:256976 user_data:0xaaaacbe5c450
  front_buf:1 use_vblank_rather_than_page_flip:1
modeset_draw_dev fd:3 dev:0xaaaacbe5c450
  drmWaitVBlank success. wait event...
#>>> modeset_draw before select(fd) cur:1626159442804485...
  after select time :1626159442804499 ret:1
modeset_vblank_event fd:3 sequence:29257 tv_sec:87359 tv_usec:273646 user_data:0xaaaacbe5c450
  front_buf:0 use_vblank_rather_than_page_flip:1
modeset_draw_dev fd:3 dev:0xaaaacbe5c450
  drmWaitVBlank success. wait event...
#>>> modeset_draw before select(fd) cur:1626159442809852...
  after select time :1626159442809868 ret:1
modeset_vblank_event fd:3 sequence:29257 tv_sec:87359 tv_usec:273646 user_data:0xaaaacbe5c450
  front_buf:1 use_vblank_rather_than_page_flip:1
modeset_draw_dev fd:3 dev:0xaaaacbe5c450
  drmWaitVBlank success. wait event...
#>>> modeset_draw before select(fd) cur:1626159442815198...
  after select time :1626159442815213 ret:1
modeset_vblank_event fd:3 sequence:29257 tv_sec:87359 tv_usec:273646 user_data:0xaaaacbe5c450
  front_buf:0 use_vblank_rather_than_page_flip:1
modeset_draw_dev fd:3 dev:0xaaaacbe5c450
  drmWaitVBlank success. wait event...
#>>> modeset_draw before select(fd) cur:1626159442820638...
  after select time :1626159442820654 ret:1
modeset_vblank_event fd:3 sequence:29258 tv_sec:87359 tv_usec:290308 user_data:0xaaaacbe5c450
  front_buf:1 use_vblank_rather_than_page_flip:1
modeset_draw_dev fd:3 dev:0xaaaacbe5c450
  drmWaitVBlank success. wait event...
#>>> modeset_draw before select(fd) cur:1626159442826011...
  after select time :1626159442826026 ret:1
modeset_vblank_event fd:3 sequence:29258 tv_sec:87359 tv_usec:290308 user_data:0xaaaacbe5c450
  front_buf:0 use_vblank_rather_than_page_flip:1
modeset_draw_dev fd:3 dev:0xaaaacbe5c450
  drmWaitVBlank success. wait event...
#>>> modeset_draw before select(fd) cur:1626159442831434...
  after select time :1626159442831449 ret:1
modeset_vblank_event fd:3 sequence:29258 tv_sec:87359 tv_usec:290308 user_data:0xaaaacbe5c450
  front_buf:1 use_vblank_rather_than_page_flip:1
modeset_draw_dev fd:3 dev:0xaaaacbe5c450
  drmWaitVBlank success. wait event...
#>>> modeset_draw before select(fd) cur:1626159442836854...
  after select time :1626159442836871 ret:1
modeset_vblank_event fd:3 sequence:29259 tv_sec:87359 tv_usec:306977 user_data:0xaaaacbe5c450
  front_buf:0 use_vblank_rather_than_page_flip:1
modeset_draw_dev fd:3 dev:0xaaaacbe5c450
  drmWaitVBlank success. wait event...
#>>> modeset_draw before select(fd) cur:1626159442842317...
  after select time :1626159442842335 ret:1
modeset_vblank_event fd:3 sequence:29259 tv_sec:87359 tv_usec:306977 user_data:0xaaaacbe5c450
  front_buf:1 use_vblank_rather_than_page_flip:1
modeset_draw_dev fd:3 dev:0xaaaacbe5c450
  drmWaitVBlank success. wait event...
#>>> modeset_draw before select(fd) cur:1626159442847686...
  after select time :1626159442847704 ret:1
modeset_vblank_event fd:3 sequence:29259 tv_sec:87359 tv_usec:306977 user_data:0xaaaacbe5c450
  front_buf:0 use_vblank_rather_than_page_flip:1
modeset_draw_dev fd:3 dev:0xaaaacbe5c450
  drmWaitVBlank success. wait event...
#>>> modeset_draw before select(fd) cur:1626159442853012...
  after select time :1626159442853027 ret:1
modeset_vblank_event fd:3 sequence:29260 tv_sec:87359 tv_usec:323641 user_data:0xaaaacbe5c450
  front_buf:1 use_vblank_rather_than_page_flip:1
modeset_draw_dev fd:3 dev:0xaaaacbe5c450
  drmWaitVBlank success. wait event...
#>>> modeset_draw before select(fd) cur:1626159442858373...
  after select time :1626159442858389 ret:1
modeset_vblank_event fd:3 sequence:29260 tv_sec:87359 tv_usec:323641 user_data:0xaaaacbe5c450
  front_buf:0 use_vblank_rather_than_page_flip:1
modeset_draw_dev fd:3 dev:0xaaaacbe5c450
  drmWaitVBlank success. wait event...
#>>> modeset_draw before select(fd) cur:1626159442863710...
  after select time :1626159442863725 ret:1
modeset_vblank_event fd:3 sequence:29260 tv_sec:87359 tv_usec:323641 user_data:0xaaaacbe5c450
  front_buf:1 use_vblank_rather_than_page_flip:1
modeset_draw_dev fd:3 dev:0xaaaacbe5c450
  drmWaitVBlank success. wait event...
#>>> modeset_draw before select(fd) cur:1626159442869092...
  after select time :1626159442869125 ret:1
modeset_vblank_event fd:3 sequence:29261 tv_sec:87359 tv_usec:340310 user_data:0xaaaacbe5c450
  front_buf:0 use_vblank_rather_than_page_flip:1
modeset_draw_dev fd:3 dev:0xaaaacbe5c450
  drmWaitVBlank success. wait event...
#>>> modeset_draw before select(fd) cur:1626159442874551...
  after select time :1626159442874568 ret:1
modeset_vblank_event fd:3 sequence:29261 tv_sec:87359 tv_usec:340310 user_data:0xaaaacbe5c450
  front_buf:1 use_vblank_rather_than_page_flip:1
modeset_draw_dev fd:3 dev:0xaaaacbe5c450
  drmWaitVBlank success. wait event...
#>>> modeset_draw before select(fd) cur:1626159442880046...
  after select time :1626159442880064 ret:1
modeset_vblank_event fd:3 sequence:29261 tv_sec:87359 tv_usec:340310 user_data:0xaaaacbe5c450
  front_buf:0 use_vblank_rather_than_page_flip:1
modeset_draw_dev fd:3 dev:0xaaaacbe5c450
  drmWaitVBlank success. wait event...
#>>> modeset_draw before select(fd) cur:1626159442885407...
  after select time :1626159442885501 ret:1
modeset_vblank_event fd:3 sequence:29262 tv_sec:87359 tv_usec:356974 user_data:0xaaaacbe5c450
  front_buf:1 use_vblank_rather_than_page_flip:1
modeset_draw_dev fd:3 dev:0xaaaacbe5c450
  drmWaitVBlank success. wait event...
#>>> modeset_draw before select(fd) cur:1626159442890833...
  after select time :1626159442890848 ret:1
modeset_vblank_event fd:3 sequence:29262 tv_sec:87359 tv_usec:356974 user_data:0xaaaacbe5c450
  front_buf:0 use_vblank_rather_than_page_flip:1
modeset_draw_dev fd:3 dev:0xaaaacbe5c450
  drmWaitVBlank success. wait event...
#>>> modeset_draw before select(fd) cur:1626159442896181...
  after select time :1626159442896196 ret:1
modeset_vblank_event fd:3 sequence:29262 tv_sec:87359 tv_usec:356974 user_data:0xaaaacbe5c450
  front_buf:1 use_vblank_rather_than_page_flip:1
modeset_draw_dev fd:3 dev:0xaaaacbe5c450
  drmWaitVBlank success. wait event...
#>>> modeset_draw before select(fd) cur:1626159442901496...
  after select time :1626159442901511 ret:1
modeset_vblank_event fd:3 sequence:29263 tv_sec:87359 tv_usec:373640 user_data:0xaaaacbe5c450
  front_buf:0 use_vblank_rather_than_page_flip:1
modeset_draw_dev fd:3 dev:0xaaaacbe5c450
  drmWaitVBlank success. wait event...
#>>> modeset_draw before select(fd) cur:1626159442906879...
  after select time :1626159442906895 ret:1
modeset_vblank_event fd:3 sequence:29263 tv_sec:87359 tv_usec:373640 user_data:0xaaaacbe5c450
  front_buf:1 use_vblank_rather_than_page_flip:1
modeset_draw_dev fd:3 dev:0xaaaacbe5c450
  drmWaitVBlank success. wait event...
#>>> modeset_draw before select(fd) cur:1626159442912309...
  after select time :1626159442912325 ret:1
modeset_vblank_event fd:3 sequence:29263 tv_sec:87359 tv_usec:373640 user_data:0xaaaacbe5c450
  front_buf:0 use_vblank_rather_than_page_flip:1
modeset_draw_dev fd:3 dev:0xaaaacbe5c450
  drmWaitVBlank success. wait event...
#>>> modeset_draw before select(fd) cur:1626159442917841...
  after select time :1626159442917861 ret:1
modeset_vblank_event fd:3 sequence:29264 tv_sec:87359 tv_usec:390313 user_data:0xaaaacbe5c450
  front_buf:1 use_vblank_rather_than_page_flip:1
modeset_draw_dev fd:3 dev:0xaaaacbe5c450
  drmWaitVBlank success. wait event...
#>>> modeset_draw before select(fd) cur:1626159442923236...
  after select time :1626159442923251 ret:1
modeset_vblank_event fd:3 sequence:29264 tv_sec:87359 tv_usec:390313 user_data:0xaaaacbe5c450
  front_buf:0 use_vblank_rather_than_page_flip:1
modeset_draw_dev fd:3 dev:0xaaaacbe5c450
  drmWaitVBlank success. wait event...
#>>> modeset_draw before select(fd) cur:1626159442928569...
  after select time :1626159442928584 ret:1
modeset_vblank_event fd:3 sequence:29264 tv_sec:87359 tv_usec:390313 user_data:0xaaaacbe5c450
  front_buf:1 use_vblank_rather_than_page_flip:1
modeset_draw_dev fd:3 dev:0xaaaacbe5c450
  drmWaitVBlank success. wait event...
#>>> modeset_draw before select(fd) cur:1626159442933913...
  after select time :1626159442933930 ret:1
modeset_vblank_event fd:3 sequence:29265 tv_sec:87359 tv_usec:406975 user_data:0xaaaacbe5c450
  front_buf:0 use_vblank_rather_than_page_flip:1
modeset_draw_dev fd:3 dev:0xaaaacbe5c450
  drmWaitVBlank success. wait event...
#>>> modeset_draw before select(fd) cur:1626159442939250...
  after select time :1626159442939265 ret:1
modeset_vblank_event fd:3 sequence:29265 tv_sec:87359 tv_usec:406975 user_data:0xaaaacbe5c450
  front_buf:1 use_vblank_rather_than_page_flip:1
modeset_draw_dev fd:3 dev:0xaaaacbe5c450
  drmWaitVBlank success. wait event...
#>>> modeset_draw before select(fd) cur:1626159442944596...
  after select time :1626159442944611 ret:1
modeset_vblank_event fd:3 sequence:29265 tv_sec:87359 tv_usec:406975 user_data:0xaaaacbe5c450
  front_buf:0 use_vblank_rather_than_page_flip:1
modeset_draw_dev fd:3 dev:0xaaaacbe5c450
  drmWaitVBlank success. wait event...
#>>> modeset_draw before select(fd) cur:1626159442950028...
  after select time :1626159442950044 ret:1
modeset_vblank_event fd:3 sequence:29266 tv_sec:87359 tv_usec:423647 user_data:0xaaaacbe5c450
  front_buf:1 use_vblank_rather_than_page_flip:1
modeset_draw_dev fd:3 dev:0xaaaacbe5c450
  drmWaitVBlank success. wait event...
#>>> modeset_draw before select(fd) cur:1626159442955531...
  after select time :1626159442955548 ret:1
modeset_vblank_event fd:3 sequence:29266 tv_sec:87359 tv_usec:423647 user_data:0xaaaacbe5c450
  front_buf:0 use_vblank_rather_than_page_flip:1
modeset_draw_dev fd:3 dev:0xaaaacbe5c450
  drmWaitVBlank success. wait event...
#>>> modeset_draw before select(fd) cur:1626159442961013...
  after select time :1626159442961032 ret:1
modeset_vblank_event fd:3 sequence:29266 tv_sec:87359 tv_usec:423647 user_data:0xaaaacbe5c450
  front_buf:1 use_vblank_rather_than_page_flip:1
modeset_draw_dev fd:3 dev:0xaaaacbe5c450
  drmWaitVBlank success. wait event...
#>>> modeset_draw before select(fd) cur:1626159442966387...
  after select time :1626159442966406 ret:1
modeset_vblank_event fd:3 sequence:29267 tv_sec:87359 tv_usec:440307 user_data:0xaaaacbe5c450
  front_buf:0 use_vblank_rather_than_page_flip:1
modeset_draw_dev fd:3 dev:0xaaaacbe5c450
  drmWaitVBlank success. wait event...
#>>> modeset_draw before select(fd) cur:1626159442971709...
  after select time :1626159442971724 ret:1
modeset_vblank_event fd:3 sequence:29267 tv_sec:87359 tv_usec:440307 user_data:0xaaaacbe5c450
  front_buf:1 use_vblank_rather_than_page_flip:1
modeset_draw_dev fd:3 dev:0xaaaacbe5c450
  drmWaitVBlank success. wait event...
#>>> modeset_draw before select(fd) cur:1626159442977088...
  after select time :1626159442977102 ret:1
modeset_vblank_event fd:3 sequence:29267 tv_sec:87359 tv_usec:440307 user_data:0xaaaacbe5c450
  front_buf:0 use_vblank_rather_than_page_flip:1
modeset_draw_dev fd:3 dev:0xaaaacbe5c450
  drmWaitVBlank success. wait event...
#>>> modeset_draw before select(fd) cur:1626159442982443...
  after select time :1626159442982458 ret:1
modeset_vblank_event fd:3 sequence:29267 tv_sec:87359 tv_usec:440307 user_data:0xaaaacbe5c450
  front_buf:1 use_vblank_rather_than_page_flip:1
modeset_draw_dev fd:3 dev:0xaaaacbe5c450
  drmWaitVBlank success. wait event...
#>>> modeset_draw before select(fd) cur:1626159442987801...
  after select time :1626159442987816 ret:1
modeset_vblank_event fd:3 sequence:29268 tv_sec:87359 tv_usec:456973 user_data:0xaaaacbe5c450
  front_buf:0 use_vblank_rather_than_page_flip:1
modeset_draw_dev fd:3 dev:0xaaaacbe5c450
  drmWaitVBlank success. wait event...
#>>> modeset_draw before select(fd) cur:1626159442993237...
  after select time :1626159442993253 ret:1
modeset_vblank_event fd:3 sequence:29268 tv_sec:87359 tv_usec:456973 user_data:0xaaaacbe5c450
  front_buf:1 use_vblank_rather_than_page_flip:1
modeset_draw_dev fd:3 dev:0xaaaacbe5c450
  drmWaitVBlank success. wait event...
#>>> modeset_draw before select(fd) cur:1626159442998763...
  after select time :1626159442998781 ret:1
modeset_vblank_event fd:3 sequence:29268 tv_sec:87359 tv_usec:456973 user_data:0xaaaacbe5c450
  front_buf:0 use_vblank_rather_than_page_flip:1
modeset_draw_dev fd:3 dev:0xaaaacbe5c450
  drmWaitVBlank success. wait event...
#>>> modeset_draw before select(fd) cur:1626159443004120...
  after select time :1626159443004138 ret:1
modeset_vblank_event fd:3 sequence:29269 tv_sec:87359 tv_usec:473649 user_data:0xaaaacbe5c450
  front_buf:1 use_vblank_rather_than_page_flip:1
modeset_draw_dev fd:3 dev:0xaaaacbe5c450
  drmWaitVBlank success. wait event...
#>>> modeset_draw before select(fd) cur:1626159443009469...
  after select time :1626159443009484 ret:1
modeset_vblank_event fd:3 sequence:29269 tv_sec:87359 tv_usec:473649 user_data:0xaaaacbe5c450
  front_buf:0 use_vblank_rather_than_page_flip:1
modeset_draw_dev fd:3 dev:0xaaaacbe5c450
  drmWaitVBlank success. wait event...
#>>> modeset_draw before select(fd) cur:1626159443014827...
  after select time :1626159443014842 ret:1
modeset_vblank_event fd:3 sequence:29269 tv_sec:87359 tv_usec:473649 user_data:0xaaaacbe5c450
  front_buf:1 use_vblank_rather_than_page_flip:1
modeset_draw_dev fd:3 dev:0xaaaacbe5c450
  drmWaitVBlank success. wait event...
#>>> modeset_draw before select(fd) cur:1626159443020146...
  after select time :1626159443020161 ret:1
modeset_vblank_event fd:3 sequence:29270 tv_sec:87359 tv_usec:490312 user_data:0xaaaacbe5c450
  front_buf:0 use_vblank_rather_than_page_flip:1
modeset_draw_dev fd:3 dev:0xaaaacbe5c450
  drmWaitVBlank success. wait event...
#>>> modeset_draw before select(fd) cur:1626159443025560...
  after select time :1626159443025575 ret:1
modeset_vblank_event fd:3 sequence:29270 tv_sec:87359 tv_usec:490312 user_data:0xaaaacbe5c450
  front_buf:1 use_vblank_rather_than_page_flip:1
modeset_draw_dev fd:3 dev:0xaaaacbe5c450
  drmWaitVBlank success. wait event...
#>>> modeset_draw before select(fd) cur:1626159443031060...
  after select time :1626159443031077 ret:1
modeset_vblank_event fd:3 sequence:29270 tv_sec:87359 tv_usec:490312 user_data:0xaaaacbe5c450
  front_buf:0 use_vblank_rather_than_page_flip:1
modeset_draw_dev fd:3 dev:0xaaaacbe5c450
  drmWaitVBlank success. wait event...
#>>> modeset_draw before select(fd) cur:1626159443036478...
  after select time :1626159443036493 ret:1
modeset_vblank_event fd:3 sequence:29271 tv_sec:87359 tv_usec:506978 user_data:0xaaaacbe5c450
  front_buf:1 use_vblank_rather_than_page_flip:1
modeset_draw_dev fd:3 dev:0xaaaacbe5c450
  drmWaitVBlank success. wait event...
#>>> modeset_draw before select(fd) cur:1626159443041954...
  after select time :1626159443041972 ret:1
modeset_vblank_event fd:3 sequence:29271 tv_sec:87359 tv_usec:506978 user_data:0xaaaacbe5c450
  front_buf:0 use_vblank_rather_than_page_flip:1
modeset_draw_dev fd:3 dev:0xaaaacbe5c450
  drmWaitVBlank success. wait event...
#>>> modeset_draw before select(fd) cur:1626159443047294...
  after select time :1626159443047309 ret:1
modeset_vblank_event fd:3 sequence:29271 tv_sec:87359 tv_usec:506978 user_data:0xaaaacbe5c450
  front_buf:1 use_vblank_rather_than_page_flip:1
modeset_draw_dev fd:3 dev:0xaaaacbe5c450
  drmWaitVBlank success. wait event...
#>>> modeset_draw before select(fd) cur:1626159443052628...
  after select time :1626159443052644 ret:1
modeset_vblank_event fd:3 sequence:29272 tv_sec:87359 tv_usec:523640 user_data:0xaaaacbe5c450
  front_buf:0 use_vblank_rather_than_page_flip:1
modeset_draw_dev fd:3 dev:0xaaaacbe5c450
  drmWaitVBlank success. wait event...
#>>> modeset_draw before select(fd) cur:1626159443057973...
  after select time :1626159443057987 ret:1
modeset_vblank_event fd:3 sequence:29272 tv_sec:87359 tv_usec:523640 user_data:0xaaaacbe5c450
  front_buf:1 use_vblank_rather_than_page_flip:1
modeset_draw_dev fd:3 dev:0xaaaacbe5c450
  drmWaitVBlank success. wait event...
#>>> modeset_draw before select(fd) cur:1626159443063322...
  after select time :1626159443063338 ret:1
modeset_vblank_event fd:3 sequence:29272 tv_sec:87359 tv_usec:523640 user_data:0xaaaacbe5c450
  front_buf:0 use_vblank_rather_than_page_flip:1
modeset_draw_dev fd:3 dev:0xaaaacbe5c450
  drmWaitVBlank success. wait event...
#>>> modeset_draw before select(fd) cur:1626159443068695...
  after select time :1626159443068710 ret:1
modeset_vblank_event fd:3 sequence:29273 tv_sec:87359 tv_usec:540312 user_data:0xaaaacbe5c450
  front_buf:1 use_vblank_rather_than_page_flip:1
modeset_draw_dev fd:3 dev:0xaaaacbe5c450
  drmWaitVBlank success. wait event...
#>>> modeset_draw before select(fd) cur:1626159443074132...
  after select time :1626159443074149 ret:1
modeset_vblank_event fd:3 sequence:29273 tv_sec:87359 tv_usec:540312 user_data:0xaaaacbe5c450
  front_buf:0 use_vblank_rather_than_page_flip:1
modeset_draw_dev fd:3 dev:0xaaaacbe5c450
  drmWaitVBlank success. wait event...
#>>> modeset_draw before select(fd) cur:1626159443079683...
  after select time :1626159443079702 ret:1
modeset_vblank_event fd:3 sequence:29273 tv_sec:87359 tv_usec:540312 user_data:0xaaaacbe5c450
  front_buf:1 use_vblank_rather_than_page_flip:1
modeset_draw_dev fd:3 dev:0xaaaacbe5c450
  drmWaitVBlank success. wait event...
#>>> modeset_draw before select(fd) cur:1626159443085008...
  after select time :1626159443085023 ret:1
modeset_vblank_event fd:3 sequence:29274 tv_sec:87359 tv_usec:556975 user_data:0xaaaacbe5c450
  front_buf:0 use_vblank_rather_than_page_flip:1
modeset_draw_dev fd:3 dev:0xaaaacbe5c450
  drmWaitVBlank success. wait event...
#>>> modeset_draw before select(fd) cur:1626159443090465...
  after select time :1626159443090482 ret:1
modeset_vblank_event fd:3 sequence:29274 tv_sec:87359 tv_usec:556975 user_data:0xaaaacbe5c450
  front_buf:1 use_vblank_rather_than_page_flip:1
modeset_draw_dev fd:3 dev:0xaaaacbe5c450
  drmWaitVBlank success. wait event...
#>>> modeset_draw before select(fd) cur:1626159443095799...
  after select time :1626159443095813 ret:1
modeset_vblank_event fd:3 sequence:29274 tv_sec:87359 tv_usec:556975 user_data:0xaaaacbe5c450
  front_buf:0 use_vblank_rather_than_page_flip:1
modeset_draw_dev fd:3 dev:0xaaaacbe5c450
  drmWaitVBlank success. wait event...
#>>> modeset_draw before select(fd) cur:1626159443101127...
  after select time :1626159443101142 ret:1
modeset_vblank_event fd:3 sequence:29275 tv_sec:87359 tv_usec:573639 user_data:0xaaaacbe5c450
  front_buf:1 use_vblank_rather_than_page_flip:1
modeset_draw_dev fd:3 dev:0xaaaacbe5c450
  drmWaitVBlank success. wait event...
#>>> modeset_draw before select(fd) cur:1626159443106514...
  after select time :1626159443106530 ret:1
modeset_vblank_event fd:3 sequence:29275 tv_sec:87359 tv_usec:573639 user_data:0xaaaacbe5c450
  front_buf:0 use_vblank_rather_than_page_flip:1
modeset_draw_dev fd:3 dev:0xaaaacbe5c450
  drmWaitVBlank success. wait event...
#>>> modeset_draw before select(fd) cur:1626159443111939...
  after select time :1626159443111955 ret:1
modeset_vblank_event fd:3 sequence:29275 tv_sec:87359 tv_usec:573639 user_data:0xaaaacbe5c450
  front_buf:1 use_vblank_rather_than_page_flip:1
modeset_draw_dev fd:3 dev:0xaaaacbe5c450
  drmWaitVBlank success. wait event...
#>>> modeset_draw before select(fd) cur:1626159443117454...
  after select time :1626159443117472 ret:1
modeset_vblank_event fd:3 sequence:29276 tv_sec:87359 tv_usec:590311 user_data:0xaaaacbe5c450
  front_buf:0 use_vblank_rather_than_page_flip:1
modeset_draw_dev fd:3 dev:0xaaaacbe5c450
  drmWaitVBlank success. wait event...
#>>> modeset_draw before select(fd) cur:1626159443122839...
  after select time :1626159443122856 ret:1
modeset_vblank_event fd:3 sequence:29276 tv_sec:87359 tv_usec:590311 user_data:0xaaaacbe5c450
  front_buf:1 use_vblank_rather_than_page_flip:1
modeset_draw_dev fd:3 dev:0xaaaacbe5c450
  drmWaitVBlank success. wait event...
#>>> modeset_draw before select(fd) cur:1626159443128178...
  after select time :1626159443128192 ret:1
modeset_vblank_event fd:3 sequence:29276 tv_sec:87359 tv_usec:590311 user_data:0xaaaacbe5c450
  front_buf:0 use_vblank_rather_than_page_flip:1
modeset_draw_dev fd:3 dev:0xaaaacbe5c450
  drmWaitVBlank success. wait event...
#>>> modeset_draw before select(fd) cur:1626159443133547...
  after select time :1626159443133562 ret:1
modeset_vblank_event fd:3 sequence:29277 tv_sec:87359 tv_usec:606973 user_data:0xaaaacbe5c450
  front_buf:1 use_vblank_rather_than_page_flip:1
modeset_draw_dev fd:3 dev:0xaaaacbe5c450
  drmWaitVBlank success. wait event...
#>>> modeset_draw before select(fd) cur:1626159443138896...
  after select time :1626159443138911 ret:1
modeset_vblank_event fd:3 sequence:29277 tv_sec:87359 tv_usec:606973 user_data:0xaaaacbe5c450
  front_buf:0 use_vblank_rather_than_page_flip:1
modeset_draw_dev fd:3 dev:0xaaaacbe5c450
  drmWaitVBlank success. wait event...
#>>> modeset_draw before select(fd) cur:1626159443144229...
  after select time :1626159443144244 ret:1
modeset_vblank_event fd:3 sequence:29277 tv_sec:87359 tv_usec:606973 user_data:0xaaaacbe5c450
  front_buf:1 use_vblank_rather_than_page_flip:1
modeset_draw_dev fd:3 dev:0xaaaacbe5c450
  drmWaitVBlank success. wait event...
#>>> modeset_draw before select(fd) cur:1626159443149642...
  after select time :1626159443149658 ret:1
modeset_vblank_event fd:3 sequence:29278 tv_sec:87359 tv_usec:623645 user_data:0xaaaacbe5c450
  front_buf:0 use_vblank_rather_than_page_flip:1
modeset_draw_dev fd:3 dev:0xaaaacbe5c450
  drmWaitVBlank success. wait event...
#>>> modeset_draw before select(fd) cur:1626159443155061...
  after select time :1626159443155077 ret:1
modeset_vblank_event fd:3 sequence:29278 tv_sec:87359 tv_usec:623645 user_data:0xaaaacbe5c450
  front_buf:1 use_vblank_rather_than_page_flip:1
modeset_draw_dev fd:3 dev:0xaaaacbe5c450
  drmWaitVBlank success. wait event...
#>>> modeset_draw before select(fd) cur:1626159443160654...
  after select time :1626159443160674 ret:1
modeset_vblank_event fd:3 sequence:29278 tv_sec:87359 tv_usec:623645 user_data:0xaaaacbe5c450
  front_buf:0 use_vblank_rather_than_page_flip:1
modeset_draw_dev fd:3 dev:0xaaaacbe5c450
  drmWaitVBlank success. wait event...
#>>> modeset_draw before select(fd) cur:1626159443166006...
  after select time :1626159443166021 ret:1
modeset_vblank_event fd:3 sequence:29278 tv_sec:87359 tv_usec:623645 user_data:0xaaaacbe5c450
  front_buf:1 use_vblank_rather_than_page_flip:1
modeset_draw_dev fd:3 dev:0xaaaacbe5c450
  drmWaitVBlank success. wait event...
#>>> modeset_draw before select(fd) cur:1626159443171344...
  after select time :1626159443171359 ret:1
modeset_vblank_event fd:3 sequence:29279 tv_sec:87359 tv_usec:640306 user_data:0xaaaacbe5c450
  front_buf:0 use_vblank_rather_than_page_flip:1
modeset_draw_dev fd:3 dev:0xaaaacbe5c450
  drmWaitVBlank success. wait event...
#>>> modeset_draw before select(fd) cur:1626159443176679...
  after select time :1626159443176694 ret:1
modeset_vblank_event fd:3 sequence:29279 tv_sec:87359 tv_usec:640306 user_data:0xaaaacbe5c450
  front_buf:1 use_vblank_rather_than_page_flip:1
modeset_draw_dev fd:3 dev:0xaaaacbe5c450
  drmWaitVBlank success. wait event...
#>>> modeset_draw before select(fd) cur:1626159443182032...
  after select time :1626159443182047 ret:1
modeset_vblank_event fd:3 sequence:29279 tv_sec:87359 tv_usec:640306 user_data:0xaaaacbe5c450
  front_buf:0 use_vblank_rather_than_page_flip:1
modeset_draw_dev fd:3 dev:0xaaaacbe5c450
  drmWaitVBlank success. wait event...
#>>> modeset_draw before select(fd) cur:1626159443187429...
  after select time :1626159443187444 ret:1
modeset_vblank_event fd:3 sequence:29280 tv_sec:87359 tv_usec:656972 user_data:0xaaaacbe5c450
  front_buf:1 use_vblank_rather_than_page_flip:1
modeset_draw_dev fd:3 dev:0xaaaacbe5c450
  drmWaitVBlank success. wait event...
#>>> modeset_draw before select(fd) cur:1626159443192841...
  after select time :1626159443192857 ret:1
modeset_vblank_event fd:3 sequence:29280 tv_sec:87359 tv_usec:656972 user_data:0xaaaacbe5c450
  front_buf:0 use_vblank_rather_than_page_flip:1
modeset_draw_dev fd:3 dev:0xaaaacbe5c450
  drmWaitVBlank success. wait event...
#>>> modeset_draw before select(fd) cur:1626159443198364...
  after select time :1626159443198382 ret:1
modeset_vblank_event fd:3 sequence:29280 tv_sec:87359 tv_usec:656972 user_data:0xaaaacbe5c450
  front_buf:1 use_vblank_rather_than_page_flip:1
modeset_draw_dev fd:3 dev:0xaaaacbe5c450
  drmWaitVBlank success. wait event...
#>>> modeset_draw before select(fd) cur:1626159443203690...
  after select time :1626159443203706 ret:1
modeset_vblank_event fd:3 sequence:29281 tv_sec:87359 tv_usec:673647 user_data:0xaaaacbe5c450
  front_buf:0 use_vblank_rather_than_page_flip:1
modeset_draw_dev fd:3 dev:0xaaaacbe5c450
  drmWaitVBlank success. wait event...
#>>> modeset_draw before select(fd) cur:1626159443209052...
  after select time :1626159443209068 ret:1
modeset_vblank_event fd:3 sequence:29281 tv_sec:87359 tv_usec:673647 user_data:0xaaaacbe5c450
  front_buf:1 use_vblank_rather_than_page_flip:1
modeset_draw_dev fd:3 dev:0xaaaacbe5c450
  drmWaitVBlank success. wait event...
#>>> modeset_draw before select(fd) cur:1626159443214399...
  after select time :1626159443214413 ret:1
modeset_vblank_event fd:3 sequence:29281 tv_sec:87359 tv_usec:673647 user_data:0xaaaacbe5c450
  front_buf:0 use_vblank_rather_than_page_flip:1
modeset_draw_dev fd:3 dev:0xaaaacbe5c450
  drmWaitVBlank success. wait event...
#>>> modeset_draw before select(fd) cur:1626159443219729...
  after select time :1626159443219745 ret:1
modeset_vblank_event fd:3 sequence:29282 tv_sec:87359 tv_usec:690307 user_data:0xaaaacbe5c450
  front_buf:1 use_vblank_rather_than_page_flip:1
modeset_draw_dev f
