modeset_draw(fd:3)
modeset_draw_dev fd:3 dev:0xaaaaeed3c450
  drmWaitVBlank success. wait event...
#>>> modeset_draw before select(fd) cur:1626158025566383...
  after select time :1626158025566422 ret:1
modeset_vblank_event fd:3 sequence:28661 tv_sec:85942 tv_usec:33631 user_data:0xaaaaeed3c450
  front_buf:1 use_vblank_rather_than_page_flip:1
###########set crtc竟然会同步block住
  before drmModeSetCrtc:1626158025566448...
###########按此时推算后续vsync：5576.138,5592.804666666667,5609.471333333334,5626.138000000001,5642.804666666668,5659.471333333335,5676.138000000002,5692.804666666669,5709.471333333336,5726.138000000003,5742.80466666667,5759.471333333337,5776.138000000004,5792.8046666666705,5809.4713333333375,5826.1380000000045,5842.804666666671,5859.471333333338,5876.138000000005,5892.804666666672,5909.471333333339,5926.138000000006,5942.804666666673,5959.47133333334,5976.138000000007,5992.804666666674
###########都符合。即每次drmModeSetCrtc会block至下次vsync时才完成
  after drmModeSetCrtc:1626158025576138...
  drmModeSetCrtc done
modeset_draw_dev fd:3 dev:0xaaaaeed3c450
  drmWaitVBlank success. wait event...
#>>> modeset_draw before select(fd) cur:1626158025581597...
  after select time :1626158025581618 ret:1
modeset_vblank_event fd:3 sequence:28662 tv_sec:85942 tv_usec:50298 user_data:0xaaaaeed3c450
  front_buf:0 use_vblank_rather_than_page_flip:1
  before drmModeSetCrtc:1626158025581630...
  after drmModeSetCrtc:1626158025592820...
  drmModeSetCrtc done
modeset_draw_dev fd:3 dev:0xaaaaeed3c450
  drmWaitVBlank success. wait event...
#>>> modeset_draw before select(fd) cur:1626158025598533...
  after select time :1626158025598561 ret:1
modeset_vblank_event fd:3 sequence:28663 tv_sec:85942 tv_usec:66967 user_data:0xaaaaeed3c450
  front_buf:1 use_vblank_rather_than_page_flip:1
  before drmModeSetCrtc:1626158025598577...
  after drmModeSetCrtc:1626158025609481...
  drmModeSetCrtc done
modeset_draw_dev fd:3 dev:0xaaaaeed3c450
  drmWaitVBlank success. wait event...
#>>> modeset_draw before select(fd) cur:1626158025615562...
  after select time :1626158025615586 ret:1
modeset_vblank_event fd:3 sequence:28664 tv_sec:85942 tv_usec:83635 user_data:0xaaaaeed3c450
  front_buf:0 use_vblank_rather_than_page_flip:1
  before drmModeSetCrtc:1626158025615599...
  after drmModeSetCrtc:1626158025626139...
  drmModeSetCrtc done
modeset_draw_dev fd:3 dev:0xaaaaeed3c450
  drmWaitVBlank success. wait event...
#>>> modeset_draw before select(fd) cur:1626158025631606...
  after select time :1626158025631627 ret:1
modeset_vblank_event fd:3 sequence:28665 tv_sec:85942 tv_usec:100299 user_data:0xaaaaeed3c450
  front_buf:1 use_vblank_rather_than_page_flip:1
  before drmModeSetCrtc:1626158025631640...
  after drmModeSetCrtc:1626158025642820...
  drmModeSetCrtc done
modeset_draw_dev fd:3 dev:0xaaaaeed3c450
  drmWaitVBlank success. wait event...
#>>> modeset_draw before select(fd) cur:1626158025648896...
  after select time :1626158025648921 ret:1
modeset_vblank_event fd:3 sequence:28666 tv_sec:85942 tv_usec:116969 user_data:0xaaaaeed3c450
  front_buf:0 use_vblank_rather_than_page_flip:1
  before drmModeSetCrtc:1626158025648934...
  after drmModeSetCrtc:1626158025659489...
  drmModeSetCrtc done
modeset_draw_dev fd:3 dev:0xaaaaeed3c450
  drmWaitVBlank success. wait event...
#>>> modeset_draw before select(fd) cur:1626158025665342...
  after select time :1626158025665369 ret:1
modeset_vblank_event fd:3 sequence:28667 tv_sec:85942 tv_usec:133637 user_data:0xaaaaeed3c450
  front_buf:1 use_vblank_rather_than_page_flip:1
  before drmModeSetCrtc:1626158025665386...
  after drmModeSetCrtc:1626158025676143...
  drmModeSetCrtc done
modeset_draw_dev fd:3 dev:0xaaaaeed3c450
  drmWaitVBlank success. wait event...
#>>> modeset_draw before select(fd) cur:1626158025681463...
  after select time :1626158025681482 ret:1
modeset_vblank_event fd:3 sequence:28668 tv_sec:85942 tv_usec:150299 user_data:0xaaaaeed3c450
  front_buf:0 use_vblank_rather_than_page_flip:1
  before drmModeSetCrtc:1626158025681493...
  after drmModeSetCrtc:1626158025692813...
  drmModeSetCrtc done
modeset_draw_dev fd:3 dev:0xaaaaeed3c450
  drmWaitVBlank success. wait event...
#>>> modeset_draw before select(fd) cur:1626158025700979...
  after select time :1626158025701020 ret:1
modeset_vblank_event fd:3 sequence:28669 tv_sec:85942 tv_usec:166968 user_data:0xaaaaeed3c450
  front_buf:1 use_vblank_rather_than_page_flip:1
  before drmModeSetCrtc:1626158025701044...
  after drmModeSetCrtc:1626158025709514...
  drmModeSetCrtc done
modeset_draw_dev fd:3 dev:0xaaaaeed3c450
  drmWaitVBlank success. wait event...
#>>> modeset_draw before select(fd) cur:1626158025715119...
  after select time :1626158025715139 ret:1
modeset_vblank_event fd:3 sequence:28670 tv_sec:85942 tv_usec:183642 user_data:0xaaaaeed3c450
  front_buf:0 use_vblank_rather_than_page_flip:1
  before drmModeSetCrtc:1626158025715244...
  after drmModeSetCrtc:1626158025726147...
  drmModeSetCrtc done
modeset_draw_dev fd:3 dev:0xaaaaeed3c450
  drmWaitVBlank success. wait event...
#>>> modeset_draw before select(fd) cur:1626158025731816...
  after select time :1626158025731841 ret:1
modeset_vblank_event fd:3 sequence:28671 tv_sec:85942 tv_usec:200301 user_data:0xaaaaeed3c450
  front_buf:1 use_vblank_rather_than_page_flip:1
  before drmModeSetCrtc:1626158025731853...
  after drmModeSetCrtc:1626158025742822...
  drmModeSetCrtc done
modeset_draw_dev fd:3 dev:0xaaaaeed3c450
  drmWaitVBlank success. wait event...
#>>> modeset_draw before select(fd) cur:1626158025748887...
  after select time :1626158025748916 ret:1
modeset_vblank_event fd:3 sequence:28672 tv_sec:85942 tv_usec:216971 user_data:0xaaaaeed3c450
  front_buf:0 use_vblank_rather_than_page_flip:1
  before drmModeSetCrtc:1626158025748934...
  after drmModeSetCrtc:1626158025759476...
  drmModeSetCrtc done
modeset_draw_dev fd:3 dev:0xaaaaeed3c450
  drmWaitVBlank success. wait event...
#>>> modeset_draw before select(fd) cur:1626158025767530...
  after select time :1626158025767570 ret:1
modeset_vblank_event fd:3 sequence:28673 tv_sec:85942 tv_usec:233636 user_data:0xaaaaeed3c450
  front_buf:1 use_vblank_rather_than_page_flip:1
  before drmModeSetCrtc:1626158025767592...
  after drmModeSetCrtc:1626158025776178...
  drmModeSetCrtc done
modeset_draw_dev fd:3 dev:0xaaaaeed3c450
  drmWaitVBlank success. wait event...
#>>> modeset_draw before select(fd) cur:1626158025782401...
  after select time :1626158025782419 ret:1
modeset_vblank_event fd:3 sequence:28674 tv_sec:85942 tv_usec:250311 user_data:0xaaaaeed3c450
  front_buf:0 use_vblank_rather_than_page_flip:1
  before drmModeSetCrtc:1626158025782429...
  after drmModeSetCrtc:1626158025792818...
  drmModeSetCrtc done
modeset_draw_dev fd:3 dev:0xaaaaeed3c450
  drmWaitVBlank success. wait event...
#>>> modeset_draw before select(fd) cur:1626158025798218...
  after select time :1626158025798237 ret:1
modeset_vblank_event fd:3 sequence:28675 tv_sec:85942 tv_usec:266972 user_data:0xaaaaeed3c450
  front_buf:1 use_vblank_rather_than_page_flip:1
  before drmModeSetCrtc:1626158025798249...
  after drmModeSetCrtc:1626158025809483...
  drmModeSetCrtc done
modeset_draw_dev fd:3 dev:0xaaaaeed3c450
  drmWaitVBlank success. wait event...
#>>> modeset_draw before select(fd) cur:1626158025817763...
  after select time :1626158025817803 ret:1
modeset_vblank_event fd:3 sequence:28676 tv_sec:85942 tv_usec:283638 user_data:0xaaaaeed3c450
  front_buf:0 use_vblank_rather_than_page_flip:1
  before drmModeSetCrtc:1626158025817849...
  after drmModeSetCrtc:1626158025826142...
  drmModeSetCrtc done
modeset_draw_dev fd:3 dev:0xaaaaeed3c450
  drmWaitVBlank success. wait event...
#>>> modeset_draw before select(fd) cur:1626158025831658...
  after select time :1626158025831680 ret:1
modeset_vblank_event fd:3 sequence:28677 tv_sec:85942 tv_usec:300304 user_data:0xaaaaeed3c450
  front_buf:1 use_vblank_rather_than_page_flip:1
  before drmModeSetCrtc:1626158025831692...
  after drmModeSetCrtc:1626158025842815...
  drmModeSetCrtc done
modeset_draw_dev fd:3 dev:0xaaaaeed3c450
  drmWaitVBlank success. wait event...
#>>> modeset_draw before select(fd) cur:1626158025848583...
  after select time :1626158025848606 ret:1
modeset_vblank_event fd:3 sequence:28678 tv_sec:85942 tv_usec:316972 user_data:0xaaaaeed3c450
  front_buf:0 use_vblank_rather_than_page_flip:1
  before drmModeSetCrtc:1626158025848618...
  after drmModeSetCrtc:1626158025859512...
  drmModeSetCrtc done
modeset_draw_dev fd:3 dev:0xaaaaeed3c450
  drmWaitVBlank success. wait event...
#>>> modeset_draw before select(fd) cur:1626158025865052...
  after select time :1626158025865074 ret:1
modeset_vblank_event fd:3 sequence:28679 tv_sec:85942 tv_usec:333672 user_data:0xaaaaeed3c450
  front_buf:1 use_vblank_rather_than_page_flip:1
  before drmModeSetCrtc:1626158025865086...
  after drmModeSetCrtc:1626158025876145...
  drmModeSetCrtc done
modeset_draw_dev fd:3 dev:0xaaaaeed3c450
  drmWaitVBlank success. wait event...
#>>> modeset_draw before select(fd) cur:1626158025884122...
  after select time :1626158025884162 ret:1
modeset_vblank_event fd:3 sequence:28680 tv_sec:85942 tv_usec:350304 user_data:0xaaaaeed3c450
  front_buf:0 use_vblank_rather_than_page_flip:1
  before drmModeSetCrtc:1626158025884183...
  after drmModeSetCrtc:1626158025892845...
  drmModeSetCrtc done
modeset_draw_dev fd:3 dev:0xaaaaeed3c450
  drmWaitVBlank success. wait event...
#>>> modeset_draw before select(fd) cur:1626158025898758...
  after select time :1626158025898775 ret:1
modeset_vblank_event fd:3 sequence:28681 tv_sec:85942 tv_usec:366979 user_data:0xaaaaeed3c450
  front_buf:1 use_vblank_rather_than_page_flip:1
  before drmModeSetCrtc:1626158025898786...
  after drmModeSetCrtc:1626158025909490...
  drmModeSetCrtc done
modeset_draw_dev fd:3 dev:0xaaaaeed3c450
  drmWaitVBlank success. wait event...
#>>> modeset_draw before select(fd) cur:1626158025914924...
  after select time :1626158025914944 ret:1
modeset_vblank_event fd:3 sequence:28682 tv_sec:85942 tv_usec:383644 user_data:0xaaaaeed3c450
  front_buf:0 use_vblank_rather_than_page_flip:1
  before drmModeSetCrtc:1626158025914955...
  after drmModeSetCrtc:1626158025926154...
  drmModeSetCrtc done
modeset_draw_dev fd:3 dev:0xaaaaeed3c450
  drmWaitVBlank success. wait event...
#>>> modeset_draw before select(fd) cur:1626158025932967...
  after select time :1626158025932998 ret:1
modeset_vblank_event fd:3 sequence:28683 tv_sec:85942 tv_usec:400308 user_data:0xaaaaeed3c450
  front_buf:1 use_vblank_rather_than_page_flip:1
  before drmModeSetCrtc:1626158025933014...
  after drmModeSetCrtc:1626158025942812...
  drmModeSetCrtc done
modeset_draw_dev fd:3 dev:0xaaaaeed3c450
  drmWaitVBlank success. wait event...
#>>> modeset_draw before select(fd) cur:1626158025948323...
  after select time :1626158025948345 ret:1
modeset_vblank_event fd:3 sequence:28684 tv_sec:85942 tv_usec:416974 user_data:0xaaaaeed3c450
  front_buf:0 use_vblank_rather_than_page_flip:1
  before drmModeSetCrtc:1626158025948357...
  after drmModeSetCrtc:1626158025959480...
  drmModeSetCrtc done
modeset_draw_dev fd:3 dev:0xaaaaeed3c450
  drmWaitVBlank success. wait event...
#>>> modeset_draw before select(fd) cur:1626158025967617...
  after select time :1626158025967656 ret:1
modeset_vblank_event fd:3 sequence:28685 tv_sec:85942 tv_usec:433640 user_data:0xaaaaeed3c450
  front_buf:1 use_vblank_rather_than_page_flip:1
  before drmModeSetCrtc:1626158025967677...
  after drmModeSetCrtc:1626158025976183...
  drmModeSetCrtc done
modeset_draw_dev fd:3 dev:0xaaaaeed3c450
  drmWaitVBlank success. wait event...
#>>> modeset_draw before select(fd) cur:1626158025982351...
  after select time :1626158025982368 ret:1
modeset_vblank_event fd:3 sequence:28686 tv_sec:85942 tv_usec:450316 user_data:0xaaaaeed3c450
  front_buf:0 use_vblank_rather_than_page_flip:1
  before drmModeSetCrtc:1626158025982378...
  after drmModeSetCrtc:1626158025992822...
  drmModeSetCrtc done
modeset_draw_dev fd:3 dev:0xaaaaeed3c450
  drmWaitVBlank success. wait event...
#>>> modeset_draw before select(fd) cur:1626158025998217...
  after select time :1626158025998236 ret:1
modeset_vblank_event fd:3 sequence:28687 tv_sec:85942 tv_usec:466975 user_data:0xaaaaeed3c450
  front_buf:1 use_vblank_rather_than_page_flip:1
  before drmModeSetCrtc:1626158025998247...
  after drmModeSetCrtc:1626158026009491...
  drmModeSetCrtc done
modeset_draw_dev fd:3 dev:0xaaaaeed3c450
  drmWaitVBlank success. wait event...
#>>> modeset_draw before select(fd) cur:1626158026017429...
  after select time :1626158026017470 ret:1
modeset_vblank_event fd:3 sequence:28688 tv_sec:85942 tv_usec:483645 user_data:0xaaaaeed3c450
  front_buf:0 use_vblank_rather_than_page_flip:1
  before drmModeSetCrtc:1626158026017492...
  after drmModeSetCrtc:1626158026026148...
  drmModeSetCrtc done
modeset_draw_dev fd:3 dev:0xaaaaeed3c450
  drmWaitVBlank success. wait event...
#>>> modeset_draw before select(fd) cur:1626158026031751...
  after select time :1626158026031774 ret:1
modeset_vblank_event fd:3 sequence:28689 tv_sec:85942 tv_usec:500309 user_data:0xaaaaeed3c450
  front_buf:1 use_vblank_rather_than_page_flip:1
  before drmModeSetCrtc:1626158026031787...
  after drmModeSetCrtc:1626158026042815...
  drmModeSetCrtc done
modeset_draw_dev fd:3 dev:0xaaaaeed3c450
  drmWaitVBlank success. wait event...
#>>> modeset_draw before select(fd) cur:1626158026050908...
  after select time :1626158026050948 ret:1
modeset_vblank_event fd:3 sequence:28690 tv_sec:85942 tv_usec:516975 user_data:0xaaaaeed3c450
  front_buf:0 use_vblank_rather_than_page_flip:1
  before drmModeSetCrtc:1626158026050968...
  after drmModeSetCrtc:1626158026059523...
  drmModeSetCrtc done
modeset_draw_dev fd:3 dev:0xaaaaeed3c450
  drmWaitVBlank success. wait event...
#>>> modeset_draw before select(fd) cur:1626158026065380...
  after select time :1626158026065397 ret:1
modeset_vblank_event fd:3 sequence:28691 tv_sec:85942 tv_usec:533651 user_data:0xaaaaeed3c450
  front_buf:1 use_vblank_rather_than_page_flip:1
  before drmModeSetCrtc:1626158026065407...
  after drmModeSetCrtc:1626158026076162...
  drmModeSetCrtc done
modeset_draw_dev fd:3 dev:0xaaaaeed3c450
  drmWaitVBlank success. wait event...
#>>> modeset_draw before select(fd) cur:1626158026082012...
  after select time :1626158026082038 ret:1
modeset_vblank_event fd:3 sequence:28692 tv_sec:85942 tv_usec:550313 user_data:0xaaaaeed3c450
  front_buf:0 use_vblank_rather_than_page_flip:1
  before drmModeSetCrtc:1626158026082055...
  after drmModeSetCrtc:1626158026092827...
  drmModeSetCrtc done
modeset_draw_dev fd:3 dev:0xaaaaeed3c450
  drmWaitVBlank success. wait event...
#>>> modeset_draw before select(fd) cur:1626158026098873...
  after select time :1626158026098898 ret:1
modeset_vblank_event fd:3 sequence:28693 tv_sec:85942 tv_usec:566980 user_data:0xaaaaeed3c450
  front_buf:1 use_vblank_rather_than_page_flip:1
  before drmModeSetCrtc:1626158026098910...
  after drmModeSetCrtc:1626158026109494...
  drmModeSetCrtc done
modeset_draw_dev fd:3 dev:0xaaaaeed3c450
  drmWaitVBlank success. wait event...
#>>> modeset_draw before select(fd) cur:1626158026114838...
  after select time :1626158026114857 ret:1
modeset_vblank_event fd:3 sequence:28694 tv_sec:85942 tv_usec:583644 user_data:0xaaaaeed3c450
  front_buf:0 use_vblank_rather_than_page_flip:1
  before drmModeSetCrtc:1626158026114869...
  after drmModeSetCrtc:1626158026126147...
  drmModeSetCrtc done
modeset_draw_dev fd:3 dev:0xaaaaeed3c450
  drmWaitVBlank success. wait event...
#>>> modeset_draw before select(fd) cur:1626158026131813...
  after select time :1626158026131836 ret:1
modeset_vblank_event fd:3 sequence:28695 tv_sec:85942 tv_usec:600310 user_data:0xaaaaeed3c450
  front_buf:1 use_vblank_rather_than_page_flip:1
  before drmModeSetCrtc:1626158026131848...
  after drmModeSetCrtc:1626158026142830...
  drmModeSetCrtc done
modeset_draw_dev fd:3 dev:0xaaaaeed3c450
  drmWaitVBlank success. wait event...
#>>> modeset_draw before select(fd) cur:1626158026148934...
  after select time :1626158026148962 ret:1
modeset_vblank_event fd:3 sequence:28696 tv_sec:85942 tv_usec:616980 user_data:0xaaaaeed3c450
  front_buf:0 use_vblank_rather_than_page_flip:1
  before drmModeSetCrtc:1626158026148979...
  after drmModeSetCrtc:1626158026159485...
  drmModeSetCrtc done
modeset_draw_dev fd:3 dev:0xaaaaeed3c450
  drmWaitVBlank success. wait event...
#>>> modeset_draw before select(fd) cur:1626158026167446...
  after select time :1626158026167485 ret:1
modeset_vblank_event fd:3 sequence:28697 tv_sec:85942 tv_usec:633645 user_data:0xaaaaeed3c450
  front_buf:1 use_vblank_rather_than_page_flip:1
  before drmModeSetCrtc:1626158026167506...
  after drmModeSetCrtc:1626158026176188...
  drmModeSetCrtc done
modeset_draw_dev fd:3 dev:0xaaaaeed3c450
  drmWaitVBlank success. wait event...
#>>> modeset_draw before select(fd) cur:1626158026182322...
  after select time :1626158026182340 ret:1
modeset_vblank_event fd:3 sequence:28698 tv_sec:85942 tv_usec:650321 user_data:0xaaaaeed3c450
  front_buf:0 use_vblank_rather_than_page_flip:1
  before drmModeSetCrtc:1626158026182483...
  after drmModeSetCrtc:1626158026192830...
  drmModeSetCrtc done
modeset_draw_dev fd:3 dev:0xaaaaeed3c450
  drmWaitVBlank success. wait event...
#>>> modeset_draw before select(fd) cur:1626158026198230...
  after select time :1626158026198249 ret:1
modeset_vblank_event fd:3 sequence:28699 tv_sec:85942 tv_usec:666983 user_data:0xaaaaeed3c450
  front_buf:1 use_vblank_rather_than_page_flip:1
  before drmModeSetCrtc:1626158026198261...
  after drmModeSetCrtc:1626158026209494...
  drmModeSetCrtc done
modeset_draw_dev fd:3 dev:0xaaaaeed3c450
  drmWaitVBlank success. wait event...
#>>> modeset_draw before select(fd) cur:1626158026217730...
  after select time :1626158026217770 ret:1
modeset_vblank_event fd:3 sequence:28700 tv_sec:85942 tv_usec:683649 user_data:0xaaaaeed3c450
  front_buf:0 use_vblank_rather_than_page_flip:1
  before drmModeSetCrtc:1626158026217791...
  after drmModeSetCrtc:1626158026226153...
  drmModeSetCrtc done
modeset_draw_dev fd:3 dev:0xaaaaeed3c450
  drmWaitVBlank success. wait event...
#>>> modeset_draw before select(fd) cur:1626158026231718...
  after select time :1626158026231739 ret:1
modeset_vblank_event fd:3 sequence:28701 tv_sec:85942 tv_usec:700314 user_data:0xaaaaeed3c450
  front_buf:1 use_vblank_rather_than_page_flip:1
  before drmModeSetCrtc:1626158026231752...
  after drmModeSetCrtc:1626158026242823...
  drmModeSetCrtc done
modeset_draw_dev fd:3 dev:0xaaaaeed3c450
  drmWaitVBlank success. wait event...
#>>> modeset_draw before select(fd) cur:1626158026251028...
  after select time :1626158026251067 ret:1
modeset_vblank_event fd:3 sequence:28702 tv_sec:85942 tv_usec:716981 user_data:0xaaaaeed3c450
  front_buf:0 use_vblank_rather_than_page_flip:1
  before drmModeSetCrtc:1626158026251088...
  after drmModeSetCrtc:1626158026259486...
  drmModeSetCrtc done
modeset_draw_dev fd:3 dev:0xaaaaeed3c450
  drmWaitVBlank success. wait event...
#>>> modeset_draw before select(fd) cur:1626158026264906...
  after select time :1626158026264928 ret:1
modeset_vblank_event fd:3 sequence:28703 tv_sec:85942 tv_usec:733648 user_data:0xaaaaeed3c450
  front_buf:1 use_vblank_rather_than_page_flip:1
  before drmModeSetCrtc:1626158026264939...
  after drmModeSetCrtc:1626158026276170...
  drmModeSetCrtc done
modeset_draw_dev fd:3 dev:0xaaaaeed3c450
  drmWaitVBlank success. wait event...
#>>> modeset_draw before select(fd) cur:1626158026283085...
  after select time :1626158026283121 ret:1
modeset_vblank_event fd:3 sequence:28704 tv_sec:85942 tv_usec:750315 user_data:0xaaaaeed3c450
  front_buf:0 use_vblank_rather_than_page_flip:1
  before drmModeSetCrtc:1626158026283142...
  after drmModeSetCrtc:1626158026292845...
  drmModeSetCrtc done
modeset_draw_dev fd:3 dev:0xaaaaeed3c450
  drmWaitVBlank success. wait event...
#>>> modeset_draw before select(fd) cur:1626158026299255...
  after select time :1626158026299280 ret:1
modeset_vblank_event fd:3 sequence:28705 tv_sec:85942 tv_usec:766988 user_data:0xaaaaeed3c450
  front_buf:1 use_vblank_rather_than_page_flip:1
  before drmModeSetCrtc:1626158026299292...
  after drmModeSetCrtc:1626158026309499...
  drmModeSetCrtc done
modeset_draw_dev fd:3 dev:0xaaaaeed3c450
  drmWaitVBlank success. wait event...
#>>> modeset_draw before select(fd) cur:1626158026314891...
  after select time :1626158026314911 ret:1
modeset_vblank_event fd:3 sequence:28706 tv_sec:85942 tv_usec:783649 user_data:0xaaaaeed3c450
  front_buf:0 use_vblank_rather_than_page_flip:1
  before drmModeSetCrtc:1626158026314922...
  after drmModeSetCrtc:1626158026326152...
  drmModeSetCrtc done
modeset_draw_dev fd:3 dev:0xaaaaeed3c450
  drmWaitVBlank success. wait event...
#>>> modeset_draw before select(fd) cur:1626158026331829...
  after select time :1626158026331852 ret:1
modeset_vblank_event fd:3 sequence:28707 tv_sec:85942 tv_usec:800316 user_data:0xaaaaeed3c450
  front_buf:1 use_vblank_rather_than_page_flip:1
  before drmModeSetCrtc:1626158026331865...
  after drmModeSetCrtc:1626158026342835...
  drmModeSetCrtc done
modeset_draw_dev fd:3 dev:0xaaaaeed3c450
  drmWaitVBlank success. wait event...
#>>> modeset_draw before select(fd) cur:1626158026349090...
  after select time :1626158026349122 ret:1
modeset_vblank_event fd:3 sequence:28708 tv_sec:85942 tv_usec:816985 user_data:0xaaaaeed3c450
  front_buf:0 use_vblank_rather_than_page_flip:1
  before drmModeSetCrtc:1626158026349139...
  after drmModeSetCrtc:1626158026359490...
  drmModeSetCrtc done
modeset_draw_dev fd:3 dev:0xaaaaeed3c450
  drmWaitVBlank success. wait event...
#>>> modeset_draw before select(fd) cur:1626158026367430...
  after select time :1626158026367468 ret:1
modeset_vblank_event fd:3 sequence:28709 tv_sec:85942 tv_usec:833651 user_data:0xaaaaeed3c450
  front_buf:1 use_vblank_rather_than_page_flip:1
  before drmModeSetCrtc:1626158026367489...
  after drmModeSetCrtc:1626158026376194...
  drmModeSetCrtc done
modeset_draw_dev fd:3 dev:0xaaaaeed3c450
  drmWaitVBlank success. wait event...
#>>> modeset_draw before select(fd) cur:1626158026382339...
  after select time :1626158026382356 ret:1
modeset_vblank_event fd:3 sequence:28710 tv_sec:85942 tv_usec:850326 user_data:0xaaaaeed3c450
  front_buf:0 use_vblank_rather_than_page_flip:1
  before drmModeSetCrtc:1626158026382366...
  after drmModeSetCrtc:1626158026392877...
  drmModeSetCrtc done
modeset_draw_dev fd:3 dev:0xaaaaeed3c450
  drmWaitVBlank success. wait event...
#>>> modeset_draw before select(fd) cur:1626158026398273...
  after select time :1626158026398292 ret:1
modeset_vblank_event fd:3 sequence:28711 tv_sec:85942 tv_usec:866986 user_data:0xaaaaeed3c450
  front_buf:1 use_vblank_rather_than_page_flip:1
  before drmModeSetCrtc:1626158026398304...
  after drmModeSetCrtc:1626158026409500...
  drmModeSetCrtc done
modeset_draw_dev fd:3 dev:0xaaaaeed3c450
  drmWaitVBlank success. wait event...
#>>> modeset_draw before select(fd) cur:1626158026417753...
  after select time :1626158026417793 ret:1
modeset_vblank_event fd:3 sequence:28712 tv_sec:85942 tv_usec:883654 user_data:0xaaaaeed3c450
  front_buf:0 use_vblank_rather_than_page_flip:1
  before drmModeSetCrtc:1626158026417814...
  after drmModeSetCrtc:1626158026426158...
  drmModeSetCrtc done
modeset_draw_dev fd:3 dev:0xaaaaeed3c450
  drmWaitVBlank success. wait event...
#>>> modeset_draw before select(fd) cur:1626158026431672...
  after select time :1626158026431693 ret:1
modeset_vblank_event fd:3 sequence:28713 tv_sec:85942 tv_usec:900320 user_data:0xaaaaeed3c450
  front_buf:1 use_vblank_rather_than_page_flip:1
  before drmModeSetCrtc:1626158026431706...
  after drmModeSetCrtc:1626158026442828...
  drmModeSetCrtc done
modeset_draw_dev fd:3 dev:0xaaaaeed3c450
  drmWaitVBlank success. wait event...
#>>> modeset_draw before select(fd) cur:1626158026448357...
  after select time :1626158026448381 ret:1
modeset_vblank_event fd:3 sequence:28714 tv_sec:85942 tv_usec:916986 user_data:0xaaaaeed3c450
  front_buf:0 use_vblank_rather_than_page_flip:1
  before drmModeSetCrtc:1626158026448395...
  after drmModeSetCrtc:1626158026459506...
  drmModeSetCrtc done
modeset_draw_dev fd:3 dev:0xaaaaeed3c450
  drmWaitVBlank success. wait event...
#>>> modeset_draw before select(fd) cur:1626158026465355...
  after select time :1626158026465381 ret:1
modeset_vblank_event fd:3 sequence:28715 tv_sec:85942 tv_usec:933657 user_data:0xaaaaeed3c450
  front_buf:1 use_vblank_rather_than_page_flip:1
  before drmModeSetCrtc:1626158026465398...
  after drmModeSetCrtc:1626158026476167...
  drmModeSetCrtc done
modeset_draw_dev fd:3 dev:0xaaaaeed3c450
  drmWaitVBlank success. wait event...
#>>> modeset_draw before select(fd) cur:1626158026481491...
  after select time :1626158026481509 ret:1
modeset_vblank_event fd:3 sequence:28716 tv_sec:85942 tv_usec:950321 user_data:0xaaaaeed3c450
  front_buf:0 use_vblank_rather_than_page_flip:1
  before drmModeSetCrtc:1626158026481520...
  after drmModeSetCrtc:1626158026492834...
  drmModeSetCrtc done
modeset_draw_dev fd:3 dev:0xaaaaeed3c450
  drmWaitVBlank success. wait event...
#>>> modeset_draw before select(fd) cur:1626158026500726...
  after select time :1626158026500767 ret:1
modeset_vblank_event fd:3 sequence:28717 tv_sec:85942 tv_usec:966989 user_data:0xaaaaeed3c450
  front_buf:1 use_vblank_rather_than_page_flip:1
  before drmModeSetCrtc:1626158026500937...
  after drmModeSetCrtc:1626158026509532...
  drmModeSetCrtc done
modeset_draw_dev fd:3 dev:0xaaaaeed3c450
  drmWaitVBlank success. wait event...
#>>> modeset_draw before select(fd) cur:1626158026515158...
  after select time :1626158026515220 ret:1
modeset_vblank_event fd:3 sequence:28718 tv_sec:85942 tv_usec:983663 user_data:0xaaaaeed3c450
  front_buf:0 use_vblank_rather_than_page_flip:1
  before drmModeSetCrtc:1626158026515232...
  after drmModeSetCrtc:1626158026526163...
  drmModeSetCrtc done
modeset_draw_dev fd:3 dev:0xaaaaeed3c450
  drmWaitVBlank success. wait event...
#>>> modeset_draw before select(fd) cur:1626158026531950...
  after select time :1626158026531978 ret:1
modeset_vblank_event fd:3 sequence:28719 tv_sec:85943 tv_usec:322 user_data:0xaaaaeed3c450
  front_buf:1 use_vblank_rather_than_page_flip:1
  before drmModeSetCrtc:1626158026531992...
  after drmModeSetCrtc:1626158026542874...
  drmModeSetCrtc done
modeset_draw_dev fd:3 dev:0xaaaaeed3c450
  drmWaitVBlank success. wait event...
#>>> modeset_draw before select(fd) cur:1626158026549032...
  after select time :1626158026549059 ret:1
modeset_vblank_event fd:3 sequence:28720 tv_sec:85943 tv_usec:16994 user_data:0xaaaaeed3c450
  front_buf:0 use_vblank_rather_than_page_flip:1
  before drmModeSetCrtc:1626158026549074...
  after drmModeSetCrtc:1626158026559501...
  drmModeSetCrtc done
modeset_draw_dev fd:3 dev:0xaaaaeed3c450
  drmWaitVBlank success. wait event...
#>>> modeset_draw before select(fd) cur:1626158026567532...
  after select time :1626158026567571 ret:1
modeset_vblank_event fd:3 sequence:28721 tv_sec:85943 tv_usec:33657 user_data:0xaaaaeed3c450
  front_buf:1 use_vblank_rather_than_page_flip:1
  before drmModeSetCrtc:1626158026567592...
  after drmModeSetCrtc:1626158026576160...
  drmModeSetCrtc done
modeset_draw_dev fd:3 dev:0xaaaaeed3c450
  drmWaitVBlank success. wait event...
#>>> modeset_draw before select(fd) cur:1626158026581610...
  after select time :1626158026581631 ret:1
modeset_vblank_event fd:3 sequence:28722 tv_sec:85943 tv_usec:50323 user_data:0xaaaaeed3c450
  front_buf:0 use_vblank_rather_than_page_flip:1
  before drmModeSetCrtc:1626158026581642...
  after drmModeSetCrtc:1626158026592842...
  drmModeSetCrtc done
modeset_draw_dev fd:3 dev:0xaaaaeed3c450
  drmWaitVBlank success. wait event...
#>>> modeset_draw before select(fd) cur:1626158026598589...
  after select time :1626158026598617 ret:1
modeset_vblank_event fd:3 sequence:28723 tv_sec:85943 tv_usec:66991 user_data:0xaaaaeed3c450
  front_buf:1 use_vblank_rather_than_page_flip:1
  before drmModeSetCrtc:1626158026598634...
  after drmModeSetCrtc:1626158026609506...
  drmModeSetCrtc done
modeset_draw_dev fd:3 dev:0xaaaaeed3c450
  drmWaitVBlank success. wait event...
#>>> modeset_draw before select(fd) cur:1626158026615549...
  after select time :1626158026615573 ret:1
modeset_vblank_event fd:3 sequence:28724 tv_sec:85943 tv_usec:83660 user_data:0xaaaaeed3c450
  front_buf:0 use_vblank_rather_than_page_flip:1
  before drmModeSetCrtc:1626158026615586...
  after drmModeSetCrtc:1626158026626167...
  drmModeSetCrtc done
modeset_draw_dev fd:3 dev:0xaaaaeed3c450
  drmWaitVBlank success. wait event...
#>>> modeset_draw before select(fd) cur:1626158026631635...
  after select time :1626158026631655 ret:1
modeset_vblank_event fd:3 sequence:28725 tv_sec:85943 tv_usec:100325 user_data:0xaaaaeed3c450
  front_buf:1 use_vblank_rather_than_page_flip:1
  before drmModeSetCrtc:1626158026631667...
  after drmModeSetCrtc:1626158026642832...
  drmModeSetCrtc done
modeset_draw_dev fd:3 dev:0xaaaaeed3c450
  drmWaitVBlank success. wait event...
#>>> modeset_draw before select(fd) cur:1626158026648631...
  after select time :1626158026648655 ret:1
modeset_vblank_event fd:3 sequence:28726 tv_sec:85943 tv_usec:116991 user_data:0xaaaaeed3c450
  front_buf:0 use_vblank_rather_than_page_flip:
